#! /opt/homebrew/Cellar/icarus-verilog/13.0/bin/vvp
:ivl_version "13.0 (stable)" "(v13_0)";
:ivl_delay_selection "TYPICAL";
:vpi_time_precision - 12;
:vpi_module "/opt/homebrew/Cellar/icarus-verilog/13.0/lib/ivl/system.vpi";
:vpi_module "/opt/homebrew/Cellar/icarus-verilog/13.0/lib/ivl/vhdl_sys.vpi";
:vpi_module "/opt/homebrew/Cellar/icarus-verilog/13.0/lib/ivl/vhdl_textio.vpi";
:vpi_module "/opt/homebrew/Cellar/icarus-verilog/13.0/lib/ivl/v2005_math.vpi";
:vpi_module "/opt/homebrew/Cellar/icarus-verilog/13.0/lib/ivl/va_math.vpi";
:vpi_module "/opt/homebrew/Cellar/icarus-verilog/13.0/lib/ivl/v2009.vpi";
S_0x10350c120 .scope package, "$unit" "$unit" 2 1;
 .timescale 0 0;
S_0x10350baa0 .scope module, "tb" "tb" 3 3;
 .timescale -9 -12;
v0x98cc96120_0 .var "clk", 0 0;
v0x98cc961c0_0 .var/i "cycle", 31 0;
v0x98cc96260_0 .net "memWriteM", 0 0, L_0x98d072290;  1 drivers
v0x98cc96300_0 .net "pcF", 31 0, v0x98cc90820_0;  1 drivers
v0x98cc963a0_0 .var "reset", 0 0;
S_0x103507980 .scope module, "dut" "riscv_pipeline" 3 8, 4 1 0, S_0x10350baa0;
 .timescale -9 -12;
    .port_info 0 /INPUT 1 "clk";
    .port_info 1 /INPUT 1 "reset";
    .port_info 2 /OUTPUT 32 "PCF";
    .port_info 3 /OUTPUT 1 "MemWriteM";
L_0x98d0727d0 .functor BUFZ 1, L_0x98cc96620, C4<0>, C4<0>, C4<0>;
L_0x98d072290 .functor BUFZ 1, L_0x98d09fca0, C4<0>, C4<0>, C4<0>;
L_0x98d072610 .functor BUFZ 32, L_0x98d09fde0, C4<00000000000000000000000000000000>, C4<00000000000000000000000000000000>, C4<00000000000000000000000000000000>;
v0x98cc941e0_0 .net "ALUControlD", 3 0, v0x98cc603c0_0;  1 drivers
v0x98cc94280_0 .net "ALUResultE", 31 0, v0x98cc8d040_0;  1 drivers
v0x98cc94320_0 .net "ALUResultM", 31 0, L_0x98d09fd40;  1 drivers
v0x98cc943c0_0 .net "ALUSrcD", 0 0, v0x98cc60500_0;  1 drivers
v0x98cc94460_0 .net "BranchD", 0 0, v0x98cc605a0_0;  1 drivers
v0x98cc94500_0 .net "ExtImmD", 31 0, v0x98cc60f00_0;  1 drivers
v0x98cc945a0_0 .net "FlushD", 0 0, L_0x98d072990;  1 drivers
v0x98cc94640_0 .net "FlushE", 0 0, L_0x98cc9c5b0;  1 drivers
v0x98cc946e0_0 .net "ForwardAE", 1 0, v0x98cc912c0_0;  1 drivers
v0x98cc94780_0 .net "ForwardBE", 1 0, v0x98cc91360_0;  1 drivers
v0x98cc94820_0 .net "InstrD", 31 0, v0x98cc61360_0;  1 drivers
v0x98cc948c0_0 .net "InstrF", 31 0, L_0x98d0728b0;  1 drivers
v0x98cc94960_0 .net "JumpD", 0 0, v0x98cc606e0_0;  1 drivers
v0x98cc94a00_0 .net "MemWriteD", 0 0, v0x98cc60780_0;  1 drivers
v0x98cc94aa0_0 .net "MemWriteE", 0 0, L_0x98d09e8a0;  1 drivers
v0x98cc94b40_0 .net "MemWriteM", 0 0, L_0x98d072290;  alias, 1 drivers
v0x98cc94be0_0 .net "PCD", 31 0, v0x98cc61720_0;  1 drivers
v0x98cc94c80_0 .net "PCF", 31 0, v0x98cc90820_0;  alias, 1 drivers
v0x98cc94d20_0 .net "PCPlus4D", 31 0, v0x98cc61ae0_0;  1 drivers
v0x98cc94dc0_0 .net "PCPlus4E", 31 0, L_0x98d09f020;  1 drivers
v0x98cc94e60_0 .net "PCPlus4F", 31 0, L_0x98d06cbe0;  1 drivers
v0x98cc94f00_0 .net "PCPlus4M", 31 0, L_0x98d09ff20;  1 drivers
v0x98cc94fa0_0 .net "PCSrcE", 0 0, L_0x98cc9c460;  1 drivers
v0x98cc95040_0 .net "PCTargetE", 31 0, L_0x98d06d040;  1 drivers
v0x98cc950e0_0 .net "RD1D", 31 0, L_0x98cc49720;  1 drivers
v0x98cc95180_0 .net "RD2D", 31 0, L_0x98cc497c0;  1 drivers
v0x98cc95220_0 .net "RdD", 4 0, L_0x98d09dea0;  1 drivers
v0x98cc952c0_0 .net "RdE", 4 0, L_0x98d09eee0;  1 drivers
v0x98cc95360_0 .net "RdM", 4 0, L_0x98d09fe80;  1 drivers
v0x98cc95400_0 .net "RdW", 4 0, L_0x98d0ec460;  1 drivers
v0x98cc954a0_0 .net "ReadDataM", 31 0, L_0x98d0726f0;  1 drivers
v0x98cc95540_0 .net "RegWriteD", 0 0, v0x98cc60820_0;  1 drivers
v0x98cc955e0_0 .net "RegWriteE", 0 0, L_0x98d09e760;  1 drivers
v0x98cc95680_0 .net "RegWriteM_internal", 0 0, L_0x98d09fb60;  1 drivers
v0x98cc95720_0 .net "RegWriteW", 0 0, L_0x98d0ec1e0;  1 drivers
v0x98cc957c0_0 .net "ResultSrcD", 1 0, v0x98cc608c0_0;  1 drivers
v0x98cc95860_0 .net "ResultSrcE", 1 0, L_0x98d09e800;  1 drivers
v0x98cc95900_0 .net "ResultSrcM", 1 0, L_0x98d09fc00;  1 drivers
v0x98cc959a0_0 .net "ResultW", 31 0, L_0x98cc49cc0;  1 drivers
v0x98cc95a40_0 .net "Rs1D", 4 0, L_0x98d09dd60;  1 drivers
v0x98cc95ae0_0 .net "Rs1E", 4 0, L_0x98d09eda0;  1 drivers
v0x98cc95b80_0 .net "Rs2D", 4 0, L_0x98d09de00;  1 drivers
v0x98cc95c20_0 .net "Rs2E", 4 0, L_0x98d09ee40;  1 drivers
v0x98cc95cc0_0 .net "StallD", 0 0, L_0x98d072370;  1 drivers
v0x98cc95d60_0 .net "StallF", 0 0, L_0x98d0723e0;  1 drivers
v0x98cc95e00_0 .net "WriteDataE", 31 0, L_0x98cc49a40;  1 drivers
v0x98cc95ea0_0 .net "WriteDataM", 31 0, L_0x98d072610;  1 drivers
v0x98cc95f40_0 .net "ZeroE", 0 0, L_0x98d0727d0;  1 drivers
v0x98cc95fe0_0 .net "clk", 0 0, v0x98cc96120_0;  1 drivers
v0x98cc96080_0 .net "reset", 0 0, v0x98cc963a0_0;  1 drivers
L_0x98d0ec6e0 .part L_0x98d09e800, 0, 1;
S_0x103507b00 .scope module, "decodeStage" "decode" 4 47, 5 1 0, S_0x103507980;
 .timescale -9 -12;
    .port_info 0 /INPUT 1 "clk";
    .port_info 1 /INPUT 1 "reset";
    .port_info 2 /INPUT 1 "StallD";
    .port_info 3 /INPUT 1 "FlushD";
    .port_info 4 /INPUT 32 "InstrF";
    .port_info 5 /INPUT 32 "PCF";
    .port_info 6 /INPUT 32 "PCPlus4F";
    .port_info 7 /INPUT 1 "RegWriteW";
    .port_info 8 /INPUT 5 "RdW";
    .port_info 9 /INPUT 32 "ResultW";
    .port_info 10 /OUTPUT 32 "InstrD";
    .port_info 11 /OUTPUT 32 "PCD";
    .port_info 12 /OUTPUT 32 "PCPlus4D";
    .port_info 13 /OUTPUT 32 "RD1D";
    .port_info 14 /OUTPUT 32 "RD2D";
    .port_info 15 /OUTPUT 32 "ExtImmD";
    .port_info 16 /OUTPUT 5 "Rs1D";
    .port_info 17 /OUTPUT 5 "Rs2D";
    .port_info 18 /OUTPUT 5 "RdD";
    .port_info 19 /OUTPUT 1 "RegWriteD";
    .port_info 20 /OUTPUT 2 "ResultSrcD";
    .port_info 21 /OUTPUT 1 "MemWriteD";
    .port_info 22 /OUTPUT 1 "JumpD";
    .port_info 23 /OUTPUT 1 "BranchD";
    .port_info 24 /OUTPUT 4 "ALUControlD";
    .port_info 25 /OUTPUT 1 "ALUSrcD";
L_0x1034ff710 .functor NOT 1, L_0x98d072370, C4<0>, C4<0>, C4<0>;
L_0x103500590 .functor NOT 1, L_0x98d072370, C4<0>, C4<0>, C4<0>;
L_0x1034fdbf0 .functor NOT 1, L_0x98d072370, C4<0>, C4<0>, C4<0>;
v0x98cc62bc0_0 .net "ALUControlD", 3 0, v0x98cc603c0_0;  alias, 1 drivers
v0x98cc62c60_0 .net "ALUSrcD", 0 0, v0x98cc60500_0;  alias, 1 drivers
v0x98cc62d00_0 .net "BranchD", 0 0, v0x98cc605a0_0;  alias, 1 drivers
v0x98cc62da0_0 .net "ExtImmD", 31 0, v0x98cc60f00_0;  alias, 1 drivers
v0x98cc62e40_0 .net "FlushD", 0 0, L_0x98d072990;  alias, 1 drivers
v0x98cc62ee0_0 .net "ImmSrcD", 1 0, v0x98cc60640_0;  1 drivers
v0x98cc62f80_0 .net "InstrD", 31 0, v0x98cc61360_0;  alias, 1 drivers
v0x98cc63020_0 .net "InstrF", 31 0, L_0x98d0728b0;  alias, 1 drivers
v0x98cc630c0_0 .net "JumpD", 0 0, v0x98cc606e0_0;  alias, 1 drivers
v0x98cc63160_0 .net "MemWriteD", 0 0, v0x98cc60780_0;  alias, 1 drivers
v0x98cc63200_0 .net "PCD", 31 0, v0x98cc61720_0;  alias, 1 drivers
v0x98cc632a0_0 .net "PCF", 31 0, v0x98cc90820_0;  alias, 1 drivers
v0x98cc63340_0 .net "PCPlus4D", 31 0, v0x98cc61ae0_0;  alias, 1 drivers
v0x98cc633e0_0 .net "PCPlus4F", 31 0, L_0x98d06cbe0;  alias, 1 drivers
v0x98cc63480_0 .net "RD1D", 31 0, L_0x98cc49720;  alias, 1 drivers
v0x98cc63520_0 .net "RD2D", 31 0, L_0x98cc497c0;  alias, 1 drivers
v0x98cc635c0_0 .net "RdD", 4 0, L_0x98d09dea0;  alias, 1 drivers
v0x98cc63660_0 .net "RdW", 4 0, L_0x98d0ec460;  alias, 1 drivers
v0x98cc63700_0 .net "RegWriteD", 0 0, v0x98cc60820_0;  alias, 1 drivers
v0x98cc637a0_0 .net "RegWriteW", 0 0, L_0x98d0ec1e0;  alias, 1 drivers
v0x98cc63840_0 .net "ResultSrcD", 1 0, v0x98cc608c0_0;  alias, 1 drivers
v0x98cc638e0_0 .net "ResultW", 31 0, L_0x98cc49cc0;  alias, 1 drivers
v0x98cc63980_0 .net "Rs1D", 4 0, L_0x98d09dd60;  alias, 1 drivers
v0x98cc63a20_0 .net "Rs2D", 4 0, L_0x98d09de00;  alias, 1 drivers
v0x98cc63ac0_0 .net "StallD", 0 0, L_0x98d072370;  alias, 1 drivers
v0x98cc63b60_0 .net "clk", 0 0, v0x98cc96120_0;  alias, 1 drivers
v0x98cc63c00_0 .net "reset", 0 0, v0x98cc963a0_0;  alias, 1 drivers
L_0x98d09dd60 .part v0x98cc61360_0, 15, 5;
L_0x98d09de00 .part v0x98cc61360_0, 20, 5;
L_0x98d09dea0 .part v0x98cc61360_0, 7, 5;
L_0x98d09e440 .part v0x98cc61360_0, 0, 7;
L_0x98d09e4e0 .part v0x98cc61360_0, 12, 3;
L_0x98d09e580 .part v0x98cc61360_0, 25, 7;
L_0x98d09e620 .part v0x98cc61360_0, 7, 25;
S_0x1034ff9e0 .scope module, "ctrl" "controller" 5 79, 6 1 0, S_0x103507b00;
 .timescale -9 -12;
    .port_info 0 /INPUT 7 "op";
    .port_info 1 /INPUT 3 "funct3";
    .port_info 2 /INPUT 7 "funct7";
    .port_info 3 /OUTPUT 2 "ResultSrc";
    .port_info 4 /OUTPUT 1 "MemWrite";
    .port_info 5 /OUTPUT 1 "Branch";
    .port_info 6 /OUTPUT 1 "ALUSrc";
    .port_info 7 /OUTPUT 1 "RegWrite";
    .port_info 8 /OUTPUT 1 "Jump";
    .port_info 9 /OUTPUT 2 "ImmSrc";
    .port_info 10 /OUTPUT 4 "ALUControl";
L_0x103500e20 .functor OR 1, L_0x98d09e300, L_0x98cc96580, C4<0>, C4<0>;
L_0x103500e90 .functor AND 1, L_0x98d09e3a0, L_0x103500e20, C4<1>, C4<1>;
v0x98cc603c0_0 .var "ALUControl", 3 0;
v0x98cc60460_0 .var "ALUOp", 1 0;
v0x98cc60500_0 .var "ALUSrc", 0 0;
v0x98cc605a0_0 .var "Branch", 0 0;
v0x98cc60640_0 .var "ImmSrc", 1 0;
v0x98cc606e0_0 .var "Jump", 0 0;
v0x98cc60780_0 .var "MemWrite", 0 0;
v0x98cc60820_0 .var "RegWrite", 0 0;
v0x98cc608c0_0 .var "ResultSrc", 1 0;
v0x98cc60960_0 .net *"_ivl_3", 0 0, L_0x98d09e3a0;  1 drivers
L_0x98d464298 .functor BUFT 1, C4<101>, C4<0>, C4<0>, C4<0>;
v0x98cc60a00_0 .net/2u *"_ivl_4", 2 0, L_0x98d464298;  1 drivers
v0x98cc60aa0_0 .net *"_ivl_6", 0 0, L_0x98cc96580;  1 drivers
v0x98cc60b40_0 .net *"_ivl_8", 0 0, L_0x103500e20;  1 drivers
v0x98cc60be0_0 .net "funct3", 2 0, L_0x98d09e4e0;  1 drivers
v0x98cc60c80_0 .net "funct7", 6 0, L_0x98d09e580;  1 drivers
v0x98cc60d20_0 .net "op", 6 0, L_0x98d09e440;  1 drivers
v0x98cc60dc0_0 .net "op5", 0 0, L_0x98d09e300;  1 drivers
v0x98cc60e60_0 .net "use_alt_op", 0 0, L_0x103500e90;  1 drivers
E_0x98d08e200 .event anyedge, v0x98cc60460_0, v0x98cc60be0_0, v0x98cc60e60_0;
E_0x98d08e240 .event anyedge, v0x98cc60d20_0;
L_0x98d09e300 .part L_0x98d09e440, 5, 1;
L_0x98d09e3a0 .part L_0x98d09e580, 5, 1;
L_0x98cc96580 .cmp/eq 3, L_0x98d09e4e0, L_0x98d464298;
S_0x1034f4ab0 .scope module, "ext" "extend" 5 94, 7 1 0, S_0x103507b00;
 .timescale -9 -12;
    .port_info 0 /INPUT 25 "instr";
    .port_info 1 /INPUT 2 "immsrc";
    .port_info 2 /OUTPUT 32 "immext";
v0x98cc60f00_0 .var "immext", 31 0;
v0x98cc60fa0_0 .net "immsrc", 1 0, v0x98cc60640_0;  alias, 1 drivers
v0x98cc61040_0 .net "instr", 31 7, L_0x98d09e620;  1 drivers
E_0x98d08e280 .event anyedge, v0x98cc60640_0, v0x98cc61040_0;
S_0x98cc88000 .scope module, "ifIdInstr" "flopenrc" 5 37, 8 1 0, S_0x103507b00;
 .timescale -9 -12;
    .port_info 0 /INPUT 1 "clk";
    .port_info 1 /INPUT 1 "reset";
    .port_info 2 /INPUT 1 "en";
    .port_info 3 /INPUT 1 "clear";
    .port_info 4 /INPUT 32 "d";
    .port_info 5 /OUTPUT 32 "q";
P_0x98cc25100 .param/l "WIDTH" 0 8 1, +C4<00000000000000000000000000100000>;
v0x98cc610e0_0 .net "clear", 0 0, L_0x98d072990;  alias, 1 drivers
v0x98cc61180_0 .net "clk", 0 0, v0x98cc96120_0;  alias, 1 drivers
v0x98cc61220_0 .net "d", 31 0, L_0x98d0728b0;  alias, 1 drivers
v0x98cc612c0_0 .net "en", 0 0, L_0x1034ff710;  1 drivers
v0x98cc61360_0 .var "q", 31 0;
v0x98cc61400_0 .net "reset", 0 0, v0x98cc963a0_0;  alias, 1 drivers
E_0x98d08e300 .event posedge, v0x98cc61400_0, v0x98cc61180_0;
S_0x98cc88180 .scope module, "ifIdPc" "flopenrc" 5 43, 8 1 0, S_0x103507b00;
 .timescale -9 -12;
    .port_info 0 /INPUT 1 "clk";
    .port_info 1 /INPUT 1 "reset";
    .port_info 2 /INPUT 1 "en";
    .port_info 3 /INPUT 1 "clear";
    .port_info 4 /INPUT 32 "d";
    .port_info 5 /OUTPUT 32 "q";
P_0x98cc25180 .param/l "WIDTH" 0 8 1, +C4<00000000000000000000000000100000>;
v0x98cc614a0_0 .net "clear", 0 0, L_0x98d072990;  alias, 1 drivers
v0x98cc61540_0 .net "clk", 0 0, v0x98cc96120_0;  alias, 1 drivers
v0x98cc615e0_0 .net "d", 31 0, v0x98cc90820_0;  alias, 1 drivers
v0x98cc61680_0 .net "en", 0 0, L_0x103500590;  1 drivers
v0x98cc61720_0 .var "q", 31 0;
v0x98cc617c0_0 .net "reset", 0 0, v0x98cc963a0_0;  alias, 1 drivers
S_0x98cc88300 .scope module, "ifIdPcPlus4" "flopenrc" 5 49, 8 1 0, S_0x103507b00;
 .timescale -9 -12;
    .port_info 0 /INPUT 1 "clk";
    .port_info 1 /INPUT 1 "reset";
    .port_info 2 /INPUT 1 "en";
    .port_info 3 /INPUT 1 "clear";
    .port_info 4 /INPUT 32 "d";
    .port_info 5 /OUTPUT 32 "q";
P_0x98cc25240 .param/l "WIDTH" 0 8 1, +C4<00000000000000000000000000100000>;
v0x98cc61860_0 .net "clear", 0 0, L_0x98d072990;  alias, 1 drivers
v0x98cc61900_0 .net "clk", 0 0, v0x98cc96120_0;  alias, 1 drivers
v0x98cc619a0_0 .net "d", 31 0, L_0x98d06cbe0;  alias, 1 drivers
v0x98cc61a40_0 .net "en", 0 0, L_0x1034fdbf0;  1 drivers
v0x98cc61ae0_0 .var "q", 31 0;
v0x98cc61b80_0 .net "reset", 0 0, v0x98cc963a0_0;  alias, 1 drivers
S_0x98cc88480 .scope module, "rf" "regfile" 5 69, 9 1 0, S_0x103507b00;
 .timescale -9 -12;
    .port_info 0 /INPUT 1 "clk";
    .port_info 1 /INPUT 1 "we3";
    .port_info 2 /INPUT 5 "a1";
    .port_info 3 /INPUT 5 "a2";
    .port_info 4 /INPUT 5 "a3";
    .port_info 5 /INPUT 32 "wd3";
    .port_info 6 /OUTPUT 32 "rd1";
    .port_info 7 /OUTPUT 32 "rd2";
v0x98cc61c20_0 .net *"_ivl_0", 31 0, L_0x98d09df40;  1 drivers
v0x98cc61cc0_0 .net *"_ivl_10", 6 0, L_0x98d09e080;  1 drivers
L_0x98d4640e8 .functor BUFT 1, C4<00>, C4<0>, C4<0>, C4<0>;
v0x98cc61d60_0 .net *"_ivl_13", 1 0, L_0x98d4640e8;  1 drivers
L_0x98d464130 .functor BUFT 1, C4<00000000000000000000000000000000>, C4<0>, C4<0>, C4<0>;
v0x98cc61e00_0 .net/2u *"_ivl_14", 31 0, L_0x98d464130;  1 drivers
v0x98cc61ea0_0 .net *"_ivl_18", 31 0, L_0x98d09e120;  1 drivers
L_0x98d464178 .functor BUFT 1, C4<000000000000000000000000000>, C4<0>, C4<0>, C4<0>;
v0x98cc61f40_0 .net *"_ivl_21", 26 0, L_0x98d464178;  1 drivers
L_0x98d4641c0 .functor BUFT 1, C4<00000000000000000000000000000000>, C4<0>, C4<0>, C4<0>;
v0x98cc61fe0_0 .net/2u *"_ivl_22", 31 0, L_0x98d4641c0;  1 drivers
v0x98cc62080_0 .net *"_ivl_24", 0 0, L_0x98cc964e0;  1 drivers
v0x98cc62120_0 .net *"_ivl_26", 31 0, L_0x98d09e1c0;  1 drivers
v0x98cc621c0_0 .net *"_ivl_28", 6 0, L_0x98d09e260;  1 drivers
L_0x98d464058 .functor BUFT 1, C4<000000000000000000000000000>, C4<0>, C4<0>, C4<0>;
v0x98cc62260_0 .net *"_ivl_3", 26 0, L_0x98d464058;  1 drivers
L_0x98d464208 .functor BUFT 1, C4<00>, C4<0>, C4<0>, C4<0>;
v0x98cc62300_0 .net *"_ivl_31", 1 0, L_0x98d464208;  1 drivers
L_0x98d464250 .functor BUFT 1, C4<00000000000000000000000000000000>, C4<0>, C4<0>, C4<0>;
v0x98cc623a0_0 .net/2u *"_ivl_32", 31 0, L_0x98d464250;  1 drivers
L_0x98d4640a0 .functor BUFT 1, C4<00000000000000000000000000000000>, C4<0>, C4<0>, C4<0>;
v0x98cc62440_0 .net/2u *"_ivl_4", 31 0, L_0x98d4640a0;  1 drivers
v0x98cc624e0_0 .net *"_ivl_6", 0 0, L_0x98cc96440;  1 drivers
v0x98cc62580_0 .net *"_ivl_8", 31 0, L_0x98d09dfe0;  1 drivers
v0x98cc62620_0 .net "a1", 4 0, L_0x98d09dd60;  alias, 1 drivers
v0x98cc626c0_0 .net "a2", 4 0, L_0x98d09de00;  alias, 1 drivers
v0x98cc62760_0 .net "a3", 4 0, L_0x98d0ec460;  alias, 1 drivers
v0x98cc62800_0 .net "clk", 0 0, v0x98cc96120_0;  alias, 1 drivers
v0x98cc628a0_0 .net "rd1", 31 0, L_0x98cc49720;  alias, 1 drivers
v0x98cc62940_0 .net "rd2", 31 0, L_0x98cc497c0;  alias, 1 drivers
v0x98cc629e0 .array "rf", 0 31, 31 0;
v0x98cc62a80_0 .net "wd3", 31 0, L_0x98cc49cc0;  alias, 1 drivers
v0x98cc62b20_0 .net "we3", 0 0, L_0x98d0ec1e0;  alias, 1 drivers
E_0x98d08e400 .event negedge, v0x98cc61180_0;
L_0x98d09df40 .concat [ 5 27 0 0], L_0x98d09dd60, L_0x98d464058;
L_0x98cc96440 .cmp/ne 32, L_0x98d09df40, L_0x98d4640a0;
L_0x98d09dfe0 .array/port v0x98cc629e0, L_0x98d09e080;
L_0x98d09e080 .concat [ 5 2 0 0], L_0x98d09dd60, L_0x98d4640e8;
L_0x98cc49720 .functor MUXZ 32, L_0x98d464130, L_0x98d09dfe0, L_0x98cc96440, C4<>;
L_0x98d09e120 .concat [ 5 27 0 0], L_0x98d09de00, L_0x98d464178;
L_0x98cc964e0 .cmp/ne 32, L_0x98d09e120, L_0x98d4641c0;
L_0x98d09e1c0 .array/port v0x98cc629e0, L_0x98d09e260;
L_0x98d09e260 .concat [ 5 2 0 0], L_0x98d09de00, L_0x98d464208;
L_0x98cc497c0 .functor MUXZ 32, L_0x98d464250, L_0x98d09e1c0, L_0x98cc964e0, C4<>;
S_0x98cc88600 .scope module, "executeStage" "execute" 4 60, 10 1 0, S_0x103507980;
 .timescale -9 -12;
    .port_info 0 /INPUT 1 "clk";
    .port_info 1 /INPUT 1 "reset";
    .port_info 2 /INPUT 1 "FlushE";
    .port_info 3 /INPUT 2 "ForwardAE";
    .port_info 4 /INPUT 2 "ForwardBE";
    .port_info 5 /INPUT 1 "RegWriteD";
    .port_info 6 /INPUT 2 "ResultSrcD";
    .port_info 7 /INPUT 1 "MemWriteD";
    .port_info 8 /INPUT 1 "JumpD";
    .port_info 9 /INPUT 1 "BranchD";
    .port_info 10 /INPUT 4 "ALUControlD";
    .port_info 11 /INPUT 1 "ALUSrcD";
    .port_info 12 /INPUT 32 "RD1D";
    .port_info 13 /INPUT 32 "RD2D";
    .port_info 14 /INPUT 32 "PCD";
    .port_info 15 /INPUT 5 "Rs1D";
    .port_info 16 /INPUT 5 "Rs2D";
    .port_info 17 /INPUT 5 "RdD";
    .port_info 18 /INPUT 32 "ExtImmD";
    .port_info 19 /INPUT 32 "PCPlus4D";
    .port_info 20 /INPUT 32 "ALUResultM";
    .port_info 21 /INPUT 32 "ResultW";
    .port_info 22 /OUTPUT 1 "RegWriteE";
    .port_info 23 /OUTPUT 2 "ResultSrcE";
    .port_info 24 /OUTPUT 1 "MemWriteE";
    .port_info 25 /OUTPUT 32 "ALUResultE";
    .port_info 26 /OUTPUT 32 "WriteDataE";
    .port_info 27 /OUTPUT 5 "RdE";
    .port_info 28 /OUTPUT 32 "PCPlus4E";
    .port_info 29 /OUTPUT 1 "PCSrcE";
    .port_info 30 /OUTPUT 32 "PCTargetE";
    .port_info 31 /OUTPUT 5 "Rs1E";
    .port_info 32 /OUTPUT 5 "Rs2E";
L_0x98cc9c3f0 .functor AND 1, L_0x98d09e9e0, L_0x98cc96620, C4<1>, C4<1>;
L_0x98cc9c460 .functor OR 1, L_0x98cc9c3f0, L_0x98d09e940, C4<0>, C4<0>;
v0x98cc8e4e0_0 .net "ALUControlD", 3 0, v0x98cc603c0_0;  alias, 1 drivers
v0x98cc8e580_0 .net "ALUControlE", 3 0, L_0x98d09ea80;  1 drivers
v0x98cc8e620_0 .net "ALUResultE", 31 0, v0x98cc8d040_0;  alias, 1 drivers
v0x98cc8e6c0_0 .net "ALUResultM", 31 0, L_0x98d09fd40;  alias, 1 drivers
v0x98cc8e760_0 .net "ALUSrcD", 0 0, v0x98cc60500_0;  alias, 1 drivers
v0x98cc8e800_0 .net "ALUSrcE", 0 0, L_0x98d09eb20;  1 drivers
v0x98cc8e8a0_0 .net "BranchD", 0 0, v0x98cc605a0_0;  alias, 1 drivers
v0x98cc8e940_0 .net "BranchE", 0 0, L_0x98d09e9e0;  1 drivers
v0x98cc8e9e0_0 .net "ExtImmD", 31 0, v0x98cc60f00_0;  alias, 1 drivers
v0x98cc8ea80_0 .net "ExtImmE", 31 0, L_0x98d09ef80;  1 drivers
v0x98cc8eb20_0 .net "FlushE", 0 0, L_0x98cc9c5b0;  alias, 1 drivers
v0x98cc8ebc0_0 .net "ForwardAE", 1 0, v0x98cc912c0_0;  alias, 1 drivers
v0x98cc8ec60_0 .net "ForwardBE", 1 0, v0x98cc91360_0;  alias, 1 drivers
v0x98cc8ed00_0 .net "JumpD", 0 0, v0x98cc606e0_0;  alias, 1 drivers
v0x98cc8eda0_0 .net "JumpE", 0 0, L_0x98d09e940;  1 drivers
v0x98cc8ee40_0 .net "MemWriteD", 0 0, v0x98cc60780_0;  alias, 1 drivers
v0x98cc8eee0_0 .net "MemWriteE", 0 0, L_0x98d09e8a0;  alias, 1 drivers
v0x98cc8ef80_0 .net "PCD", 31 0, v0x98cc61720_0;  alias, 1 drivers
v0x98cc8f020_0 .net "PCE", 31 0, L_0x98d09ed00;  1 drivers
v0x98cc8f0c0_0 .net "PCPlus4D", 31 0, v0x98cc61ae0_0;  alias, 1 drivers
v0x98cc8f160_0 .net "PCPlus4E", 31 0, L_0x98d09f020;  alias, 1 drivers
v0x98cc8f200_0 .net "PCSrcE", 0 0, L_0x98cc9c460;  alias, 1 drivers
v0x98cc8f2a0_0 .net "PCTargetE", 31 0, L_0x98d06d040;  alias, 1 drivers
v0x98cc8f340_0 .net "RD1D", 31 0, L_0x98cc49720;  alias, 1 drivers
v0x98cc8f3e0_0 .net "RD1E", 31 0, L_0x98d09ebc0;  1 drivers
v0x98cc8f480_0 .net "RD2D", 31 0, L_0x98cc497c0;  alias, 1 drivers
v0x98cc8f520_0 .net "RD2E", 31 0, L_0x98d09ec60;  1 drivers
v0x98cc8f5c0_0 .net "RdD", 4 0, L_0x98d09dea0;  alias, 1 drivers
v0x98cc8f660_0 .net "RdE", 4 0, L_0x98d09eee0;  alias, 1 drivers
v0x98cc8f700_0 .net "RegWriteD", 0 0, v0x98cc60820_0;  alias, 1 drivers
v0x98cc8f7a0_0 .net "RegWriteE", 0 0, L_0x98d09e760;  alias, 1 drivers
v0x98cc8f840_0 .net "ResultSrcD", 1 0, v0x98cc608c0_0;  alias, 1 drivers
v0x98cc8f8e0_0 .net "ResultSrcE", 1 0, L_0x98d09e800;  alias, 1 drivers
v0x98cc8f980_0 .net "ResultW", 31 0, L_0x98cc49cc0;  alias, 1 drivers
v0x98cc8fa20_0 .net "Rs1D", 4 0, L_0x98d09dd60;  alias, 1 drivers
v0x98cc8fac0_0 .net "Rs1E", 4 0, L_0x98d09eda0;  alias, 1 drivers
v0x98cc8fb60_0 .net "Rs2D", 4 0, L_0x98d09de00;  alias, 1 drivers
v0x98cc8fc00_0 .net "Rs2E", 4 0, L_0x98d09ee40;  alias, 1 drivers
v0x98cc8fca0_0 .net "SrcAE", 31 0, L_0x98cc49900;  1 drivers
v0x98cc8fd40_0 .net "SrcBE", 31 0, L_0x98cc49ae0;  1 drivers
v0x98cc8fde0_0 .net "WriteDataE", 31 0, L_0x98cc49a40;  alias, 1 drivers
v0x98cc8fe80_0 .net "ZeroE", 0 0, L_0x98cc96620;  1 drivers
v0x98cc8ff20_0 .net *"_ivl_20", 0 0, L_0x98cc9c3f0;  1 drivers
v0x98cc90000_0 .net "clk", 0 0, v0x98cc96120_0;  alias, 1 drivers
v0x98cc900a0_0 .net "reset", 0 0, v0x98cc963a0_0;  alias, 1 drivers
LS_0x98d09e6c0_0_0 .concat [ 32 32 5 5], v0x98cc61ae0_0, v0x98cc60f00_0, L_0x98d09dea0, L_0x98d09de00;
LS_0x98d09e6c0_0_4 .concat [ 5 32 32 32], L_0x98d09dd60, v0x98cc61720_0, L_0x98cc497c0, L_0x98cc49720;
LS_0x98d09e6c0_0_8 .concat [ 1 4 1 1], v0x98cc60500_0, v0x98cc603c0_0, v0x98cc605a0_0, v0x98cc606e0_0;
LS_0x98d09e6c0_0_12 .concat [ 1 2 1 0], v0x98cc60780_0, v0x98cc608c0_0, v0x98cc60820_0;
L_0x98d09e6c0 .concat [ 74 101 7 4], LS_0x98d09e6c0_0_0, LS_0x98d09e6c0_0_4, LS_0x98d09e6c0_0_8, LS_0x98d09e6c0_0_12;
L_0x98d09e760 .part v0x98cc8df40_0, 185, 1;
L_0x98d09e800 .part v0x98cc8df40_0, 183, 2;
L_0x98d09e8a0 .part v0x98cc8df40_0, 182, 1;
L_0x98d09e940 .part v0x98cc8df40_0, 181, 1;
L_0x98d09e9e0 .part v0x98cc8df40_0, 180, 1;
L_0x98d09ea80 .part v0x98cc8df40_0, 176, 4;
L_0x98d09eb20 .part v0x98cc8df40_0, 175, 1;
L_0x98d09ebc0 .part v0x98cc8df40_0, 143, 32;
L_0x98d09ec60 .part v0x98cc8df40_0, 111, 32;
L_0x98d09ed00 .part v0x98cc8df40_0, 79, 32;
L_0x98d09eda0 .part v0x98cc8df40_0, 74, 5;
L_0x98d09ee40 .part v0x98cc8df40_0, 69, 5;
L_0x98d09eee0 .part v0x98cc8df40_0, 64, 5;
L_0x98d09ef80 .part v0x98cc8df40_0, 32, 32;
L_0x98d09f020 .part v0x98cc8df40_0, 0, 32;
S_0x98cc88780 .scope module, "aluUnit" "alu" 10 101, 11 1 0, S_0x98cc88600;
 .timescale -9 -12;
    .port_info 0 /INPUT 32 "a";
    .port_info 1 /INPUT 32 "b";
    .port_info 2 /INPUT 4 "alucontrol";
    .port_info 3 /OUTPUT 32 "result";
    .port_info 4 /OUTPUT 1 "zero";
L_0x1034fa010 .functor NOT 32, L_0x98cc49ae0, C4<00000000000000000000000000000000>, C4<00000000000000000000000000000000>, C4<00000000000000000000000000000000>;
L_0x1034fa080 .functor NOT 1, L_0x98d09f520, C4<0>, C4<0>, C4<0>;
L_0x1034fa0f0 .functor NOT 1, L_0x98d09f5c0, C4<0>, C4<0>, C4<0>;
L_0x10350bc20 .functor AND 1, L_0x1034fa080, L_0x1034fa0f0, C4<1>, C4<1>;
L_0x98cc9c000 .functor NOT 1, L_0x98d09f660, C4<0>, C4<0>, C4<0>;
L_0x98cc9c070 .functor AND 1, L_0x98cc9c000, L_0x98d09f700, C4<1>, C4<1>;
L_0x98cc9c0e0 .functor OR 1, L_0x10350bc20, L_0x98cc9c070, C4<0>, C4<0>;
L_0x98cc9c150 .functor XOR 1, L_0x98d09f7a0, L_0x98d09f840, C4<0>, C4<0>;
L_0x98cc9c1c0 .functor XOR 1, L_0x98cc9c150, L_0x98d09f8e0, C4<0>, C4<0>;
L_0x98cc9c230 .functor NOT 1, L_0x98cc9c1c0, C4<0>, C4<0>, C4<0>;
L_0x98cc9c2a0 .functor XOR 1, L_0x98d09f980, L_0x98d09fa20, C4<0>, C4<0>;
L_0x98cc9c310 .functor AND 1, L_0x98cc9c230, L_0x98cc9c2a0, C4<1>, C4<1>;
L_0x98cc9c380 .functor AND 1, L_0x98cc9c310, L_0x98cc9c0e0, C4<1>, C4<1>;
v0x98cc63ca0_0 .net *"_ivl_1", 0 0, L_0x98d09f340;  1 drivers
v0x98cc63d40_0 .net *"_ivl_10", 31 0, L_0x98d09f480;  1 drivers
L_0x98d464328 .functor BUFT 1, C4<0000000000000000000000000000000>, C4<0>, C4<0>, C4<0>;
v0x98cc63de0_0 .net *"_ivl_13", 30 0, L_0x98d464328;  1 drivers
v0x98cc63e80_0 .net *"_ivl_17", 0 0, L_0x98d09f520;  1 drivers
v0x98cc63f20_0 .net *"_ivl_18", 0 0, L_0x1034fa080;  1 drivers
v0x98cc8c000_0 .net *"_ivl_2", 31 0, L_0x1034fa010;  1 drivers
v0x98cc8c0a0_0 .net *"_ivl_21", 0 0, L_0x98d09f5c0;  1 drivers
v0x98cc8c140_0 .net *"_ivl_22", 0 0, L_0x1034fa0f0;  1 drivers
v0x98cc8c1e0_0 .net *"_ivl_24", 0 0, L_0x10350bc20;  1 drivers
v0x98cc8c280_0 .net *"_ivl_27", 0 0, L_0x98d09f660;  1 drivers
v0x98cc8c320_0 .net *"_ivl_28", 0 0, L_0x98cc9c000;  1 drivers
v0x98cc8c3c0_0 .net *"_ivl_31", 0 0, L_0x98d09f700;  1 drivers
v0x98cc8c460_0 .net *"_ivl_32", 0 0, L_0x98cc9c070;  1 drivers
L_0x98d464370 .functor BUFT 1, C4<00000000000000000000000000000000>, C4<0>, C4<0>, C4<0>;
v0x98cc8c500_0 .net/2u *"_ivl_36", 31 0, L_0x98d464370;  1 drivers
v0x98cc8c5a0_0 .net *"_ivl_41", 0 0, L_0x98d09f7a0;  1 drivers
v0x98cc8c640_0 .net *"_ivl_43", 0 0, L_0x98d09f840;  1 drivers
v0x98cc8c6e0_0 .net *"_ivl_44", 0 0, L_0x98cc9c150;  1 drivers
v0x98cc8c780_0 .net *"_ivl_47", 0 0, L_0x98d09f8e0;  1 drivers
v0x98cc8c820_0 .net *"_ivl_48", 0 0, L_0x98cc9c1c0;  1 drivers
v0x98cc8c8c0_0 .net *"_ivl_50", 0 0, L_0x98cc9c230;  1 drivers
v0x98cc8c960_0 .net *"_ivl_53", 0 0, L_0x98d09f980;  1 drivers
v0x98cc8ca00_0 .net *"_ivl_55", 0 0, L_0x98d09fa20;  1 drivers
v0x98cc8caa0_0 .net *"_ivl_56", 0 0, L_0x98cc9c2a0;  1 drivers
v0x98cc8cb40_0 .net *"_ivl_58", 0 0, L_0x98cc9c310;  1 drivers
v0x98cc8cbe0_0 .net *"_ivl_6", 31 0, L_0x98d06db80;  1 drivers
v0x98cc8cc80_0 .net *"_ivl_9", 0 0, L_0x98d09f3e0;  1 drivers
v0x98cc8cd20_0 .net "a", 31 0, L_0x98cc49900;  alias, 1 drivers
v0x98cc8cdc0_0 .net "alucontrol", 3 0, L_0x98d09ea80;  alias, 1 drivers
v0x98cc8ce60_0 .net "b", 31 0, L_0x98cc49ae0;  alias, 1 drivers
v0x98cc8cf00_0 .net "condinvb", 31 0, L_0x98cc49b80;  1 drivers
v0x98cc8cfa0_0 .net "isAddSub", 0 0, L_0x98cc9c0e0;  1 drivers
v0x98cc8d040_0 .var "result", 31 0;
v0x98cc8d0e0_0 .net "sum", 31 0, L_0x98d06dc20;  1 drivers
v0x98cc8d180_0 .net "v", 0 0, L_0x98cc9c380;  1 drivers
v0x98cc8d220_0 .net "zero", 0 0, L_0x98cc96620;  alias, 1 drivers
E_0x98d08e3c0 .event anyedge, v0x98cc8cdc0_0, v0x98cc8d0e0_0, v0x98cc8cd20_0, v0x98cc8ce60_0;
L_0x98d09f340 .part L_0x98d09ea80, 3, 1;
L_0x98cc49b80 .functor MUXZ 32, L_0x98cc49ae0, L_0x1034fa010, L_0x98d09f340, C4<>;
L_0x98d06db80 .arith/sum 32, L_0x98cc49900, L_0x98cc49b80;
L_0x98d09f3e0 .part L_0x98d09ea80, 3, 1;
L_0x98d09f480 .concat [ 1 31 0 0], L_0x98d09f3e0, L_0x98d464328;
L_0x98d06dc20 .arith/sum 32, L_0x98d06db80, L_0x98d09f480;
L_0x98d09f520 .part L_0x98d09ea80, 2, 1;
L_0x98d09f5c0 .part L_0x98d09ea80, 1, 1;
L_0x98d09f660 .part L_0x98d09ea80, 1, 1;
L_0x98d09f700 .part L_0x98d09ea80, 0, 1;
L_0x98cc96620 .cmp/eq 32, v0x98cc8d040_0, L_0x98d464370;
L_0x98d09f7a0 .part L_0x98d09ea80, 3, 1;
L_0x98d09f840 .part L_0x98cc49900, 31, 1;
L_0x98d09f8e0 .part L_0x98cc49ae0, 31, 1;
L_0x98d09f980 .part L_0x98cc49900, 31, 1;
L_0x98d09fa20 .part L_0x98d06dc20, 31, 1;
S_0x98cc88900 .scope module, "forwardAmux" "mux3" 10 72, 12 1 0, S_0x98cc88600;
 .timescale -9 -12;
    .port_info 0 /INPUT 32 "d0";
    .port_info 1 /INPUT 32 "d1";
    .port_info 2 /INPUT 32 "d2";
    .port_info 3 /INPUT 2 "s";
    .port_info 4 /OUTPUT 32 "y";
P_0x98cc252c0 .param/l "WIDTH" 0 12 1, +C4<00000000000000000000000000100000>;
v0x98cc8d2c0_0 .net *"_ivl_1", 0 0, L_0x98d09f0c0;  1 drivers
v0x98cc8d360_0 .net *"_ivl_3", 0 0, L_0x98d09f160;  1 drivers
v0x98cc8d400_0 .net *"_ivl_4", 31 0, L_0x98cc49860;  1 drivers
v0x98cc8d4a0_0 .net "d0", 31 0, L_0x98d09ebc0;  alias, 1 drivers
v0x98cc8d540_0 .net "d1", 31 0, L_0x98cc49cc0;  alias, 1 drivers
v0x98cc8d5e0_0 .net "d2", 31 0, L_0x98d09fd40;  alias, 1 drivers
v0x98cc8d680_0 .net "s", 1 0, v0x98cc912c0_0;  alias, 1 drivers
v0x98cc8d720_0 .net "y", 31 0, L_0x98cc49900;  alias, 1 drivers
L_0x98d09f0c0 .part v0x98cc912c0_0, 1, 1;
L_0x98d09f160 .part v0x98cc912c0_0, 0, 1;
L_0x98cc49860 .functor MUXZ 32, L_0x98d09ebc0, L_0x98cc49cc0, L_0x98d09f160, C4<>;
L_0x98cc49900 .functor MUXZ 32, L_0x98cc49860, L_0x98d09fd40, L_0x98d09f0c0, C4<>;
S_0x98cc88a80 .scope module, "forwardBmux" "mux3" 10 83, 12 1 0, S_0x98cc88600;
 .timescale -9 -12;
    .port_info 0 /INPUT 32 "d0";
    .port_info 1 /INPUT 32 "d1";
    .port_info 2 /INPUT 32 "d2";
    .port_info 3 /INPUT 2 "s";
    .port_info 4 /OUTPUT 32 "y";
P_0x98cc25340 .param/l "WIDTH" 0 12 1, +C4<00000000000000000000000000100000>;
v0x98cc8d7c0_0 .net *"_ivl_1", 0 0, L_0x98d09f200;  1 drivers
v0x98cc8d860_0 .net *"_ivl_3", 0 0, L_0x98d09f2a0;  1 drivers
v0x98cc8d900_0 .net *"_ivl_4", 31 0, L_0x98cc499a0;  1 drivers
v0x98cc8d9a0_0 .net "d0", 31 0, L_0x98d09ec60;  alias, 1 drivers
v0x98cc8da40_0 .net "d1", 31 0, L_0x98cc49cc0;  alias, 1 drivers
v0x98cc8dae0_0 .net "d2", 31 0, L_0x98d09fd40;  alias, 1 drivers
v0x98cc8db80_0 .net "s", 1 0, v0x98cc91360_0;  alias, 1 drivers
v0x98cc8dc20_0 .net "y", 31 0, L_0x98cc49a40;  alias, 1 drivers
L_0x98d09f200 .part v0x98cc91360_0, 1, 1;
L_0x98d09f2a0 .part v0x98cc91360_0, 0, 1;
L_0x98cc499a0 .functor MUXZ 32, L_0x98d09ec60, L_0x98cc49cc0, L_0x98d09f2a0, C4<>;
L_0x98cc49a40 .functor MUXZ 32, L_0x98cc499a0, L_0x98d09fd40, L_0x98d09f200, C4<>;
S_0x98cc88c00 .scope module, "idexReg" "flopenrc" 10 58, 8 1 0, S_0x98cc88600;
 .timescale -9 -12;
    .port_info 0 /INPUT 1 "clk";
    .port_info 1 /INPUT 1 "reset";
    .port_info 2 /INPUT 1 "en";
    .port_info 3 /INPUT 1 "clear";
    .port_info 4 /INPUT 186 "d";
    .port_info 5 /OUTPUT 186 "q";
P_0x98cc253c0 .param/l "WIDTH" 0 8 1, +C4<00000000000000000000000010111010>;
v0x98cc8dcc0_0 .net "clear", 0 0, L_0x98cc9c5b0;  alias, 1 drivers
v0x98cc8dd60_0 .net "clk", 0 0, v0x98cc96120_0;  alias, 1 drivers
v0x98cc8de00_0 .net "d", 185 0, L_0x98d09e6c0;  1 drivers
L_0x98d4642e0 .functor BUFT 1, C4<1>, C4<0>, C4<0>, C4<0>;
v0x98cc8dea0_0 .net "en", 0 0, L_0x98d4642e0;  1 drivers
v0x98cc8df40_0 .var "q", 185 0;
v0x98cc8dfe0_0 .net "reset", 0 0, v0x98cc963a0_0;  alias, 1 drivers
S_0x98cc88d80 .scope module, "pcTargetAdd" "adder" 10 110, 13 1 0, S_0x98cc88600;
 .timescale -9 -12;
    .port_info 0 /INPUT 32 "a";
    .port_info 1 /INPUT 32 "b";
    .port_info 2 /OUTPUT 32 "y";
v0x98cc8e080_0 .net "a", 31 0, L_0x98d09ed00;  alias, 1 drivers
v0x98cc8e120_0 .net "b", 31 0, L_0x98d09ef80;  alias, 1 drivers
v0x98cc8e1c0_0 .net "y", 31 0, L_0x98d06d040;  alias, 1 drivers
L_0x98d06d040 .arith/sum 32, L_0x98d09ed00, L_0x98d09ef80;
S_0x98cc88f00 .scope module, "srcBmux" "mux2" 10 93, 14 1 0, S_0x98cc88600;
 .timescale -9 -12;
    .port_info 0 /INPUT 32 "d0";
    .port_info 1 /INPUT 32 "d1";
    .port_info 2 /INPUT 1 "s";
    .port_info 3 /OUTPUT 32 "y";
P_0x98cc25480 .param/l "WIDTH" 0 14 1, +C4<00000000000000000000000000100000>;
v0x98cc8e260_0 .net "d0", 31 0, L_0x98cc49a40;  alias, 1 drivers
v0x98cc8e300_0 .net "d1", 31 0, L_0x98d09ef80;  alias, 1 drivers
v0x98cc8e3a0_0 .net "s", 0 0, L_0x98d09eb20;  alias, 1 drivers
v0x98cc8e440_0 .net "y", 31 0, L_0x98cc49ae0;  alias, 1 drivers
L_0x98cc49ae0 .functor MUXZ 32, L_0x98cc49a40, L_0x98d09ef80, L_0x98d09eb20, C4<>;
S_0x98cc89080 .scope module, "fetchStage" "fetch" 4 40, 15 1 0, S_0x103507980;
 .timescale -9 -12;
    .port_info 0 /INPUT 1 "clk";
    .port_info 1 /INPUT 1 "reset";
    .port_info 2 /INPUT 1 "StallF";
    .port_info 3 /INPUT 1 "PCSrcE";
    .port_info 4 /INPUT 32 "PCTargetE";
    .port_info 5 /OUTPUT 32 "InstrF";
    .port_info 6 /OUTPUT 32 "PCF";
    .port_info 7 /OUTPUT 32 "PCPlus4F";
L_0x103507c80 .functor NOT 1, L_0x98d0723e0, C4<0>, C4<0>, C4<0>;
v0x98cc90be0_0 .net "InstrF", 31 0, L_0x98d0728b0;  alias, 1 drivers
v0x98cc90c80_0 .net "PCF", 31 0, v0x98cc90820_0;  alias, 1 drivers
v0x98cc90d20_0 .net "PCF_next", 31 0, L_0x98cc49360;  1 drivers
v0x98cc90dc0_0 .net "PCPlus4F", 31 0, L_0x98d06cbe0;  alias, 1 drivers
v0x98cc90e60_0 .net "PCSrcE", 0 0, L_0x98cc9c460;  alias, 1 drivers
v0x98cc90f00_0 .net "PCTargetE", 31 0, L_0x98d06d040;  alias, 1 drivers
v0x98cc90fa0_0 .net "StallF", 0 0, L_0x98d0723e0;  alias, 1 drivers
v0x98cc91040_0 .net "clk", 0 0, v0x98cc96120_0;  alias, 1 drivers
v0x98cc910e0_0 .net "reset", 0 0, v0x98cc963a0_0;  alias, 1 drivers
S_0x98cc89200 .scope module, "imemory" "imem" 15 42, 16 1 0, S_0x98cc89080;
 .timescale -9 -12;
    .port_info 0 /INPUT 32 "a";
    .port_info 1 /OUTPUT 32 "rd";
L_0x98d0728b0 .functor BUFZ 32, L_0x98d09db80, C4<00000000000000000000000000000000>, C4<00000000000000000000000000000000>, C4<00000000000000000000000000000000>;
v0x98cc90140 .array "RAM", 0 63, 31 0;
v0x98cc901e0_0 .net *"_ivl_0", 31 0, L_0x98d09db80;  1 drivers
v0x98cc90280_0 .net *"_ivl_3", 29 0, L_0x98d09dcc0;  1 drivers
v0x98cc90320_0 .net "a", 31 0, v0x98cc90820_0;  alias, 1 drivers
v0x98cc903c0_0 .net "rd", 31 0, L_0x98d0728b0;  alias, 1 drivers
L_0x98d09db80 .array/port v0x98cc90140, L_0x98d09dcc0;
L_0x98d09dcc0 .part v0x98cc90820_0, 2, 30;
S_0x98cc89380 .scope module, "pcAdd4" "adder" 15 48, 13 1 0, S_0x98cc89080;
 .timescale -9 -12;
    .port_info 0 /INPUT 32 "a";
    .port_info 1 /INPUT 32 "b";
    .port_info 2 /OUTPUT 32 "y";
v0x98cc90460_0 .net "a", 31 0, v0x98cc90820_0;  alias, 1 drivers
L_0x98d464010 .functor BUFT 1, C4<00000000000000000000000000000100>, C4<0>, C4<0>, C4<0>;
v0x98cc90500_0 .net "b", 31 0, L_0x98d464010;  1 drivers
v0x98cc905a0_0 .net "y", 31 0, L_0x98d06cbe0;  alias, 1 drivers
L_0x98d06cbe0 .arith/sum 32, v0x98cc90820_0, L_0x98d464010;
S_0x98cc89500 .scope module, "pcReg" "flopenr" 15 35, 17 1 0, S_0x98cc89080;
 .timescale -9 -12;
    .port_info 0 /INPUT 1 "clk";
    .port_info 1 /INPUT 1 "reset";
    .port_info 2 /INPUT 1 "en";
    .port_info 3 /INPUT 32 "d";
    .port_info 4 /OUTPUT 32 "q";
P_0x98cc25500 .param/l "WIDTH" 0 17 1, +C4<00000000000000000000000000100000>;
v0x98cc90640_0 .net "clk", 0 0, v0x98cc96120_0;  alias, 1 drivers
v0x98cc906e0_0 .net "d", 31 0, L_0x98cc49360;  alias, 1 drivers
v0x98cc90780_0 .net "en", 0 0, L_0x103507c80;  1 drivers
v0x98cc90820_0 .var "q", 31 0;
v0x98cc908c0_0 .net "reset", 0 0, v0x98cc963a0_0;  alias, 1 drivers
S_0x98cc89680 .scope module, "pcmux" "mux2" 15 26, 14 1 0, S_0x98cc89080;
 .timescale -9 -12;
    .port_info 0 /INPUT 32 "d0";
    .port_info 1 /INPUT 32 "d1";
    .port_info 2 /INPUT 1 "s";
    .port_info 3 /OUTPUT 32 "y";
P_0x98cc25580 .param/l "WIDTH" 0 14 1, +C4<00000000000000000000000000100000>;
v0x98cc90960_0 .net "d0", 31 0, L_0x98d06cbe0;  alias, 1 drivers
v0x98cc90a00_0 .net "d1", 31 0, L_0x98d06d040;  alias, 1 drivers
v0x98cc90aa0_0 .net "s", 0 0, L_0x98cc9c460;  alias, 1 drivers
v0x98cc90b40_0 .net "y", 31 0, L_0x98cc49360;  alias, 1 drivers
L_0x98cc49360 .functor MUXZ 32, L_0x98d06cbe0, L_0x98d06d040, L_0x98cc9c460, C4<>;
S_0x98cc89800 .scope module, "hazardUnit" "hunit" 4 99, 18 1 0, S_0x103507980;
 .timescale -9 -12;
    .port_info 0 /INPUT 5 "Rs1E";
    .port_info 1 /INPUT 5 "Rs2E";
    .port_info 2 /INPUT 5 "RdM";
    .port_info 3 /INPUT 5 "RdW";
    .port_info 4 /INPUT 1 "RegWriteM";
    .port_info 5 /INPUT 1 "RegWriteW";
    .port_info 6 /INPUT 5 "Rs1D";
    .port_info 7 /INPUT 5 "Rs2D";
    .port_info 8 /INPUT 5 "RdE";
    .port_info 9 /INPUT 1 "ResultSrcE0";
    .port_info 10 /INPUT 1 "PCSrcE";
    .port_info 11 /OUTPUT 2 "ForwardAE";
    .port_info 12 /OUTPUT 2 "ForwardBE";
    .port_info 13 /OUTPUT 1 "StallF";
    .port_info 14 /OUTPUT 1 "StallD";
    .port_info 15 /OUTPUT 1 "FlushD";
    .port_info 16 /OUTPUT 1 "FlushE";
L_0x98cc9c4d0 .functor OR 1, L_0x98cc966c0, L_0x98cc96760, C4<0>, C4<0>;
L_0x98cc9c540 .functor AND 1, L_0x98d0ec6e0, L_0x98cc9c4d0, C4<1>, C4<1>;
L_0x98d0723e0 .functor BUFZ 1, L_0x98cc9c540, C4<0>, C4<0>, C4<0>;
L_0x98d072370 .functor BUFZ 1, L_0x98cc9c540, C4<0>, C4<0>, C4<0>;
L_0x98d072990 .functor BUFZ 1, L_0x98cc9c460, C4<0>, C4<0>, C4<0>;
L_0x98cc9c5b0 .functor OR 1, L_0x98cc9c540, L_0x98cc9c460, C4<0>, C4<0>;
v0x98cc91180_0 .net "FlushD", 0 0, L_0x98d072990;  alias, 1 drivers
v0x98cc91220_0 .net "FlushE", 0 0, L_0x98cc9c5b0;  alias, 1 drivers
v0x98cc912c0_0 .var "ForwardAE", 1 0;
v0x98cc91360_0 .var "ForwardBE", 1 0;
v0x98cc91400_0 .net "PCSrcE", 0 0, L_0x98cc9c460;  alias, 1 drivers
v0x98cc914a0_0 .net "RdE", 4 0, L_0x98d09eee0;  alias, 1 drivers
v0x98cc91540_0 .net "RdM", 4 0, L_0x98d09fe80;  alias, 1 drivers
v0x98cc915e0_0 .net "RdW", 4 0, L_0x98d0ec460;  alias, 1 drivers
v0x98cc91680_0 .net "RegWriteM", 0 0, L_0x98d09fb60;  alias, 1 drivers
v0x98cc91720_0 .net "RegWriteW", 0 0, L_0x98d0ec1e0;  alias, 1 drivers
v0x98cc917c0_0 .net "ResultSrcE0", 0 0, L_0x98d0ec6e0;  1 drivers
v0x98cc91860_0 .net "Rs1D", 4 0, L_0x98d09dd60;  alias, 1 drivers
v0x98cc91900_0 .net "Rs1E", 4 0, L_0x98d09eda0;  alias, 1 drivers
v0x98cc919a0_0 .net "Rs2D", 4 0, L_0x98d09de00;  alias, 1 drivers
v0x98cc91a40_0 .net "Rs2E", 4 0, L_0x98d09ee40;  alias, 1 drivers
v0x98cc91ae0_0 .net "StallD", 0 0, L_0x98d072370;  alias, 1 drivers
v0x98cc91b80_0 .net "StallF", 0 0, L_0x98d0723e0;  alias, 1 drivers
v0x98cc91c20_0 .net *"_ivl_0", 0 0, L_0x98cc966c0;  1 drivers
v0x98cc91cc0_0 .net *"_ivl_2", 0 0, L_0x98cc96760;  1 drivers
v0x98cc91d60_0 .net *"_ivl_4", 0 0, L_0x98cc9c4d0;  1 drivers
v0x98cc91e00_0 .net "lwStall", 0 0, L_0x98cc9c540;  1 drivers
E_0x98d08e580/0 .event anyedge, v0x98cc8fac0_0, v0x98cc91540_0, v0x98cc91680_0, v0x98cc62760_0;
E_0x98d08e580/1 .event anyedge, v0x98cc62b20_0, v0x98cc8fc00_0;
E_0x98d08e580 .event/or E_0x98d08e580/0, E_0x98d08e580/1;
L_0x98cc966c0 .cmp/eq 5, L_0x98d09dd60, L_0x98d09eee0;
L_0x98cc96760 .cmp/eq 5, L_0x98d09de00, L_0x98d09eee0;
S_0x98cc89980 .scope module, "memStage" "memory_stage" 4 78, 19 1 0, S_0x103507980;
 .timescale -9 -12;
    .port_info 0 /INPUT 1 "clk";
    .port_info 1 /INPUT 1 "reset";
    .port_info 2 /INPUT 1 "RegWriteE";
    .port_info 3 /INPUT 2 "ResultSrcE";
    .port_info 4 /INPUT 1 "MemWriteE";
    .port_info 5 /INPUT 32 "ALUResultE";
    .port_info 6 /INPUT 32 "WriteDataE";
    .port_info 7 /INPUT 5 "RdE";
    .port_info 8 /INPUT 32 "PCPlus4E";
    .port_info 9 /OUTPUT 1 "RegWriteM";
    .port_info 10 /OUTPUT 2 "ResultSrcM";
    .port_info 11 /OUTPUT 32 "ALUResultM";
    .port_info 12 /OUTPUT 32 "ReadDataM";
    .port_info 13 /OUTPUT 5 "RdM";
    .port_info 14 /OUTPUT 32 "PCPlus4M";
v0x98cc92620_0 .net "ALUResultE", 31 0, v0x98cc8d040_0;  alias, 1 drivers
v0x98cc926c0_0 .net "ALUResultM", 31 0, L_0x98d09fd40;  alias, 1 drivers
v0x98cc92760_0 .net "MemWriteE", 0 0, L_0x98d09e8a0;  alias, 1 drivers
v0x98cc92800_0 .net "MemWriteM", 0 0, L_0x98d09fca0;  1 drivers
v0x98cc928a0_0 .net "PCPlus4E", 31 0, L_0x98d09f020;  alias, 1 drivers
v0x98cc92940_0 .net "PCPlus4M", 31 0, L_0x98d09ff20;  alias, 1 drivers
v0x98cc929e0_0 .net "RdE", 4 0, L_0x98d09eee0;  alias, 1 drivers
v0x98cc92a80_0 .net "RdM", 4 0, L_0x98d09fe80;  alias, 1 drivers
v0x98cc92b20_0 .net "ReadDataM", 31 0, L_0x98d0726f0;  alias, 1 drivers
v0x98cc92bc0_0 .net "RegWriteE", 0 0, L_0x98d09e760;  alias, 1 drivers
v0x98cc92c60_0 .net "RegWriteM", 0 0, L_0x98d09fb60;  alias, 1 drivers
v0x98cc92d00_0 .net "ResultSrcE", 1 0, L_0x98d09e800;  alias, 1 drivers
v0x98cc92da0_0 .net "ResultSrcM", 1 0, L_0x98d09fc00;  alias, 1 drivers
v0x98cc92e40_0 .net "WriteDataE", 31 0, L_0x98cc49a40;  alias, 1 drivers
v0x98cc92ee0_0 .net "WriteDataM", 31 0, L_0x98d09fde0;  1 drivers
v0x98cc92f80_0 .net "clk", 0 0, v0x98cc96120_0;  alias, 1 drivers
v0x98cc93020_0 .net "reset", 0 0, v0x98cc963a0_0;  alias, 1 drivers
LS_0x98d09fac0_0_0 .concat [ 32 5 32 32], L_0x98d09f020, L_0x98d09eee0, L_0x98cc49a40, v0x98cc8d040_0;
LS_0x98d09fac0_0_4 .concat [ 1 2 1 0], L_0x98d09e8a0, L_0x98d09e800, L_0x98d09e760;
L_0x98d09fac0 .concat [ 101 4 0 0], LS_0x98d09fac0_0_0, LS_0x98d09fac0_0_4;
L_0x98d09fb60 .part v0x98cc924e0_0, 104, 1;
L_0x98d09fc00 .part v0x98cc924e0_0, 102, 2;
L_0x98d09fca0 .part v0x98cc924e0_0, 101, 1;
L_0x98d09fd40 .part v0x98cc924e0_0, 69, 32;
L_0x98d09fde0 .part v0x98cc924e0_0, 37, 32;
L_0x98d09fe80 .part v0x98cc924e0_0, 32, 5;
L_0x98d09ff20 .part v0x98cc924e0_0, 0, 32;
S_0x98cc89b00 .scope module, "dataMemory" "dmem" 19 46, 20 1 0, S_0x98cc89980;
 .timescale -9 -12;
    .port_info 0 /INPUT 1 "clk";
    .port_info 1 /INPUT 1 "we";
    .port_info 2 /INPUT 32 "a";
    .port_info 3 /INPUT 32 "wd";
    .port_info 4 /OUTPUT 32 "rd";
L_0x98d0726f0 .functor BUFZ 32, L_0x98d0ec000, C4<00000000000000000000000000000000>, C4<00000000000000000000000000000000>, C4<00000000000000000000000000000000>;
v0x98cc91ea0 .array "RAM", 0 63, 31 0;
v0x98cc91f40_0 .net *"_ivl_0", 31 0, L_0x98d0ec000;  1 drivers
v0x98cc91fe0_0 .net *"_ivl_3", 29 0, L_0x98d0ec0a0;  1 drivers
v0x98cc92080_0 .net "a", 31 0, L_0x98d09fd40;  alias, 1 drivers
v0x98cc92120_0 .net "clk", 0 0, v0x98cc96120_0;  alias, 1 drivers
v0x98cc921c0_0 .net "rd", 31 0, L_0x98d0726f0;  alias, 1 drivers
v0x98cc92260_0 .net "wd", 31 0, L_0x98d09fde0;  alias, 1 drivers
v0x98cc92300_0 .net "we", 0 0, L_0x98d09fca0;  alias, 1 drivers
E_0x98d08e680 .event posedge, v0x98cc61180_0;
L_0x98d0ec000 .array/port v0x98cc91ea0, L_0x98d0ec0a0;
L_0x98d0ec0a0 .part L_0x98d09fd40, 2, 30;
S_0x98cc89c80 .scope module, "exmemReg" "flopr" 19 33, 21 1 0, S_0x98cc89980;
 .timescale -9 -12;
    .port_info 0 /INPUT 1 "clk";
    .port_info 1 /INPUT 1 "reset";
    .port_info 2 /INPUT 105 "d";
    .port_info 3 /OUTPUT 105 "q";
P_0x98cc25640 .param/l "WIDTH" 0 21 1, +C4<00000000000000000000000001101001>;
v0x98cc923a0_0 .net "clk", 0 0, v0x98cc96120_0;  alias, 1 drivers
v0x98cc92440_0 .net "d", 104 0, L_0x98d09fac0;  1 drivers
v0x98cc924e0_0 .var "q", 104 0;
v0x98cc92580_0 .net "reset", 0 0, v0x98cc963a0_0;  alias, 1 drivers
S_0x98cc89e00 .scope module, "wbStage" "writeback" 4 91, 22 1 0, S_0x103507980;
 .timescale -9 -12;
    .port_info 0 /INPUT 1 "clk";
    .port_info 1 /INPUT 1 "reset";
    .port_info 2 /INPUT 1 "RegWriteM";
    .port_info 3 /INPUT 2 "ResultSrcM";
    .port_info 4 /INPUT 32 "ALUResultM";
    .port_info 5 /INPUT 32 "ReadDataM";
    .port_info 6 /INPUT 5 "RdM";
    .port_info 7 /INPUT 32 "PCPlus4M";
    .port_info 8 /OUTPUT 1 "RegWriteW";
    .port_info 9 /OUTPUT 32 "ResultW";
    .port_info 10 /OUTPUT 5 "RdW";
v0x98cc93840_0 .net "ALUResultM", 31 0, L_0x98d09fd40;  alias, 1 drivers
v0x98cc938e0_0 .net "ALUResultW", 31 0, L_0x98d0ec320;  1 drivers
v0x98cc93980_0 .net "PCPlus4M", 31 0, L_0x98d09ff20;  alias, 1 drivers
v0x98cc93a20_0 .net "PCPlus4W", 31 0, L_0x98d0ec500;  1 drivers
v0x98cc93ac0_0 .net "RdM", 4 0, L_0x98d09fe80;  alias, 1 drivers
v0x98cc93b60_0 .net "RdW", 4 0, L_0x98d0ec460;  alias, 1 drivers
v0x98cc93c00_0 .net "ReadDataM", 31 0, L_0x98d0726f0;  alias, 1 drivers
v0x98cc93ca0_0 .net "ReadDataW", 31 0, L_0x98d0ec3c0;  1 drivers
v0x98cc93d40_0 .net "RegWriteM", 0 0, L_0x98d09fb60;  alias, 1 drivers
v0x98cc93de0_0 .net "RegWriteW", 0 0, L_0x98d0ec1e0;  alias, 1 drivers
v0x98cc93e80_0 .net "ResultSrcM", 1 0, L_0x98d09fc00;  alias, 1 drivers
v0x98cc93f20_0 .net "ResultSrcW", 1 0, L_0x98d0ec280;  1 drivers
v0x98cc94000_0 .net "ResultW", 31 0, L_0x98cc49cc0;  alias, 1 drivers
v0x98cc940a0_0 .net "clk", 0 0, v0x98cc96120_0;  alias, 1 drivers
v0x98cc94140_0 .net "reset", 0 0, v0x98cc963a0_0;  alias, 1 drivers
LS_0x98d0ec140_0_0 .concat [ 32 5 32 32], L_0x98d09ff20, L_0x98d09fe80, L_0x98d0726f0, L_0x98d09fd40;
LS_0x98d0ec140_0_4 .concat [ 2 1 0 0], L_0x98d09fc00, L_0x98d09fb60;
L_0x98d0ec140 .concat [ 101 3 0 0], LS_0x98d0ec140_0_0, LS_0x98d0ec140_0_4;
L_0x98d0ec1e0 .part v0x98cc93200_0, 103, 1;
L_0x98d0ec280 .part v0x98cc93200_0, 101, 2;
L_0x98d0ec320 .part v0x98cc93200_0, 69, 32;
L_0x98d0ec3c0 .part v0x98cc93200_0, 37, 32;
L_0x98d0ec460 .part v0x98cc93200_0, 32, 5;
L_0x98d0ec500 .part v0x98cc93200_0, 0, 32;
S_0x98cc8a100 .scope module, "memwbReg" "flopr" 22 29, 21 1 0, S_0x98cc89e00;
 .timescale -9 -12;
    .port_info 0 /INPUT 1 "clk";
    .port_info 1 /INPUT 1 "reset";
    .port_info 2 /INPUT 104 "d";
    .port_info 3 /OUTPUT 104 "q";
P_0x98cc25680 .param/l "WIDTH" 0 21 1, +C4<00000000000000000000000001101000>;
v0x98cc930c0_0 .net "clk", 0 0, v0x98cc96120_0;  alias, 1 drivers
v0x98cc93160_0 .net "d", 103 0, L_0x98d0ec140;  1 drivers
v0x98cc93200_0 .var "q", 103 0;
v0x98cc932a0_0 .net "reset", 0 0, v0x98cc963a0_0;  alias, 1 drivers
S_0x98cc8a280 .scope module, "resultMux" "mux3" 22 44, 12 1 0, S_0x98cc89e00;
 .timescale -9 -12;
    .port_info 0 /INPUT 32 "d0";
    .port_info 1 /INPUT 32 "d1";
    .port_info 2 /INPUT 32 "d2";
    .port_info 3 /INPUT 2 "s";
    .port_info 4 /OUTPUT 32 "y";
P_0x98cc256c0 .param/l "WIDTH" 0 12 1, +C4<00000000000000000000000000100000>;
v0x98cc93340_0 .net *"_ivl_1", 0 0, L_0x98d0ec5a0;  1 drivers
v0x98cc933e0_0 .net *"_ivl_3", 0 0, L_0x98d0ec640;  1 drivers
v0x98cc93480_0 .net *"_ivl_4", 31 0, L_0x98cc49c20;  1 drivers
v0x98cc93520_0 .net "d0", 31 0, L_0x98d0ec320;  alias, 1 drivers
v0x98cc935c0_0 .net "d1", 31 0, L_0x98d0ec3c0;  alias, 1 drivers
v0x98cc93660_0 .net "d2", 31 0, L_0x98d0ec500;  alias, 1 drivers
v0x98cc93700_0 .net "s", 1 0, L_0x98d0ec280;  alias, 1 drivers
v0x98cc937a0_0 .net "y", 31 0, L_0x98cc49cc0;  alias, 1 drivers
L_0x98d0ec5a0 .part L_0x98d0ec280, 1, 1;
L_0x98d0ec640 .part L_0x98d0ec280, 0, 1;
L_0x98cc49c20 .functor MUXZ 32, L_0x98d0ec320, L_0x98d0ec3c0, L_0x98d0ec640, C4<>;
L_0x98cc49cc0 .functor MUXZ 32, L_0x98cc49c20, L_0x98d0ec500, L_0x98d0ec5a0, C4<>;
    .scope S_0x98cc89500;
T_0 ;
    %wait E_0x98d08e300;
    %load/vec4 v0x98cc908c0_0;
    %flag_set/vec4 8;
    %jmp/0xz  T_0.0, 8;
    %pushi/vec4 0, 0, 32;
    %assign/vec4 v0x98cc90820_0, 0;
    %jmp T_0.1;
T_0.0 ;
    %load/vec4 v0x98cc90780_0;
    %flag_set/vec4 8;
    %jmp/0xz  T_0.2, 8;
    %load/vec4 v0x98cc906e0_0;
    %assign/vec4 v0x98cc90820_0, 0;
T_0.2 ;
T_0.1 ;
    %jmp T_0;
    .thread T_0;
    .scope S_0x98cc89200;
T_1 ;
    %vpi_call/w 16 7 "$readmemh", "Single Cycle/riscvtest.txt", v0x98cc90140 {0 0 0};
    %end;
    .thread T_1;
    .scope S_0x98cc88000;
T_2 ;
    %wait E_0x98d08e300;
    %load/vec4 v0x98cc61400_0;
    %flag_set/vec4 8;
    %jmp/0xz  T_2.0, 8;
    %pushi/vec4 0, 0, 32;
    %assign/vec4 v0x98cc61360_0, 0;
    %jmp T_2.1;
T_2.0 ;
    %load/vec4 v0x98cc610e0_0;
    %flag_set/vec4 8;
    %jmp/0xz  T_2.2, 8;
    %pushi/vec4 0, 0, 32;
    %assign/vec4 v0x98cc61360_0, 0;
    %jmp T_2.3;
T_2.2 ;
    %load/vec4 v0x98cc612c0_0;
    %flag_set/vec4 8;
    %jmp/0xz  T_2.4, 8;
    %load/vec4 v0x98cc61220_0;
    %assign/vec4 v0x98cc61360_0, 0;
T_2.4 ;
T_2.3 ;
T_2.1 ;
    %jmp T_2;
    .thread T_2;
    .scope S_0x98cc88180;
T_3 ;
    %wait E_0x98d08e300;
    %load/vec4 v0x98cc617c0_0;
    %flag_set/vec4 8;
    %jmp/0xz  T_3.0, 8;
    %pushi/vec4 0, 0, 32;
    %assign/vec4 v0x98cc61720_0, 0;
    %jmp T_3.1;
T_3.0 ;
    %load/vec4 v0x98cc614a0_0;
    %flag_set/vec4 8;
    %jmp/0xz  T_3.2, 8;
    %pushi/vec4 0, 0, 32;
    %assign/vec4 v0x98cc61720_0, 0;
    %jmp T_3.3;
T_3.2 ;
    %load/vec4 v0x98cc61680_0;
    %flag_set/vec4 8;
    %jmp/0xz  T_3.4, 8;
    %load/vec4 v0x98cc615e0_0;
    %assign/vec4 v0x98cc61720_0, 0;
T_3.4 ;
T_3.3 ;
T_3.1 ;
    %jmp T_3;
    .thread T_3;
    .scope S_0x98cc88300;
T_4 ;
    %wait E_0x98d08e300;
    %load/vec4 v0x98cc61b80_0;
    %flag_set/vec4 8;
    %jmp/0xz  T_4.0, 8;
    %pushi/vec4 0, 0, 32;
    %assign/vec4 v0x98cc61ae0_0, 0;
    %jmp T_4.1;
T_4.0 ;
    %load/vec4 v0x98cc61860_0;
    %flag_set/vec4 8;
    %jmp/0xz  T_4.2, 8;
    %pushi/vec4 0, 0, 32;
    %assign/vec4 v0x98cc61ae0_0, 0;
    %jmp T_4.3;
T_4.2 ;
    %load/vec4 v0x98cc61a40_0;
    %flag_set/vec4 8;
    %jmp/0xz  T_4.4, 8;
    %load/vec4 v0x98cc619a0_0;
    %assign/vec4 v0x98cc61ae0_0, 0;
T_4.4 ;
T_4.3 ;
T_4.1 ;
    %jmp T_4;
    .thread T_4;
    .scope S_0x98cc88480;
T_5 ;
    %wait E_0x98d08e400;
    %load/vec4 v0x98cc62b20_0;
    %flag_set/vec4 8;
    %jmp/0xz  T_5.0, 8;
    %load/vec4 v0x98cc62a80_0;
    %load/vec4 v0x98cc62760_0;
    %pad/u 7;
    %ix/vec4 3;
    %ix/load 4, 0, 0; Constant delay
    %assign/vec4/a/d v0x98cc629e0, 0, 4;
T_5.0 ;
    %jmp T_5;
    .thread T_5;
    .scope S_0x1034ff9e0;
T_6 ;
Ewait_0 .event/or E_0x98d08e240, E_0x0;
    %wait Ewait_0;
    %pushi/vec4 0, 0, 1;
    %store/vec4 v0x98cc60820_0, 0, 1;
    %pushi/vec4 0, 0, 1;
    %store/vec4 v0x98cc60780_0, 0, 1;
    %pushi/vec4 0, 0, 1;
    %store/vec4 v0x98cc60500_0, 0, 1;
    %pushi/vec4 0, 0, 2;
    %store/vec4 v0x98cc608c0_0, 0, 2;
    %pushi/vec4 0, 0, 1;
    %store/vec4 v0x98cc605a0_0, 0, 1;
    %pushi/vec4 0, 0, 1;
    %store/vec4 v0x98cc606e0_0, 0, 1;
    %pushi/vec4 0, 0, 2;
    %store/vec4 v0x98cc60640_0, 0, 2;
    %pushi/vec4 0, 0, 2;
    %store/vec4 v0x98cc60460_0, 0, 2;
    %load/vec4 v0x98cc60d20_0;
    %dup/vec4;
    %pushi/vec4 3, 0, 7;
    %cmp/u;
    %jmp/1 T_6.0, 6;
    %dup/vec4;
    %pushi/vec4 35, 0, 7;
    %cmp/u;
    %jmp/1 T_6.1, 6;
    %dup/vec4;
    %pushi/vec4 51, 0, 7;
    %cmp/u;
    %jmp/1 T_6.2, 6;
    %dup/vec4;
    %pushi/vec4 19, 0, 7;
    %cmp/u;
    %jmp/1 T_6.3, 6;
    %dup/vec4;
    %pushi/vec4 99, 0, 7;
    %cmp/u;
    %jmp/1 T_6.4, 6;
    %dup/vec4;
    %pushi/vec4 111, 0, 7;
    %cmp/u;
    %jmp/1 T_6.5, 6;
    %jmp T_6.7;
T_6.0 ;
    %pushi/vec4 1, 0, 1;
    %store/vec4 v0x98cc60820_0, 0, 1;
    %pushi/vec4 0, 0, 2;
    %store/vec4 v0x98cc60640_0, 0, 2;
    %pushi/vec4 1, 0, 1;
    %store/vec4 v0x98cc60500_0, 0, 1;
    %pushi/vec4 1, 0, 2;
    %store/vec4 v0x98cc608c0_0, 0, 2;
    %pushi/vec4 0, 0, 2;
    %store/vec4 v0x98cc60460_0, 0, 2;
    %jmp T_6.7;
T_6.1 ;
    %pushi/vec4 1, 0, 1;
    %store/vec4 v0x98cc60780_0, 0, 1;
    %pushi/vec4 1, 0, 2;
    %store/vec4 v0x98cc60640_0, 0, 2;
    %pushi/vec4 1, 0, 1;
    %store/vec4 v0x98cc60500_0, 0, 1;
    %pushi/vec4 0, 0, 2;
    %store/vec4 v0x98cc60460_0, 0, 2;
    %jmp T_6.7;
T_6.2 ;
    %pushi/vec4 1, 0, 1;
    %store/vec4 v0x98cc60820_0, 0, 1;
    %pushi/vec4 3, 3, 2;
    %store/vec4 v0x98cc60640_0, 0, 2;
    %pushi/vec4 0, 0, 1;
    %store/vec4 v0x98cc60500_0, 0, 1;
    %pushi/vec4 0, 0, 2;
    %store/vec4 v0x98cc608c0_0, 0, 2;
    %pushi/vec4 2, 0, 2;
    %store/vec4 v0x98cc60460_0, 0, 2;
    %jmp T_6.7;
T_6.3 ;
    %pushi/vec4 1, 0, 1;
    %store/vec4 v0x98cc60820_0, 0, 1;
    %pushi/vec4 0, 0, 2;
    %store/vec4 v0x98cc60640_0, 0, 2;
    %pushi/vec4 1, 0, 1;
    %store/vec4 v0x98cc60500_0, 0, 1;
    %pushi/vec4 0, 0, 2;
    %store/vec4 v0x98cc608c0_0, 0, 2;
    %pushi/vec4 2, 0, 2;
    %store/vec4 v0x98cc60460_0, 0, 2;
    %jmp T_6.7;
T_6.4 ;
    %pushi/vec4 1, 0, 1;
    %store/vec4 v0x98cc605a0_0, 0, 1;
    %pushi/vec4 2, 0, 2;
    %store/vec4 v0x98cc60640_0, 0, 2;
    %pushi/vec4 0, 0, 1;
    %store/vec4 v0x98cc60500_0, 0, 1;
    %pushi/vec4 0, 0, 2;
    %store/vec4 v0x98cc608c0_0, 0, 2;
    %pushi/vec4 1, 0, 2;
    %store/vec4 v0x98cc60460_0, 0, 2;
    %jmp T_6.7;
T_6.5 ;
    %pushi/vec4 1, 0, 1;
    %store/vec4 v0x98cc60820_0, 0, 1;
    %pushi/vec4 3, 0, 2;
    %store/vec4 v0x98cc60640_0, 0, 2;
    %pushi/vec4 0, 0, 1;
    %store/vec4 v0x98cc60500_0, 0, 1;
    %pushi/vec4 2, 0, 2;
    %store/vec4 v0x98cc608c0_0, 0, 2;
    %pushi/vec4 1, 0, 1;
    %store/vec4 v0x98cc606e0_0, 0, 1;
    %pushi/vec4 3, 3, 2;
    %store/vec4 v0x98cc60460_0, 0, 2;
    %jmp T_6.7;
T_6.7 ;
    %pop/vec4 1;
    %jmp T_6;
    .thread T_6, $push;
    .scope S_0x1034ff9e0;
T_7 ;
Ewait_1 .event/or E_0x98d08e200, E_0x0;
    %wait Ewait_1;
    %load/vec4 v0x98cc60460_0;
    %dup/vec4;
    %pushi/vec4 0, 0, 2;
    %cmp/u;
    %jmp/1 T_7.0, 6;
    %dup/vec4;
    %pushi/vec4 1, 0, 2;
    %cmp/u;
    %jmp/1 T_7.1, 6;
    %dup/vec4;
    %pushi/vec4 2, 0, 2;
    %cmp/u;
    %jmp/1 T_7.2, 6;
    %pushi/vec4 0, 0, 4;
    %store/vec4 v0x98cc603c0_0, 0, 4;
    %jmp T_7.4;
T_7.0 ;
    %pushi/vec4 0, 0, 4;
    %store/vec4 v0x98cc603c0_0, 0, 4;
    %jmp T_7.4;
T_7.1 ;
    %pushi/vec4 8, 0, 4;
    %store/vec4 v0x98cc603c0_0, 0, 4;
    %jmp T_7.4;
T_7.2 ;
    %load/vec4 v0x98cc60be0_0;
    %dup/vec4;
    %pushi/vec4 0, 0, 3;
    %cmp/u;
    %jmp/1 T_7.5, 6;
    %dup/vec4;
    %pushi/vec4 1, 0, 3;
    %cmp/u;
    %jmp/1 T_7.6, 6;
    %dup/vec4;
    %pushi/vec4 2, 0, 3;
    %cmp/u;
    %jmp/1 T_7.7, 6;
    %dup/vec4;
    %pushi/vec4 3, 0, 3;
    %cmp/u;
    %jmp/1 T_7.8, 6;
    %dup/vec4;
    %pushi/vec4 4, 0, 3;
    %cmp/u;
    %jmp/1 T_7.9, 6;
    %dup/vec4;
    %pushi/vec4 5, 0, 3;
    %cmp/u;
    %jmp/1 T_7.10, 6;
    %dup/vec4;
    %pushi/vec4 6, 0, 3;
    %cmp/u;
    %jmp/1 T_7.11, 6;
    %dup/vec4;
    %pushi/vec4 7, 0, 3;
    %cmp/u;
    %jmp/1 T_7.12, 6;
    %pushi/vec4 0, 0, 4;
    %store/vec4 v0x98cc603c0_0, 0, 4;
    %jmp T_7.14;
T_7.5 ;
    %load/vec4 v0x98cc60e60_0;
    %flag_set/vec4 8;
    %jmp/0 T_7.15, 8;
    %pushi/vec4 8, 0, 4;
    %jmp/1 T_7.16, 8;
T_7.15 ; End of true expr.
    %pushi/vec4 0, 0, 4;
    %jmp/0 T_7.16, 8;
 ; End of false expr.
    %blend;
T_7.16;
    %store/vec4 v0x98cc603c0_0, 0, 4;
    %jmp T_7.14;
T_7.6 ;
    %pushi/vec4 1, 0, 4;
    %store/vec4 v0x98cc603c0_0, 0, 4;
    %jmp T_7.14;
T_7.7 ;
    %pushi/vec4 2, 0, 4;
    %store/vec4 v0x98cc603c0_0, 0, 4;
    %jmp T_7.14;
T_7.8 ;
    %pushi/vec4 3, 0, 4;
    %store/vec4 v0x98cc603c0_0, 0, 4;
    %jmp T_7.14;
T_7.9 ;
    %pushi/vec4 4, 0, 4;
    %store/vec4 v0x98cc603c0_0, 0, 4;
    %jmp T_7.14;
T_7.10 ;
    %load/vec4 v0x98cc60e60_0;
    %flag_set/vec4 8;
    %jmp/0 T_7.17, 8;
    %pushi/vec4 13, 0, 4;
    %jmp/1 T_7.18, 8;
T_7.17 ; End of true expr.
    %pushi/vec4 5, 0, 4;
    %jmp/0 T_7.18, 8;
 ; End of false expr.
    %blend;
T_7.18;
    %store/vec4 v0x98cc603c0_0, 0, 4;
    %jmp T_7.14;
T_7.11 ;
    %pushi/vec4 6, 0, 4;
    %store/vec4 v0x98cc603c0_0, 0, 4;
    %jmp T_7.14;
T_7.12 ;
    %pushi/vec4 7, 0, 4;
    %store/vec4 v0x98cc603c0_0, 0, 4;
    %jmp T_7.14;
T_7.14 ;
    %pop/vec4 1;
    %jmp T_7.4;
T_7.4 ;
    %pop/vec4 1;
    %jmp T_7;
    .thread T_7, $push;
    .scope S_0x1034f4ab0;
T_8 ;
Ewait_2 .event/or E_0x98d08e280, E_0x0;
    %wait Ewait_2;
    %load/vec4 v0x98cc60fa0_0;
    %dup/vec4;
    %pushi/vec4 0, 0, 2;
    %cmp/u;
    %jmp/1 T_8.0, 6;
    %dup/vec4;
    %pushi/vec4 1, 0, 2;
    %cmp/u;
    %jmp/1 T_8.1, 6;
    %dup/vec4;
    %pushi/vec4 2, 0, 2;
    %cmp/u;
    %jmp/1 T_8.2, 6;
    %dup/vec4;
    %pushi/vec4 3, 0, 2;
    %cmp/u;
    %jmp/1 T_8.3, 6;
    %pushi/vec4 4294967295, 4294967295, 32;
    %store/vec4 v0x98cc60f00_0, 0, 32;
    %jmp T_8.5;
T_8.0 ;
    %load/vec4 v0x98cc61040_0;
    %parti/s 1, 24, 6;
    %replicate 20;
    %load/vec4 v0x98cc61040_0;
    %parti/s 12, 13, 5;
    %concat/vec4; draw_concat_vec4
    %store/vec4 v0x98cc60f00_0, 0, 32;
    %jmp T_8.5;
T_8.1 ;
    %load/vec4 v0x98cc61040_0;
    %parti/s 1, 24, 6;
    %replicate 20;
    %load/vec4 v0x98cc61040_0;
    %parti/s 7, 18, 6;
    %concat/vec4; draw_concat_vec4
    %load/vec4 v0x98cc61040_0;
    %parti/s 5, 0, 2;
    %concat/vec4; draw_concat_vec4
    %store/vec4 v0x98cc60f00_0, 0, 32;
    %jmp T_8.5;
T_8.2 ;
    %load/vec4 v0x98cc61040_0;
    %parti/s 1, 24, 6;
    %replicate 20;
    %load/vec4 v0x98cc61040_0;
    %parti/s 1, 0, 2;
    %concat/vec4; draw_concat_vec4
    %load/vec4 v0x98cc61040_0;
    %parti/s 6, 18, 6;
    %concat/vec4; draw_concat_vec4
    %load/vec4 v0x98cc61040_0;
    %parti/s 4, 1, 2;
    %concat/vec4; draw_concat_vec4
    %concati/vec4 0, 0, 1;
    %store/vec4 v0x98cc60f00_0, 0, 32;
    %jmp T_8.5;
T_8.3 ;
    %load/vec4 v0x98cc61040_0;
    %parti/s 1, 24, 6;
    %replicate 12;
    %load/vec4 v0x98cc61040_0;
    %parti/s 8, 5, 4;
    %concat/vec4; draw_concat_vec4
    %load/vec4 v0x98cc61040_0;
    %parti/s 1, 13, 5;
    %concat/vec4; draw_concat_vec4
    %load/vec4 v0x98cc61040_0;
    %parti/s 10, 14, 5;
    %concat/vec4; draw_concat_vec4
    %concati/vec4 0, 0, 1;
    %store/vec4 v0x98cc60f00_0, 0, 32;
    %jmp T_8.5;
T_8.5 ;
    %pop/vec4 1;
    %jmp T_8;
    .thread T_8, $push;
    .scope S_0x98cc88c00;
T_9 ;
    %wait E_0x98d08e300;
    %load/vec4 v0x98cc8dfe0_0;
    %flag_set/vec4 8;
    %jmp/0xz  T_9.0, 8;
    %pushi/vec4 0, 0, 186;
    %assign/vec4 v0x98cc8df40_0, 0;
    %jmp T_9.1;
T_9.0 ;
    %load/vec4 v0x98cc8dcc0_0;
    %flag_set/vec4 8;
    %jmp/0xz  T_9.2, 8;
    %pushi/vec4 0, 0, 186;
    %assign/vec4 v0x98cc8df40_0, 0;
    %jmp T_9.3;
T_9.2 ;
    %load/vec4 v0x98cc8dea0_0;
    %flag_set/vec4 8;
    %jmp/0xz  T_9.4, 8;
    %load/vec4 v0x98cc8de00_0;
    %assign/vec4 v0x98cc8df40_0, 0;
T_9.4 ;
T_9.3 ;
T_9.1 ;
    %jmp T_9;
    .thread T_9;
    .scope S_0x98cc88780;
T_10 ;
Ewait_3 .event/or E_0x98d08e3c0, E_0x0;
    %wait Ewait_3;
    %load/vec4 v0x98cc8cdc0_0;
    %dup/vec4;
    %pushi/vec4 0, 0, 4;
    %cmp/u;
    %jmp/1 T_10.0, 6;
    %dup/vec4;
    %pushi/vec4 1, 0, 4;
    %cmp/u;
    %jmp/1 T_10.1, 6;
    %dup/vec4;
    %pushi/vec4 2, 0, 4;
    %cmp/u;
    %jmp/1 T_10.2, 6;
    %dup/vec4;
    %pushi/vec4 3, 0, 4;
    %cmp/u;
    %jmp/1 T_10.3, 6;
    %dup/vec4;
    %pushi/vec4 4, 0, 4;
    %cmp/u;
    %jmp/1 T_10.4, 6;
    %dup/vec4;
    %pushi/vec4 5, 0, 4;
    %cmp/u;
    %jmp/1 T_10.5, 6;
    %dup/vec4;
    %pushi/vec4 6, 0, 4;
    %cmp/u;
    %jmp/1 T_10.6, 6;
    %dup/vec4;
    %pushi/vec4 7, 0, 4;
    %cmp/u;
    %jmp/1 T_10.7, 6;
    %dup/vec4;
    %pushi/vec4 8, 0, 4;
    %cmp/u;
    %jmp/1 T_10.8, 6;
    %dup/vec4;
    %pushi/vec4 13, 0, 4;
    %cmp/u;
    %jmp/1 T_10.9, 6;
    %pushi/vec4 4294967295, 4294967295, 32;
    %store/vec4 v0x98cc8d040_0, 0, 32;
    %jmp T_10.11;
T_10.0 ;
    %load/vec4 v0x98cc8d0e0_0;
    %store/vec4 v0x98cc8d040_0, 0, 32;
    %jmp T_10.11;
T_10.1 ;
    %load/vec4 v0x98cc8cd20_0;
    %load/vec4 v0x98cc8ce60_0;
    %parti/s 5, 0, 2;
    %ix/vec4 4;
    %shiftl 4;
    %store/vec4 v0x98cc8d040_0, 0, 32;
    %jmp T_10.11;
T_10.2 ;
    %load/vec4 v0x98cc8cd20_0;
    %load/vec4 v0x98cc8ce60_0;
    %cmp/s;
    %flag_mov 8, 5;
    %jmp/0 T_10.12, 8;
    %pushi/vec4 1, 0, 32;
    %jmp/1 T_10.13, 8;
T_10.12 ; End of true expr.
    %pushi/vec4 0, 0, 32;
    %jmp/0 T_10.13, 8;
 ; End of false expr.
    %blend;
T_10.13;
    %store/vec4 v0x98cc8d040_0, 0, 32;
    %jmp T_10.11;
T_10.3 ;
    %load/vec4 v0x98cc8cd20_0;
    %load/vec4 v0x98cc8ce60_0;
    %cmp/u;
    %flag_mov 8, 5;
    %jmp/0 T_10.14, 8;
    %pushi/vec4 1, 0, 32;
    %jmp/1 T_10.15, 8;
T_10.14 ; End of true expr.
    %pushi/vec4 0, 0, 32;
    %jmp/0 T_10.15, 8;
 ; End of false expr.
    %blend;
T_10.15;
    %store/vec4 v0x98cc8d040_0, 0, 32;
    %jmp T_10.11;
T_10.4 ;
    %load/vec4 v0x98cc8cd20_0;
    %load/vec4 v0x98cc8ce60_0;
    %xor;
    %store/vec4 v0x98cc8d040_0, 0, 32;
    %jmp T_10.11;
T_10.5 ;
    %load/vec4 v0x98cc8cd20_0;
    %load/vec4 v0x98cc8ce60_0;
    %parti/s 5, 0, 2;
    %ix/vec4 4;
    %shiftr 4;
    %store/vec4 v0x98cc8d040_0, 0, 32;
    %jmp T_10.11;
T_10.6 ;
    %load/vec4 v0x98cc8cd20_0;
    %load/vec4 v0x98cc8ce60_0;
    %or;
    %store/vec4 v0x98cc8d040_0, 0, 32;
    %jmp T_10.11;
T_10.7 ;
    %load/vec4 v0x98cc8cd20_0;
    %load/vec4 v0x98cc8ce60_0;
    %and;
    %store/vec4 v0x98cc8d040_0, 0, 32;
    %jmp T_10.11;
T_10.8 ;
    %load/vec4 v0x98cc8d0e0_0;
    %store/vec4 v0x98cc8d040_0, 0, 32;
    %jmp T_10.11;
T_10.9 ;
    %load/vec4 v0x98cc8cd20_0;
    %load/vec4 v0x98cc8ce60_0;
    %parti/s 5, 0, 2;
    %ix/vec4 4;
    %shiftr/s 4;
    %store/vec4 v0x98cc8d040_0, 0, 32;
    %jmp T_10.11;
T_10.11 ;
    %pop/vec4 1;
    %jmp T_10;
    .thread T_10, $push;
    .scope S_0x98cc89c80;
T_11 ;
    %wait E_0x98d08e300;
    %load/vec4 v0x98cc92580_0;
    %flag_set/vec4 8;
    %jmp/0xz  T_11.0, 8;
    %pushi/vec4 0, 0, 105;
    %assign/vec4 v0x98cc924e0_0, 0;
    %jmp T_11.1;
T_11.0 ;
    %load/vec4 v0x98cc92440_0;
    %assign/vec4 v0x98cc924e0_0, 0;
T_11.1 ;
    %jmp T_11;
    .thread T_11;
    .scope S_0x98cc89b00;
T_12 ;
    %wait E_0x98d08e680;
    %load/vec4 v0x98cc92300_0;
    %flag_set/vec4 8;
    %jmp/0xz  T_12.0, 8;
    %load/vec4 v0x98cc92260_0;
    %load/vec4 v0x98cc92080_0;
    %parti/s 30, 2, 3;
    %ix/vec4 3;
    %ix/load 4, 0, 0; Constant delay
    %assign/vec4/a/d v0x98cc91ea0, 0, 4;
T_12.0 ;
    %jmp T_12;
    .thread T_12;
    .scope S_0x98cc8a100;
T_13 ;
    %wait E_0x98d08e300;
    %load/vec4 v0x98cc932a0_0;
    %flag_set/vec4 8;
    %jmp/0xz  T_13.0, 8;
    %pushi/vec4 0, 0, 104;
    %assign/vec4 v0x98cc93200_0, 0;
    %jmp T_13.1;
T_13.0 ;
    %load/vec4 v0x98cc93160_0;
    %assign/vec4 v0x98cc93200_0, 0;
T_13.1 ;
    %jmp T_13;
    .thread T_13;
    .scope S_0x98cc89800;
T_14 ;
Ewait_4 .event/or E_0x98d08e580, E_0x0;
    %wait Ewait_4;
    %load/vec4 v0x98cc91900_0;
    %load/vec4 v0x98cc91540_0;
    %cmp/e;
    %flag_get/vec4 4;
    %load/vec4 v0x98cc91680_0;
    %and;
    %load/vec4 v0x98cc91900_0;
    %pushi/vec4 0, 0, 5;
    %cmp/ne;
    %flag_get/vec4 4;
    %and;
    %flag_set/vec4 8;
    %jmp/0xz  T_14.0, 8;
    %pushi/vec4 2, 0, 2;
    %store/vec4 v0x98cc912c0_0, 0, 2;
    %jmp T_14.1;
T_14.0 ;
    %load/vec4 v0x98cc91900_0;
    %load/vec4 v0x98cc915e0_0;
    %cmp/e;
    %flag_get/vec4 4;
    %load/vec4 v0x98cc91720_0;
    %and;
    %load/vec4 v0x98cc91900_0;
    %pushi/vec4 0, 0, 5;
    %cmp/ne;
    %flag_get/vec4 4;
    %and;
    %flag_set/vec4 8;
    %jmp/0xz  T_14.2, 8;
    %pushi/vec4 1, 0, 2;
    %store/vec4 v0x98cc912c0_0, 0, 2;
    %jmp T_14.3;
T_14.2 ;
    %pushi/vec4 0, 0, 2;
    %store/vec4 v0x98cc912c0_0, 0, 2;
T_14.3 ;
T_14.1 ;
    %load/vec4 v0x98cc91a40_0;
    %load/vec4 v0x98cc91540_0;
    %cmp/e;
    %flag_get/vec4 4;
    %load/vec4 v0x98cc91680_0;
    %and;
    %load/vec4 v0x98cc91a40_0;
    %pushi/vec4 0, 0, 5;
    %cmp/ne;
    %flag_get/vec4 4;
    %and;
    %flag_set/vec4 8;
    %jmp/0xz  T_14.4, 8;
    %pushi/vec4 2, 0, 2;
    %store/vec4 v0x98cc91360_0, 0, 2;
    %jmp T_14.5;
T_14.4 ;
    %load/vec4 v0x98cc91a40_0;
    %load/vec4 v0x98cc915e0_0;
    %cmp/e;
    %flag_get/vec4 4;
    %load/vec4 v0x98cc91720_0;
    %and;
    %load/vec4 v0x98cc91a40_0;
    %pushi/vec4 0, 0, 5;
    %cmp/ne;
    %flag_get/vec4 4;
    %and;
    %flag_set/vec4 8;
    %jmp/0xz  T_14.6, 8;
    %pushi/vec4 1, 0, 2;
    %store/vec4 v0x98cc91360_0, 0, 2;
    %jmp T_14.7;
T_14.6 ;
    %pushi/vec4 0, 0, 2;
    %store/vec4 v0x98cc91360_0, 0, 2;
T_14.7 ;
T_14.5 ;
    %jmp T_14;
    .thread T_14, $push;
    .scope S_0x10350baa0;
T_15 ;
    %pushi/vec4 0, 0, 1;
    %store/vec4 v0x98cc96120_0, 0, 1;
    %pushi/vec4 1, 0, 1;
    %store/vec4 v0x98cc963a0_0, 0, 1;
    %delay 22000, 0;
    %pushi/vec4 0, 0, 1;
    %store/vec4 v0x98cc963a0_0, 0, 1;
    %end;
    .thread T_15;
    .scope S_0x10350baa0;
T_16 ;
    %delay 5000, 0;
    %load/vec4 v0x98cc96120_0;
    %inv;
    %store/vec4 v0x98cc96120_0, 0, 1;
    %jmp T_16;
    .thread T_16;
    .scope S_0x10350baa0;
T_17 ;
    %pushi/vec4 0, 0, 32;
    %store/vec4 v0x98cc961c0_0, 0, 32;
    %end;
    .thread T_17;
    .scope S_0x10350baa0;
T_18 ;
    %wait E_0x98d08e680;
    %load/vec4 v0x98cc963a0_0;
    %nor/r;
    %flag_set/vec4 9;
    %flag_get/vec4 9;
    %jmp/0 T_18.2, 9;
    %load/vec4 v0x98cc961c0_0;
    %cmpi/s 30, 0, 32;
    %flag_get/vec4 4;
    %flag_get/vec4 5;
    %or;
    %and;
T_18.2;
    %flag_set/vec4 8;
    %jmp/0xz  T_18.0, 8;
    %load/vec4 v0x98cc961c0_0;
    %addi 1, 0, 32;
    %assign/vec4 v0x98cc961c0_0, 0;
    %vpi_call/w 3 28 "$display", "============================================================" {0 0 0};
    %vpi_call/w 3 29 "$display", "CICLO %0d", v0x98cc961c0_0 {0 0 0};
    %vpi_call/w 3 30 "$display", "  [IF ] PC=%08h  Instr=%08h", v0x98cc94c80_0, v0x98cc948c0_0 {0 0 0};
    %vpi_call/w 3 31 "$display", "  [ID ] Instr=%08h  PC+4=%08h  rs1=x%0d rs2=x%0d rd=x%0d", v0x98cc94820_0, v0x98cc94d20_0, v0x98cc95a40_0, v0x98cc95b80_0, v0x98cc95220_0 {0 0 0};
    %vpi_call/w 3 33 "$display", "  [EX ] ALUResult=%08h  WriteData=%08h  Zero=%b  PCSrc=%b  rd=x%0d", v0x98cc94280_0, v0x98cc95e00_0, v0x98cc95f40_0, v0x98cc94fa0_0, v0x98cc952c0_0 {0 0 0};
    %vpi_call/w 3 35 "$display", "  [MEM] ALUResult=%08h  WriteData=%08h  MemWrite=%b  rd=x%0d", v0x98cc94320_0, v0x98cc95ea0_0, v0x98cc94b40_0, v0x98cc95360_0 {0 0 0};
    %vpi_call/w 3 37 "$display", "  [WB ] Result=%08h  rd=x%0d", v0x98cc959a0_0, v0x98cc95400_0 {0 0 0};
    %vpi_call/w 3 38 "$display", "============================================================" {0 0 0};
T_18.0 ;
    %jmp T_18;
    .thread T_18;
    .scope S_0x10350baa0;
T_19 ;
    %wait E_0x98d08e400;
    %load/vec4 v0x98cc96260_0;
    %flag_set/vec4 8;
    %jmp/0xz  T_19.0, 8;
    %load/vec4 v0x98cc94320_0;
    %cmpi/e 100, 0, 32;
    %flag_get/vec4 6;
    %jmp/0 T_19.4, 6;
    %load/vec4 v0x98cc95ea0_0;
    %pushi/vec4 25, 0, 32;
    %cmp/e;
    %flag_get/vec4 6;
    %and;
T_19.4;
    %flag_set/vec4 8;
    %jmp/0xz  T_19.2, 8;
    %vpi_call/w 3 46 "$display", "*** SIMULACION EXITOSA: mem[100] = 25 ***" {0 0 0};
    %delay 20000, 0;
    %vpi_call/w 3 48 "$finish" {0 0 0};
    %jmp T_19.3;
T_19.2 ;
    %load/vec4 v0x98cc94320_0;
    %cmpi/ne 96, 0, 32;
    %jmp/0xz  T_19.5, 6;
    %vpi_call/w 3 50 "$display", "*** SIMULACION FALLIDA ***" {0 0 0};
    %vpi_call/w 3 51 "$stop" {0 0 0};
T_19.5 ;
T_19.3 ;
T_19.0 ;
    %jmp T_19;
    .thread T_19;
    .scope S_0x10350baa0;
T_20 ;
    %delay 5000000, 0;
    %vpi_call/w 3 58 "$display", "TIMEOUT: revisar waveforms" {0 0 0};
    %vpi_call/w 3 59 "$finish" {0 0 0};
    %end;
    .thread T_20;
# The file index is used to find the file name in the following table.
:file_names 23;
    "N/A";
    "<interactive>";
    "-";
    "Datapath/tb.v";
    "Datapath/riscv_pipeline.v";
    "Datapath/Decode/decode.v";
    "Controller/controller.v";
    "Datapath/extend.v";
    "Datapath/flopenrc.v";
    "Datapath/Decode/regfile.v";
    "Datapath/Execute/execute.v";
    "Datapath/alu.v";
    "Datapath/mux3.v";
    "Datapath/adder.v";
    "Datapath/mux2.v";
    "Datapath/Fetch/fetch.v";
    "Datapath/Fetch/imem.v";
    "Datapath/flopenr.v";
    "Hazard Unit/hunit.v";
    "Datapath/Memory/memory.v";
    "Datapath/Memory/dmem.v";
    "Datapath/flopr.v";
    "Datapath/WriteBack/writeback.v";
