#! /c/Source/iverilog-install/bin/vvp
:ivl_version "12.0 (devel)" "(s20150603-1110-g18392a46)";
:ivl_delay_selection "TYPICAL";
:vpi_time_precision - 12;
:vpi_module "C:\iverilog\lib\ivl\system.vpi";
:vpi_module "C:\iverilog\lib\ivl\vhdl_sys.vpi";
:vpi_module "C:\iverilog\lib\ivl\vhdl_textio.vpi";
:vpi_module "C:\iverilog\lib\ivl\v2005_math.vpi";
:vpi_module "C:\iverilog\lib\ivl\va_math.vpi";
:vpi_module "C:\iverilog\lib\ivl\v2009.vpi";
S_0000022cf7a928d0 .scope package, "$unit" "$unit" 2 1;
 .timescale 0 0;
S_0000022cf7a91f20 .scope module, "tb" "tb" 3 7;
 .timescale -9 -12;
v0000022cf7afd300_0 .var "clk", 0 0;
v0000022cf7afd620_0 .var/i "fail", 31 0;
v0000022cf7afdf80_0 .var/i "pass", 31 0;
v0000022cf7afd6c0_0 .net "pcF", 31 0, v0000022cf7a931c0_0;  1 drivers
v0000022cf7afd120_0 .var "pcNext", 31 0;
v0000022cf7afdbc0_0 .net "pcPlus4F", 31 0, L_0000022cf7afdd00;  1 drivers
v0000022cf7afd4e0_0 .var "reset", 0 0;
v0000022cf7afd1c0_0 .var "stallF", 0 0;
E_0000022cf7a8ef50 .event posedge, v0000022cf7a90900_0;
S_0000022cf7a92ea0 .scope module, "dut" "fetch" 3 12, 4 1 0, S_0000022cf7a91f20;
 .timescale -9 -12;
    .port_info 0 /INPUT 1 "clk";
    .port_info 1 /INPUT 1 "reset";
    .port_info 2 /INPUT 1 "stallF";
    .port_info 3 /INPUT 32 "pcNext";
    .port_info 4 /OUTPUT 32 "pcF";
    .port_info 5 /OUTPUT 32 "pcPlus4F";
L_0000022cf7a85d20 .functor NOT 1, v0000022cf7afd1c0_0, C4<0>, C4<0>, C4<0>;
v0000022cf7a87bb0_0 .net "clk", 0 0, v0000022cf7afd300_0;  1 drivers
v0000022cf7a89cc0_0 .net "pcF", 31 0, v0000022cf7a931c0_0;  alias, 1 drivers
v0000022cf7aa9f00_0 .net "pcNext", 31 0, v0000022cf7afd120_0;  1 drivers
v0000022cf7afd3a0_0 .net "pcPlus4F", 31 0, L_0000022cf7afdd00;  alias, 1 drivers
v0000022cf7afd580_0 .net "reset", 0 0, v0000022cf7afd4e0_0;  1 drivers
v0000022cf7afd940_0 .net "stallF", 0 0, v0000022cf7afd1c0_0;  1 drivers
S_0000022cf7a93030 .scope module, "pcAdd4" "adder" 4 13, 5 1 0, S_0000022cf7a92ea0;
 .timescale -9 -12;
    .port_info 0 /INPUT 32 "a";
    .port_info 1 /INPUT 32 "b";
    .port_info 2 /OUTPUT 32 "y";
v0000022cf7bbcc90_0 .net "a", 31 0, v0000022cf7a931c0_0;  alias, 1 drivers
L_0000022cf7afe0e8 .functor BUFT 1, C4<00000000000000000000000000000100>, C4<0>, C4<0>, C4<0>;
v0000022cf7a948b0_0 .net "b", 31 0, L_0000022cf7afe0e8;  1 drivers
v0000022cf7a920b0_0 .net "y", 31 0, L_0000022cf7afdd00;  alias, 1 drivers
L_0000022cf7afdd00 .arith/sum 32, v0000022cf7a931c0_0, L_0000022cf7afe0e8;
S_0000022cf7aa9d70 .scope module, "pcReg" "flopenr" 4 8, 6 1 0, S_0000022cf7a92ea0;
 .timescale -9 -12;
    .port_info 0 /INPUT 1 "clk";
    .port_info 1 /INPUT 1 "reset";
    .port_info 2 /INPUT 1 "en";
    .port_info 3 /INPUT 32 "d";
    .port_info 4 /OUTPUT 32 "q";
P_0000022cf7a8f050 .param/l "WIDTH" 0 6 1, +C4<00000000000000000000000000100000>;
v0000022cf7a90900_0 .net "clk", 0 0, v0000022cf7afd300_0;  alias, 1 drivers
v0000022cf7aa7160_0 .net "d", 31 0, v0000022cf7afd120_0;  alias, 1 drivers
v0000022cf7aa45c0_0 .net "en", 0 0, L_0000022cf7a85d20;  1 drivers
v0000022cf7a931c0_0 .var "q", 31 0;
v0000022cf7a8e000_0 .net "reset", 0 0, v0000022cf7afd4e0_0;  alias, 1 drivers
E_0000022cf7a8f010 .event posedge, v0000022cf7a8e000_0, v0000022cf7a90900_0;
    .scope S_0000022cf7aa9d70;
T_0 ;
    %wait E_0000022cf7a8f010;
    %load/vec4 v0000022cf7a8e000_0;
    %flag_set/vec4 8;
    %jmp/0xz  T_0.0, 8;
    %pushi/vec4 0, 0, 32;
    %assign/vec4 v0000022cf7a931c0_0, 0;
    %jmp T_0.1;
T_0.0 ;
    %load/vec4 v0000022cf7aa45c0_0;
    %flag_set/vec4 8;
    %jmp/0xz  T_0.2, 8;
    %load/vec4 v0000022cf7aa7160_0;
    %assign/vec4 v0000022cf7a931c0_0, 0;
T_0.2 ;
T_0.1 ;
    %jmp T_0;
    .thread T_0;
    .scope S_0000022cf7a91f20;
T_1 ;
    %pushi/vec4 0, 0, 1;
    %store/vec4 v0000022cf7afd300_0, 0, 1;
    %end;
    .thread T_1;
    .scope S_0000022cf7a91f20;
T_2 ;
    %delay 5000, 0;
    %load/vec4 v0000022cf7afd300_0;
    %inv;
    %store/vec4 v0000022cf7afd300_0, 0, 1;
    %jmp T_2;
    .thread T_2;
    .scope S_0000022cf7a91f20;
T_3 ;
    %pushi/vec4 0, 0, 32;
    %store/vec4 v0000022cf7afdf80_0, 0, 32;
    %pushi/vec4 0, 0, 32;
    %store/vec4 v0000022cf7afd620_0, 0, 32;
    %pushi/vec4 1, 0, 1;
    %store/vec4 v0000022cf7afd4e0_0, 0, 1;
    %pushi/vec4 0, 0, 1;
    %store/vec4 v0000022cf7afd1c0_0, 0, 1;
    %pushi/vec4 4, 0, 32;
    %store/vec4 v0000022cf7afd120_0, 0, 32;
    %vpi_call/w 3 24 "$display", "=== TEST FETCH ===" {0 0 0};
    %wait E_0000022cf7a8ef50;
    %wait E_0000022cf7a8ef50;
    %delay 1000, 0;
    %load/vec4 v0000022cf7afd6c0_0;
    %cmpi/e 0, 0, 32;
    %jmp/0xz  T_3.0, 6;
    %load/vec4 v0000022cf7afdf80_0;
    %addi 1, 0, 32;
    %store/vec4 v0000022cf7afdf80_0, 0, 32;
    %vpi_call/w 3 30 "$display", "  [OK] %s", "PC en reset" {0 0 0};
    %jmp T_3.1;
T_3.0 ;
    %load/vec4 v0000022cf7afd620_0;
    %addi 1, 0, 32;
    %store/vec4 v0000022cf7afd620_0, 0, 32;
    %vpi_call/w 3 31 "$display", "  [FAIL] %s: got %08h exp %08h", "PC en reset", v0000022cf7afd6c0_0, 32'b00000000000000000000000000000000 {0 0 0};
T_3.1 ;
    %load/vec4 v0000022cf7afdbc0_0;
    %cmpi/e 4, 0, 32;
    %jmp/0xz  T_3.2, 6;
    %load/vec4 v0000022cf7afdf80_0;
    %addi 1, 0, 32;
    %store/vec4 v0000022cf7afdf80_0, 0, 32;
    %vpi_call/w 3 31 "$display", "  [OK] %s", "PC+4 en reset" {0 0 0};
    %jmp T_3.3;
T_3.2 ;
    %load/vec4 v0000022cf7afd620_0;
    %addi 1, 0, 32;
    %store/vec4 v0000022cf7afd620_0, 0, 32;
    %vpi_call/w 3 32 "$display", "  [FAIL] %s: got %08h exp %08h", "PC+4 en reset", v0000022cf7afdbc0_0, 32'b00000000000000000000000000000100 {0 0 0};
T_3.3 ;
    %pushi/vec4 0, 0, 1;
    %store/vec4 v0000022cf7afd4e0_0, 0, 1;
    %wait E_0000022cf7a8ef50;
    %delay 1000, 0;
    %load/vec4 v0000022cf7afd6c0_0;
    %cmpi/e 4, 0, 32;
    %jmp/0xz  T_3.4, 6;
    %load/vec4 v0000022cf7afdf80_0;
    %addi 1, 0, 32;
    %store/vec4 v0000022cf7afdf80_0, 0, 32;
    %vpi_call/w 3 35 "$display", "  [OK] %s", "PC actualizado" {0 0 0};
    %jmp T_3.5;
T_3.4 ;
    %load/vec4 v0000022cf7afd620_0;
    %addi 1, 0, 32;
    %store/vec4 v0000022cf7afd620_0, 0, 32;
    %vpi_call/w 3 36 "$display", "  [FAIL] %s: got %08h exp %08h", "PC actualizado", v0000022cf7afd6c0_0, 32'b00000000000000000000000000000100 {0 0 0};
T_3.5 ;
    %load/vec4 v0000022cf7afdbc0_0;
    %cmpi/e 8, 0, 32;
    %jmp/0xz  T_3.6, 6;
    %load/vec4 v0000022cf7afdf80_0;
    %addi 1, 0, 32;
    %store/vec4 v0000022cf7afdf80_0, 0, 32;
    %vpi_call/w 3 36 "$display", "  [OK] %s", "PC+4" {0 0 0};
    %jmp T_3.7;
T_3.6 ;
    %load/vec4 v0000022cf7afd620_0;
    %addi 1, 0, 32;
    %store/vec4 v0000022cf7afd620_0, 0, 32;
    %vpi_call/w 3 37 "$display", "  [FAIL] %s: got %08h exp %08h", "PC+4", v0000022cf7afdbc0_0, 32'b00000000000000000000000000001000 {0 0 0};
T_3.7 ;
    %pushi/vec4 1, 0, 1;
    %store/vec4 v0000022cf7afd1c0_0, 0, 1;
    %pushi/vec4 12, 0, 32;
    %store/vec4 v0000022cf7afd120_0, 0, 32;
    %wait E_0000022cf7a8ef50;
    %delay 1000, 0;
    %load/vec4 v0000022cf7afd6c0_0;
    %cmpi/e 4, 0, 32;
    %jmp/0xz  T_3.8, 6;
    %load/vec4 v0000022cf7afdf80_0;
    %addi 1, 0, 32;
    %store/vec4 v0000022cf7afdf80_0, 0, 32;
    %vpi_call/w 3 40 "$display", "  [OK] %s", "PC con stallF" {0 0 0};
    %jmp T_3.9;
T_3.8 ;
    %load/vec4 v0000022cf7afd620_0;
    %addi 1, 0, 32;
    %store/vec4 v0000022cf7afd620_0, 0, 32;
    %vpi_call/w 3 41 "$display", "  [FAIL] %s: got %08h exp %08h", "PC con stallF", v0000022cf7afd6c0_0, 32'b00000000000000000000000000000100 {0 0 0};
T_3.9 ;
    %load/vec4 v0000022cf7afdbc0_0;
    %cmpi/e 8, 0, 32;
    %jmp/0xz  T_3.10, 6;
    %load/vec4 v0000022cf7afdf80_0;
    %addi 1, 0, 32;
    %store/vec4 v0000022cf7afdf80_0, 0, 32;
    %vpi_call/w 3 41 "$display", "  [OK] %s", "PC+4 con stallF" {0 0 0};
    %jmp T_3.11;
T_3.10 ;
    %load/vec4 v0000022cf7afd620_0;
    %addi 1, 0, 32;
    %store/vec4 v0000022cf7afd620_0, 0, 32;
    %vpi_call/w 3 42 "$display", "  [FAIL] %s: got %08h exp %08h", "PC+4 con stallF", v0000022cf7afdbc0_0, 32'b00000000000000000000000000001000 {0 0 0};
T_3.11 ;
    %pushi/vec4 0, 0, 1;
    %store/vec4 v0000022cf7afd1c0_0, 0, 1;
    %wait E_0000022cf7a8ef50;
    %delay 1000, 0;
    %load/vec4 v0000022cf7afd6c0_0;
    %cmpi/e 12, 0, 32;
    %jmp/0xz  T_3.12, 6;
    %load/vec4 v0000022cf7afdf80_0;
    %addi 1, 0, 32;
    %store/vec4 v0000022cf7afdf80_0, 0, 32;
    %vpi_call/w 3 45 "$display", "  [OK] %s", "PC sin stall" {0 0 0};
    %jmp T_3.13;
T_3.12 ;
    %load/vec4 v0000022cf7afd620_0;
    %addi 1, 0, 32;
    %store/vec4 v0000022cf7afd620_0, 0, 32;
    %vpi_call/w 3 46 "$display", "  [FAIL] %s: got %08h exp %08h", "PC sin stall", v0000022cf7afd6c0_0, 32'b00000000000000000000000000001100 {0 0 0};
T_3.13 ;
    %load/vec4 v0000022cf7afdbc0_0;
    %cmpi/e 16, 0, 32;
    %jmp/0xz  T_3.14, 6;
    %load/vec4 v0000022cf7afdf80_0;
    %addi 1, 0, 32;
    %store/vec4 v0000022cf7afdf80_0, 0, 32;
    %vpi_call/w 3 46 "$display", "  [OK] %s", "PC+4 sin stall" {0 0 0};
    %jmp T_3.15;
T_3.14 ;
    %load/vec4 v0000022cf7afd620_0;
    %addi 1, 0, 32;
    %store/vec4 v0000022cf7afd620_0, 0, 32;
    %vpi_call/w 3 47 "$display", "  [FAIL] %s: got %08h exp %08h", "PC+4 sin stall", v0000022cf7afdbc0_0, 32'b00000000000000000000000000010000 {0 0 0};
T_3.15 ;
    %vpi_call/w 3 47 "$display", "=== FETCH: %0d OK, %0d FAIL ===", v0000022cf7afdf80_0, v0000022cf7afd620_0 {0 0 0};
    %load/vec4 v0000022cf7afd620_0;
    %cmpi/e 0, 0, 32;
    %jmp/0xz  T_3.16, 4;
    %vpi_call/w 3 48 "$display", "*** FETCH: TODAS LAS PRUEBAS PASARON ***" {0 0 0};
T_3.16 ;
    %delay 10000, 0;
    %vpi_call/w 3 49 "$finish" {0 0 0};
    %end;
    .thread T_3;
# The file index is used to find the file name in the following table.
:file_names 7;
    "N/A";
    "<interactive>";
    "-";
    "tb.v";
    "fetch.v";
    "..\..\Single Cycle\adder.v";
    "..\flopenr.v";
