\BOOKMARK [1][-]{section.1}{\376\377\000T\000e\000o\000r\000\355\000a\000\040\000d\000e\000l\000\040\000P\000r\000o\000c\000e\000s\000a\000d\000o\000r\000\040\000P\000i\000p\000e\000l\000i\000n\000e\000:\000\040\000D\000a\000t\000a\000p\000a\000t\000h\000\040\000y\000\040\000C\000o\000n\000t\000r\000o\000l\000\040\000\050\0000\000.\0005\000\040\000p\000t\000s\000\051}{}% 1
\BOOKMARK [2][-]{subsection.1.1}{\376\377\000\277\000Q\000u\000\351\000\040\000e\000s\000\040\000u\000n\000\040\000P\000r\000o\000c\000e\000s\000a\000d\000o\000r\000\040\000P\000i\000p\000e\000l\000i\000n\000e\000d\000?}{section.1}% 2
\BOOKMARK [2][-]{subsection.1.2}{\376\377\000L\000a\000s\000\040\0005\000\040\000E\000t\000a\000p\000a\000s\000\040\000d\000e\000l\000\040\000P\000i\000p\000e\000l\000i\000n\000e}{section.1}% 3
\BOOKMARK [2][-]{subsection.1.3}{\376\377\000D\000i\000a\000g\000r\000a\000m\000a\000\040\000T\000e\000m\000p\000o\000r\000a\000l\000\040\000d\000e\000l\000\040\000P\000i\000p\000e\000l\000i\000n\000e}{section.1}% 4
\BOOKMARK [2][-]{subsection.1.4}{\376\377\000I\000S\000A\000\040\000I\000m\000p\000l\000e\000m\000e\000n\000t\000a\000d\000a\000:\000\040\000R\000I\000S\000C\000-\000V\000\040\000R\000V\0003\0002\000I}{section.1}% 5
\BOOKMARK [2][-]{subsection.1.5}{\376\377\000E\000l\000\040\000C\000a\000m\000i\000n\000o\000\040\000d\000e\000\040\000C\000o\000n\000t\000r\000o\000l\000\040\000e\000n\000\040\000e\000l\000\040\000P\000i\000p\000e\000l\000i\000n\000e}{section.1}% 6
\BOOKMARK [1][-]{section.2}{\376\377\000I\000m\000p\000l\000e\000m\000e\000n\000t\000a\000c\000i\000\363\000n\000\040\000d\000e\000\040\000I\000n\000s\000t\000r\000u\000c\000c\000i\000o\000n\000e\000s\000\040\000\050\000C\000u\000a\000d\000r\000o\000\040\0001\000\051\000\040\000\050\0001\000.\0000\000\040\000p\000t\000s\000\051}{}% 7
\BOOKMARK [2][-]{subsection.2.1}{\376\377\000D\000e\000s\000c\000r\000i\000p\000c\000i\000\363\000n\000\040\000d\000e\000\040\000C\000a\000m\000b\000i\000o\000s\000\040\000e\000n\000\040\000e\000l\000\040\000C\000\363\000d\000i\000g\000o}{section.2}% 8
\BOOKMARK [2][-]{subsection.2.2}{\376\377\000D\000i\000a\000g\000r\000a\000m\000a\000\040\000d\000e\000\040\000D\000a\000t\000a\000p\000a\000t\000h\000\040\000F\000i\000n\000a\000l\000\040\000\050\000B\000\341\000s\000i\000c\000o\000\051}{section.2}% 9
\BOOKMARK [2][-]{subsection.2.3}{\376\377\000L\000o\000s\000\040\000R\000e\000g\000i\000s\000t\000r\000o\000s\000\040\000P\000i\000p\000e\000l\000i\000n\000e}{section.2}% 10
\BOOKMARK [3][-]{subsubsection.2.3.1}{\376\377\000\277\000Q\000u\000\351\000\040\000s\000o\000n\000\040\000y\000\040\000p\000o\000r\000\040\000q\000u\000\351\000\040\000s\000o\000n\000\040\000n\000e\000c\000e\000s\000a\000r\000i\000o\000s\000?}{subsection.2.3}% 11
\BOOKMARK [3][-]{subsubsection.2.3.2}{\376\377\000T\000r\000e\000s\000\040\000T\000i\000p\000o\000s\000\040\000d\000e\000\040\000F\000l\000i\000p\000-\000F\000l\000o\000p\000s}{subsection.2.3}% 12
\BOOKMARK [3][-]{subsubsection.2.3.3}{\376\377\000\277\000P\000o\000r\000\040\000q\000u\000\351\000\040\000I\000F\000/\000I\000D\000\040\000u\000s\000a\000\040\000f\000l\000o\000p\000e\000n\000r\000c\000\040\000y\000\040\000M\000E\000M\000/\000W\000B\000\040\000u\000s\000a\000\040\000f\000l\000o\000p\000r\000?}{subsection.2.3}% 13
\BOOKMARK [2][-]{subsection.2.4}{\376\377\000M\000\363\000d\000u\000l\000o\000\040\000T\000o\000p\000-\000L\000e\000v\000e\000l\000:\000\040\000r\000i\000s\000c\000v\000\137\000p\000i\000p\000e\000l\000i\000n\000e}{section.2}% 14
\BOOKMARK [2][-]{subsection.2.5}{\376\377\000E\000t\000a\000p\000a\000\040\0001\000:\000\040\000F\000e\000t\000c\000h\000\040\000\050\000I\000F\000\051}{section.2}% 15
\BOOKMARK [3][-]{subsubsection.2.5.1}{\376\377\000C\000o\000m\000p\000o\000n\000e\000n\000t\000e\000s\000\040\000A\000c\000t\000i\000v\000o\000s}{subsection.2.5}% 16
\BOOKMARK [3][-]{subsubsection.2.5.2}{\376\377\000C\000\363\000d\000i\000g\000o\000\040\000V\000e\000r\000i\000l\000o\000g}{subsection.2.5}% 17
\BOOKMARK [2][-]{subsection.2.6}{\376\377\000E\000t\000a\000p\000a\000\040\0002\000:\000\040\000D\000e\000c\000o\000d\000e\000\040\000\050\000I\000D\000\051}{section.2}% 18
\BOOKMARK [2][-]{subsection.2.7}{\376\377\000C\000o\000m\000p\000o\000n\000e\000n\000t\000e\000s\000\040\000A\000c\000t\000i\000v\000o\000s}{section.2}% 19
\BOOKMARK [3][-]{subsubsection.2.7.1}{\376\377\000U\000n\000i\000d\000a\000d\000\040\000d\000e\000\040\000C\000o\000n\000t\000r\000o\000l}{subsection.2.7}% 20
\BOOKMARK [3][-]{subsubsection.2.7.2}{\376\377\000C\000\363\000d\000i\000g\000o\000\040\000V\000e\000r\000i\000l\000o\000g\000\040\000d\000e\000\040\000D\000e\000c\000o\000d\000e}{subsection.2.7}% 21
\BOOKMARK [1][-]{section.3}{\376\377\000E\000t\000a\000p\000a\000\040\0003\000:\000\040\000E\000x\000e\000c\000u\000t\000e\000\040\000\050\000E\000X\000\051}{}% 22
\BOOKMARK [2][-]{subsection.3.1}{\376\377\000C\000o\000m\000p\000o\000n\000e\000n\000t\000e\000s\000\040\000A\000c\000t\000i\000v\000o\000s}{section.3}% 23
\BOOKMARK [2][-]{subsection.3.2}{\376\377\000C\000\363\000d\000i\000g\000o\000\040\000V\000e\000r\000i\000l\000o\000g\000\040\000d\000e\000\040\000l\000a\000\040\000e\000t\000a\000p\000a\000\040\000E\000x\000e\000c\000u\000t\000e}{section.3}% 24
\BOOKMARK [1][-]{section.4}{\376\377\000E\000t\000a\000p\000a\000s\000\040\000M\000e\000m\000o\000r\000y\000\040\000\050\000M\000E\000M\000\051\000\040\000y\000\040\000W\000r\000i\000t\000e\000b\000a\000c\000k\000\040\000\050\000W\000B\000\051}{}% 25
\BOOKMARK [2][-]{subsection.4.1}{\376\377\000C\000o\000m\000p\000o\000n\000e\000n\000t\000e\000s\000\040\000A\000c\000t\000i\000v\000o\000s}{section.4}% 26
\BOOKMARK [2][-]{subsection.4.2}{\376\377\000C\000\363\000d\000i\000g\000o\000\040\000V\000e\000r\000i\000l\000o\000g\000\040\000d\000e\000\040\000l\000a\000s\000\040\000e\000t\000a\000p\000a\000s\000\040\000M\000e\000m\000o\000r\000y\000\040\000y\000\040\000W\000r\000i\000t\000e\000b\000a\000c\000k}{section.4}% 27
\BOOKMARK [1][-]{section.5}{\376\377\000P\000r\000o\000g\000r\000a\000m\000a\000\040\000I\000S\000A\000\040\000s\000i\000n\000\040\000D\000e\000p\000e\000n\000d\000e\000n\000c\000i\000a\000s\000\040\000\050\0001\000.\0000\000\040\000p\000t\000s\000\051}{}% 28
\BOOKMARK [2][-]{subsection.5.1}{\376\377\000C\000\363\000d\000i\000g\000o\000\040\000E\000n\000s\000a\000m\000b\000l\000a\000d\000o\000r}{section.5}% 29
\BOOKMARK [2][-]{subsection.5.2}{\376\377\000W\000a\000v\000e\000f\000o\000r\000m\000\040\000d\000e\000l\000\040\000P\000r\000o\000g\000r\000a\000m\000a\000\040\0001}{section.5}% 30
\BOOKMARK [2][-]{subsection.5.3}{\376\377\000M\000o\000s\000t\000r\000a\000r\000\040\000c\000o\000n\000\040\000R\000e\000s\000u\000l\000t\000a\000d\000o\000s\000\040\000I\000n\000t\000e\000r\000m\000e\000d\000i\000o\000s\000\040\000q\000u\000e\000\040\000e\000l\000\040\000P\000r\000o\000g\000r\000a\000m\000a\000\040\000F\000u\000n\000c\000i\000o\000n\000a\000\040\000C\000o\000r\000r\000e\000c\000t\000a\000m\000e\000n\000t\000e}{section.5}% 31
\BOOKMARK [1][-]{section.6}{\376\377\000T\000e\000o\000r\000\355\000a\000\040\000d\000e\000\040\000H\000a\000z\000a\000r\000d\000\040\000U\000n\000i\000t\000\040\000y\000\040\000E\000v\000i\000d\000e\000n\000c\000i\000a\000\040\000d\000e\000\040\000F\000a\000l\000l\000o\000s\000\040\000\050\0000\000.\0005\000\040\000p\000t\000s\000\051}{}% 32
\BOOKMARK [2][-]{subsection.6.1}{\376\377\000T\000e\000o\000r\000\355\000a\000\040\000d\000e\000\040\000C\000o\000n\000t\000r\000o\000l\000\040\000d\000e\000\040\000R\000i\000e\000s\000g\000o\000s\000\040\000e\000n\000\040\000P\000r\000o\000c\000e\000s\000a\000d\000o\000r\000e\000s\000\040\000S\000e\000g\000m\000e\000n\000t\000a\000d\000o\000s}{section.6}% 33
\BOOKMARK [2][-]{subsection.6.2}{\376\377\000E\000v\000i\000d\000e\000n\000c\000i\000a\000:\000\040\000S\000i\000n\000\040\000H\000a\000z\000a\000r\000d\000\040\000U\000n\000i\000t\000\040\000l\000o\000s\000\040\000P\000r\000o\000g\000r\000a\000m\000a\000s\000\040\000F\000a\000l\000l\000a\000n}{section.6}% 34
\BOOKMARK [3][-]{subsubsection.6.2.1}{\376\377\000P\000r\000o\000g\000r\000a\000m\000a\000\040\0002\000\040\000S\000I\000N\000\040\000H\000a\000z\000a\000r\000d\000\040\000U\000n\000i\000t\000\040\000\050\000F\000o\000r\000w\000a\000r\000d\000i\000n\000g\000\051}{subsection.6.2}% 35
\BOOKMARK [3][-]{subsubsection.6.2.2}{\376\377\000P\000r\000o\000g\000r\000a\000m\000a\000\040\0003\000\040\000S\000I\000N\000\040\000H\000a\000z\000a\000r\000d\000\040\000U\000n\000i\000t\000\040\000\050\000S\000t\000a\000l\000l\000i\000n\000g\000\051}{subsection.6.2}% 36
\BOOKMARK [3][-]{subsubsection.6.2.3}{\376\377\000P\000r\000o\000g\000r\000a\000m\000a\000\040\0004\000\040\000S\000I\000N\000\040\000H\000a\000z\000a\000r\000d\000\040\000U\000n\000i\000t\000\040\000\050\000F\000l\000u\000s\000h\000i\000n\000g\000\051}{subsection.6.2}% 37
\BOOKMARK [1][-]{section.7}{\376\377\000I\000m\000p\000l\000e\000m\000e\000n\000t\000a\000c\000i\000\363\000n\000\040\000d\000e\000l\000\040\000H\000a\000z\000a\000r\000d\000\040\000U\000n\000i\000t\000\040\000\050\0001\000.\0000\000\040\000p\000t\000s\000\051}{}% 38
\BOOKMARK [2][-]{subsection.7.1}{\376\377\000D\000e\000s\000c\000r\000i\000p\000c\000i\000\363\000n\000\040\000d\000e\000\040\000C\000a\000m\000b\000i\000o\000s\000\040\000e\000n\000\040\000e\000l\000\040\000C\000\363\000d\000i\000g\000o}{section.7}% 39
\BOOKMARK [2][-]{subsection.7.2}{\376\377\000M\000e\000c\000a\000n\000i\000s\000m\000o\000\040\0001\000:\000\040\000F\000o\000r\000w\000a\000r\000d\000i\000n\000g\000\040\000\050\000R\000e\000e\000n\000v\000\355\000o\000\040\000d\000e\000\040\000D\000a\000t\000o\000s\000\051}{section.7}% 40
\BOOKMARK [2][-]{subsection.7.3}{\376\377\000M\000e\000c\000a\000n\000i\000s\000m\000o\000\040\0002\000:\000\040\000S\000t\000a\000l\000l\000\040\000\050\000L\000o\000a\000d\000-\000U\000s\000e\000\040\000H\000a\000z\000a\000r\000d\000\051}{section.7}% 41
\BOOKMARK [2][-]{subsection.7.4}{\376\377\000M\000e\000c\000a\000n\000i\000s\000m\000o\000\040\0003\000:\000\040\000F\000l\000u\000s\000h\000\040\000\050\000C\000o\000n\000t\000r\000o\000l\000\040\000H\000a\000z\000a\000r\000d\000\040\000p\000o\000r\000\040\000S\000a\000l\000t\000o\000s\000\051}{section.7}% 42
\BOOKMARK [2][-]{subsection.7.5}{\376\377\000E\000s\000p\000e\000c\000i\000f\000i\000c\000a\000c\000i\000\363\000n\000\040\000d\000e\000\040\000S\000e\000\361\000a\000l\000e\000s\000\040\000d\000e\000\040\000C\000o\000n\000t\000r\000o\000l\000\040\000d\000e\000\040\000R\000i\000e\000s\000g\000o\000s}{section.7}% 43
\BOOKMARK [2][-]{subsection.7.6}{\376\377\000D\000i\000a\000g\000r\000a\000m\000a\000\040\000d\000e\000\040\000D\000a\000t\000a\000p\000a\000t\000h\000\040\000F\000i\000n\000a\000l\000\040\000\050\000c\000o\000n\000\040\000H\000a\000z\000a\000r\000d\000\040\000U\000n\000i\000t\000\051}{section.7}% 44
\BOOKMARK [1][-]{section.8}{\376\377\000P\000r\000o\000g\000r\000a\000m\000a\000s\000\040\000d\000e\000\040\000P\000r\000u\000e\000b\000a\000\040\000\050\000C\000O\000N\000\040\000H\000a\000z\000a\000r\000d\000\040\000U\000n\000i\000t\000\051\000\040\000\050\0001\000.\0000\000\040\000p\000t\000s\000\051}{}% 45
\BOOKMARK [2][-]{subsection.8.1}{\376\377\000P\000r\000o\000g\000r\000a\000m\000a\000\040\0002\000:\000\040\000F\000o\000r\000w\000a\000r\000d\000i\000n\000g}{section.8}% 46
\BOOKMARK [2][-]{subsection.8.2}{\376\377\000P\000r\000o\000g\000r\000a\000m\000a\000\040\0003\000:\000\040\000S\000t\000a\000l\000l\000i\000n\000g}{section.8}% 47
\BOOKMARK [2][-]{subsection.8.3}{\376\377\000P\000r\000o\000g\000r\000a\000m\000a\000\040\0004\000:\000\040\000F\000l\000u\000s\000h\000i\000n\000g}{section.8}% 48
\BOOKMARK [2][-]{subsection.8.4}{\376\377\000P\000r\000o\000g\000r\000a\000m\000a\000\040\000E\000x\000t\000r\000a\000:\000\040\000S\000e\000t\000\040\000C\000o\000m\000p\000l\000e\000t\000o\000\040\000d\000e\000\040\000O\000p\000e\000r\000a\000c\000i\000o\000n\000e\000s\000\040\000y\000\040\000V\000a\000l\000i\000d\000a\000c\000i\000\363\000n\000\040\000d\000e\000\040\000l\000a\000\040\000I\000S\000A\000\040\000y\000\040\000H\000a\000z\000a\000r\000d\000\040\000U\000n\000i\000t}{section.8}% 49
\BOOKMARK [1][-]{section.9}{\376\377\000E\000x\000t\000e\000n\000s\000i\000o\000n\000\040\000R\000V\000C\000\040\000\050\0001\0006\000-\000b\000i\000t\000s\000\051}{}% 50
\BOOKMARK [2][-]{subsection.9.1}{\376\377\000E\000l\000\040\000R\000e\000t\000o\000\040\000A\000r\000q\000u\000i\000t\000e\000c\000t\000o\000n\000i\000c\000o\000\040\000y\000\040\000l\000a\000\040\000S\000o\000l\000u\000c\000i\000o\000n}{section.9}% 51
\BOOKMARK [2][-]{subsection.9.2}{\376\377\000M\000o\000d\000i\000f\000i\000c\000a\000c\000i\000o\000n\000e\000s\000\040\000a\000l\000\040\000C\000\363\000d\000i\000g\000o}{section.9}% 52
\BOOKMARK [2][-]{subsection.9.3}{\376\377\000J\000u\000s\000t\000i\000f\000i\000c\000a\000c\000i\000o\000n\000:\000\040\000U\000n\000i\000d\000a\000d\000\040\000d\000e\000\040\000R\000i\000e\000s\000g\000o\000s\000\040\000\050\000H\000a\000z\000a\000r\000d\000\040\000U\000n\000i\000t\000\051}{section.9}% 53
\BOOKMARK [2][-]{subsection.9.4}{\376\377\000C\000\363\000d\000i\000g\000o\000\040\000V\000e\000r\000i\000l\000o\000g\000\040\000d\000e\000\040\000l\000a\000\040\000E\000x\000t\000e\000n\000s\000i\000\363\000n\000\040\000R\000V\000C}{section.9}% 54
\BOOKMARK [2][-]{subsection.9.5}{\376\377\000E\000x\000p\000l\000i\000c\000a\000c\000i\000o\000n\000\040\000D\000e\000t\000a\000l\000l\000a\000d\000a\000\040\000d\000e\000\040\000C\000a\000d\000a\000\040\000I\000n\000s\000t\000r\000u\000c\000c\000i\000o\000n\000\040\000R\000V\000C\000\040\000\050\0001\0000\000\040\000I\000n\000s\000t\000r\000u\000c\000c\000i\000o\000n\000e\000s\000\040\000d\000e\000\040\000l\000a\000\040\000P\000a\000r\000t\000e\000\040\0001\000\051}{section.9}% 55
\BOOKMARK [2][-]{subsection.9.6}{\376\377\000C\000a\000m\000b\000i\000o\000s\000\040\000e\000n\000\040\000e\000l\000\040\000D\000a\000t\000a\000p\000a\000t\000h\000\040\000p\000a\000r\000a\000\040\000l\000a\000\040\000A\000d\000a\000p\000t\000a\000c\000i\000o\000n\000\040\000d\000e\000\040\000R\000V\000C}{section.9}% 56
\BOOKMARK [2][-]{subsection.9.7}{\376\377\000P\000r\000u\000e\000b\000a\000s\000\040\000d\000e\000\040\000l\000a\000\040\000E\000x\000t\000e\000n\000s\000i\000o\000n\000\040\000R\000V\000C}{section.9}% 57
\BOOKMARK [3][-]{subsubsection.9.7.1}{\376\377\000T\000e\000s\000t\000\040\000R\000V\000C\000\040\000B\000\341\000s\000i\000c\000o\000\040\000\050\000t\000e\000s\000t\000\137\000r\000v\000c\000\137\000b\000a\000s\000i\000c\000.\000m\000e\000m\000\051}{subsection.9.7}% 58
\BOOKMARK [3][-]{subsubsection.9.7.2}{\376\377\000T\000e\000s\000t\000\040\000R\000V\000C\000\040\000d\000e\000\040\000M\000e\000m\000o\000r\000i\000a\000\040\000\050\000t\000e\000s\000t\000\137\000r\000v\000c\000\137\000m\000e\000m\000o\000r\000y\000.\000m\000e\000m\000\051}{subsection.9.7}% 59
\BOOKMARK [3][-]{subsubsection.9.7.3}{\376\377\000T\000e\000s\000t\000\040\000R\000V\000C\000\040\000d\000e\000\040\000S\000a\000l\000t\000o\000s\000\040\000\050\000t\000e\000s\000t\000\137\000r\000v\000c\000\137\000b\000r\000a\000n\000c\000h\000e\000s\000.\000m\000e\000m\000\051}{subsection.9.7}% 60
\BOOKMARK [3][-]{subsubsection.9.7.4}{\376\377\000T\000e\000s\000t\000\040\000R\000V\000C\000\040\000d\000e\000\040\000C\000o\000b\000e\000r\000t\000u\000r\000a\000\040\000C\000o\000m\000p\000l\000e\000t\000a\000\040\000\050\000t\000e\000s\000t\000\137\000r\000v\000c\000\137\000r\000e\000m\000a\000i\000n\000i\000n\000g\000.\000m\000e\000m\000\051}{subsection.9.7}% 61
\BOOKMARK [2][-]{subsection.9.8}{\376\377\000A\000n\000a\000l\000i\000s\000i\000s\000\040\000d\000e\000\040\000P\000e\000r\000f\000o\000r\000m\000a\000n\000c\000e\000\040\000y\000\040\000J\000u\000s\000t\000i\000f\000i\000c\000a\000c\000i\000o\000n\000\040\000d\000e\000\040\000l\000a\000\040\000E\000x\000t\000e\000n\000s\000i\000o\000n\000\040\000R\000V\000C}{section.9}% 62
\BOOKMARK [3][-]{subsubsection.9.8.1}{\376\377\000A\000n\000a\000l\000i\000s\000i\000s\000\040\000d\000e\000\040\000C\000i\000c\000l\000o\000s\000\040\000d\000e\000\040\000R\000e\000l\000o\000j\000\040\000\050\000T\000i\000m\000i\000n\000g\000\040\000A\000n\000a\000l\000y\000s\000i\000s\000\051}{subsection.9.8}% 63
\BOOKMARK [3][-]{subsubsection.9.8.2}{\376\377\000R\000e\000d\000u\000c\000c\000i\000\363\000n\000\040\000d\000e\000\040\000T\000a\000m\000a\000\361\000o\000\040\000d\000e\000\040\000C\000\363\000d\000i\000g\000o\000\040\000\050\000C\000o\000d\000e\000\040\000D\000e\000n\000s\000i\000t\000y\000\051}{subsection.9.8}% 64
\BOOKMARK [3][-]{subsubsection.9.8.3}{\376\377\000G\000u\000i\000a\000\040\000d\000e\000\040\000U\000s\000o\000:\000\040\000C\000u\000a\000n\000d\000o\000\040\000u\000s\000a\000r\000\040\000R\000V\000C\000\040\000y\000\040\000c\000u\000a\000n\000d\000o\000\040\000n\000o}{subsection.9.8}% 65
\BOOKMARK [2][-]{subsection.9.9}{\376\377\000A\000n\000a\000l\000i\000s\000i\000s\000\040\000d\000e\000\040\000M\000o\000d\000o\000s\000\040\000d\000e\000\040\000F\000a\000l\000l\000o\000\040\000d\000e\000\040\000l\000a\000\040\000E\000x\000t\000e\000n\000s\000i\000o\000n\000\040\000R\000V\000C}{section.9}% 66
\BOOKMARK [3][-]{subsubsection.9.9.1}{\376\377\000A\000n\000a\000l\000i\000s\000i\000s\000\040\000d\000e\000\040\000C\000o\000n\000s\000e\000c\000u\000e\000n\000c\000i\000a\000s\000\040\000d\000e\000l\000\040\000F\000a\000l\000l\000o}{subsection.9.9}% 67
\BOOKMARK [3][-]{subsubsection.9.9.2}{\376\377\000C\000o\000m\000p\000a\000r\000a\000t\000i\000v\000a\000\040\000V\000i\000s\000u\000a\000l\000\040\000d\000e\000\040\000O\000s\000c\000i\000l\000o\000g\000r\000a\000m\000a\000s\000\040\000\050\000C\000o\000r\000r\000e\000c\000t\000o\000\040\000v\000s\000.\000\040\000F\000a\000l\000l\000o\000\051}{subsection.9.9}% 68
\BOOKMARK [1][-]{section.10}{\376\377\000E\000x\000t\000e\000n\000s\000i\000o\000n\000\040\000R\000V\000C\000\040\000-\000\040\000S\000e\000g\000u\000n\000d\000a\000\040\000P\000a\000r\000t\000e\000\040\000\050\000E\000n\000t\000r\000e\000g\000a\000\040\0003\000\051}{}% 69
\BOOKMARK [2][-]{subsection.10.1}{\376\377\000E\000x\000p\000l\000i\000c\000a\000c\000i\000o\000n\000\040\000y\000\040\000M\000a\000p\000e\000o\000\040\000d\000e\000\040\000l\000a\000s\000\040\000I\000n\000s\000t\000r\000u\000c\000c\000i\000o\000n\000e\000s\000\040\000d\000e\000\040\000l\000a\000\040\000S\000e\000g\000u\000n\000d\000a\000\040\000P\000a\000r\000t\000e}{section.10}% 70
\BOOKMARK [2][-]{subsection.10.2}{\376\377\000C\000a\000m\000b\000i\000o\000s\000\040\000e\000n\000\040\000e\000l\000\040\000D\000a\000t\000a\000p\000a\000t\000h\000\040\000y\000\040\000J\000u\000s\000t\000i\000f\000i\000c\000a\000c\000i\000o\000n\000\040\000d\000e\000l\000\040\000D\000e\000s\000a\000c\000o\000p\000l\000a\000m\000i\000e\000n\000t\000o\000\040\000\050\000D\000e\000c\000o\000u\000p\000l\000i\000n\000g\000\051}{section.10}% 71
\BOOKMARK [2][-]{subsection.10.3}{\376\377\000T\000a\000b\000l\000a\000\040\000d\000e\000\040\000E\000n\000c\000o\000d\000i\000n\000g\000s\000\040\000C\000o\000m\000p\000l\000e\000t\000a\000\040\000d\000e\000\040\000R\000V\000C\000\040\000\050\000P\000a\000r\000t\000e\000\040\0001\000\040\000y\000\040\000P\000a\000r\000t\000e\000\040\0002\000\051}{section.10}% 72
\BOOKMARK [2][-]{subsection.10.4}{\376\377\000P\000r\000u\000e\000b\000a\000s\000\040\000d\000e\000\040\000l\000a\000\040\000E\000n\000t\000r\000e\000g\000a\000\040\0003\000:\000\040\000P\000r\000o\000g\000r\000a\000m\000a\000s\000\040\000d\000e\000\040\000V\000a\000l\000i\000d\000a\000c\000i\000o\000n}{section.10}% 73
\BOOKMARK [3][-]{subsubsection.10.4.1}{\376\377\000T\000e\000s\000t\000\040\0001\000:\000\040\000A\000c\000c\000e\000s\000o\000s\000\040\000a\000\040\000M\000e\000m\000o\000r\000i\000a\000\040\000y\000\040\000S\000t\000a\000c\000k\000\040\000P\000o\000i\000n\000t\000e\000r\000\040\000\050\000t\000e\000s\000t\000\137\000e\0003\000\137\000m\000e\000m\000.\000m\000e\000m\000\051}{subsection.10.4}% 74
\BOOKMARK [3][-]{subsubsection.10.4.2}{\376\377\000T\000e\000s\000t\000\040\0002\000:\000\040\000C\000o\000n\000t\000r\000o\000l\000\040\000d\000e\000\040\000F\000l\000u\000j\000o\000\040\000y\000\040\000S\000a\000l\000t\000o\000s\000\040\000\050\000t\000e\000s\000t\000\137\000e\0003\000\137\000c\000o\000n\000t\000r\000o\000l\000.\000m\000e\000m\000\051}{subsection.10.4}% 75
\BOOKMARK [3][-]{subsubsection.10.4.3}{\376\377\000T\000e\000s\000t\000\040\0003\000:\000\040\000M\000u\000l\000t\000i\000p\000l\000i\000c\000a\000c\000i\000\363\000n\000\040\000d\000e\000\040\000M\000a\000t\000r\000i\000c\000e\000s\000\040\0002\000x\0002\000\040\000\050\000m\000a\000t\000m\000u\000l\000\051}{subsection.10.4}% 76
\BOOKMARK [2][-]{subsection.10.5}{\376\377\000G\000u\000i\000a\000\040\000d\000e\000\040\000C\000a\000p\000t\000u\000r\000a\000s\000\040\000y\000\040\000A\000n\000a\000l\000i\000s\000i\000s\000\040\000d\000e\000\040\000W\000a\000v\000e\000f\000o\000r\000m\000s\000\040\000\050\000G\000T\000K\000W\000a\000v\000e\000\051\000\040\000p\000a\000r\000a\000\040\000l\000a\000\040\000E\000n\000t\000r\000e\000g\000a\000\040\0003}{section.10}% 77
\BOOKMARK [3][-]{subsubsection.10.5.1}{\376\377\000C\000a\000p\000t\000u\000r\000a\000\040\000E\0003\000.\0001\000:\000\040\000A\000c\000c\000e\000s\000o\000s\000\040\000a\000\040\000P\000i\000l\000a\000\040\000y\000\040\000M\000e\000m\000o\000r\000i\000a\000\040\000\050\000L\000o\000a\000d\000s\000\040\000y\000\040\000S\000t\000o\000r\000e\000s\000\051}{subsection.10.5}% 78
\BOOKMARK [3][-]{subsubsection.10.5.2}{\376\377\000C\000a\000p\000t\000u\000r\000a\000\040\000E\0003\000.\0002\000:\000\040\000B\000i\000f\000u\000r\000c\000a\000c\000i\000o\000n\000e\000s\000\040\000C\000o\000n\000d\000i\000c\000i\000o\000n\000a\000l\000e\000s\000\040\000y\000\040\000F\000l\000u\000s\000h\000\040\000d\000e\000\040\000B\000u\000r\000b\000u\000j\000a\000s}{subsection.10.5}% 79
\BOOKMARK [3][-]{subsubsection.10.5.3}{\376\377\000C\000a\000p\000t\000u\000r\000a\000\040\000E\0003\000.\0003\000:\000\040\000S\000a\000l\000t\000o\000s\000\040\000I\000n\000c\000o\000n\000d\000i\000c\000i\000o\000n\000a\000l\000e\000s\000\040\000y\000\040\000R\000e\000t\000o\000r\000n\000o\000s\000\040\000\050\000c\000.\000j\000,\000\040\000c\000.\000j\000a\000l\000,\000\040\000c\000.\000j\000r\000,\000\040\000c\000.\000j\000a\000l\000r\000\051}{subsection.10.5}% 80
\BOOKMARK [2][-]{subsection.10.6}{\376\377\000C\000o\000m\000p\000a\000r\000a\000t\000i\000v\000a\000\040\000d\000e\000\040\000D\000e\000n\000s\000i\000d\000a\000d\000\040\000d\000e\000\040\000C\000o\000d\000i\000g\000o\000\040\000y\000\040\000R\000e\000n\000d\000i\000m\000i\000e\000n\000t\000o\000\040\000\050\000B\000e\000n\000c\000h\000m\000a\000r\000k\000i\000n\000g\000\051}{section.10}% 81
\BOOKMARK [3][-]{subsubsection.10.6.1}{\376\377\000R\000e\000n\000d\000i\000m\000i\000e\000n\000t\000o\000\040\000d\000e\000\040\000l\000o\000s\000\040\000p\000r\000o\000g\000r\000a\000m\000a\000s\000\040\000\050\000C\000i\000c\000l\000o\000s\000\040\000d\000e\000\040\000R\000e\000l\000o\000j\000\051}{subsection.10.6}% 82
\BOOKMARK [3][-]{subsubsection.10.6.2}{\376\377\000D\000e\000n\000s\000i\000d\000a\000d\000\040\000d\000e\000\040\000C\000\363\000d\000i\000g\000o\000\040\000\050\000C\000o\000d\000e\000\040\000D\000e\000n\000s\000i\000t\000y\000\051}{subsection.10.6}% 83
\BOOKMARK [1][-]{section.11}{\376\377\000J\000e\000r\000a\000r\000q\000u\000i\000a\000\040\000d\000e\000\040\000A\000r\000c\000h\000i\000v\000o\000s}{}% 84
\BOOKMARK [1][-]{section.12}{\376\377\000C\000o\000n\000c\000l\000u\000s\000i\000o\000n\000e\000s}{}% 85
