This is pdfTeX, Version 3.141592653-2.6-1.40.29 (TeX Live 2026) (preloaded format=pdflatex 2026.4.6)  30 JUN 2026 21:34
entering extended mode
 restricted \write18 enabled.
 %&-line parsing enabled.
**informe_pipeline.tex
(./informe_pipeline.tex
LaTeX2e <2025-11-01>
L3 programming layer <2026-01-19>
(/usr/local/texlive/2026basic/texmf-dist/tex/latex/base/article.cls
Document Class: article 2025/01/22 v1.4n Standard LaTeX document class
(/usr/local/texlive/2026basic/texmf-dist/tex/latex/base/size12.clo
File: size12.clo 2025/01/22 v1.4n Standard LaTeX file (size option)
)
\c@part=\count275
\c@section=\count276
\c@subsection=\count277
\c@subsubsection=\count278
\c@paragraph=\count279
\c@subparagraph=\count280
\c@figure=\count281
\c@table=\count282
\abovecaptionskip=\skip49
\belowcaptionskip=\skip50
\bibindent=\dimen148
)
(/usr/local/texlive/2026basic/texmf-dist/tex/latex/base/inputenc.sty
Package: inputenc 2024/02/08 v1.3d Input encoding file
\inpenc@prehook=\toks17
\inpenc@posthook=\toks18
)
(/usr/local/texlive/2026basic/texmf-dist/tex/latex/base/fontenc.sty
Package: fontenc 2025/07/18 v2.1d Standard LaTeX package
)
(/usr/local/texlive/2026basic/texmf-dist/tex/generic/babel/babel.sty
Package: babel 2026/02/14 v26.3 The multilingual framework for LuaLaTeX, pdfLaT
eX and XeLaTeX
\babel@savecnt=\count283
LaTeX Encoding Info:    Redeclaring text command \ij (encoding OT1) on input li
ne 2078.
LaTeX Encoding Info:    Redeclaring text command \IJ (encoding OT1) on input li
ne 2080.
LaTeX Encoding Info:    Redeclaring text command \ij (encoding T1) on input lin
e 2082.
LaTeX Encoding Info:    Redeclaring text command \IJ (encoding T1) on input lin
e 2083.
LaTeX Encoding Info:    Ignoring declaration for text command \ij (encoding ?) 
on input line 2084.
LaTeX Encoding Info:    Ignoring declaration for text command \IJ (encoding ?) 
on input line 2086.
LaTeX Encoding Info:    Ignoring declaration for text command \SS (encoding ?) 
on input line 2111.
\U@D=\dimen149
\l@unhyphenated=\language49

(/usr/local/texlive/2026basic/texmf-dist/tex/generic/babel/txtbabel.def)
\bbl@readstream=\read2
\bbl@dirlevel=\count284

(/usr/local/texlive/2026basic/texmf-dist/tex/generic/babel/locale/es/babel-span
ish.tex)
Package babel Info: Importing font and identification data for spanish
(babel)             from babel-es.ini. Reported on input line 4330.

(/usr/local/texlive/2026basic/texmf-dist/tex/generic/babel-spanish/spanish.ldf
Language: spanish.ldf 2021/05/27 v5.0q Spanish support from the babel system
\es@quottoks=\toks19
\es@quotdepth=\count285
Package babel Info: Making " an active character on input line 570.
Package babel Info: Making . an active character on input line 675.
Package babel Info: Making < an active character on input line 722.
Package babel Info: Making > an active character on input line 722.
))
LaTeX Encoding Info:    Redeclaring text command \guillemotleft (encoding OT1) 
on input line 9.
LaTeX Encoding Info:    Redeclaring text command \guillemotright (encoding OT1)
 on input line 9.
 (/usr/local/texlive/2026basic/texmf-dist/tex/latex/geometry/geometry.sty
Package: geometry 2020/01/02 v5.9 Page Geometry

(/usr/local/texlive/2026basic/texmf-dist/tex/latex/graphics/keyval.sty
Package: keyval 2022/05/29 v1.15 key=value parser (DPC)
\KV@toks@=\toks20
)
(/usr/local/texlive/2026basic/texmf-dist/tex/generic/iftex/ifvtex.sty
Package: ifvtex 2019/10/25 v1.7 ifvtex legacy package. Use iftex instead.

(/usr/local/texlive/2026basic/texmf-dist/tex/generic/iftex/iftex.sty
Package: iftex 2024/12/12 v1.0g TeX engine tests
))
\Gm@cnth=\count286
\Gm@cntv=\count287
\c@Gm@tempcnt=\count288
\Gm@bindingoffset=\dimen150
\Gm@wd@mp=\dimen151
\Gm@odd@mp=\dimen152
\Gm@even@mp=\dimen153
\Gm@layoutwidth=\dimen154
\Gm@layoutheight=\dimen155
\Gm@layouthoffset=\dimen156
\Gm@layoutvoffset=\dimen157
\Gm@dimlist=\toks21
)
(/usr/local/texlive/2026basic/texmf-dist/tex/latex/parskip/parskip.sty
Package: parskip 2021-03-14 v2.0h non-zero parskip adjustments

(/usr/local/texlive/2026basic/texmf-dist/tex/latex/kvoptions/kvoptions.sty
Package: kvoptions 2022-06-15 v3.15 Key value format for package options (HO)

(/usr/local/texlive/2026basic/texmf-dist/tex/generic/ltxcmds/ltxcmds.sty
Package: ltxcmds 2023-12-04 v1.26 LaTeX kernel commands for general use (HO)
)
(/usr/local/texlive/2026basic/texmf-dist/tex/latex/kvsetkeys/kvsetkeys.sty
Package: kvsetkeys 2022-10-05 v1.19 Key value parser (HO)
))
(/usr/local/texlive/2026basic/texmf-dist/tex/latex/etoolbox/etoolbox.sty
Package: etoolbox 2025/10/02 v2.5m e-TeX tools for LaTeX (JAW)
\etb@tempcnta=\count289
))
(/usr/local/texlive/2026basic/texmf-dist/tex/latex/listings/listings.sty
\lst@mode=\count290
\lst@gtempboxa=\box53
\lst@token=\toks22
\lst@length=\count291
\lst@currlwidth=\dimen158
\lst@column=\count292
\lst@pos=\count293
\lst@lostspace=\dimen159
\lst@width=\dimen160
\lst@newlines=\count294
\lst@lineno=\count295
\lst@maxwidth=\dimen161

(/usr/local/texlive/2026basic/texmf-dist/tex/latex/listings/lstpatch.sty
File: lstpatch.sty 2025/11/14 1.11b (Carsten Heinz)
)
(/usr/local/texlive/2026basic/texmf-dist/tex/latex/listings/lstmisc.sty
File: lstmisc.sty 2025/11/14 1.11b (Carsten Heinz)
\c@lstnumber=\count296
\lst@skipnumbers=\count297
\lst@framebox=\box54
)
(/usr/local/texlive/2026basic/texmf-dist/tex/latex/listings/listings.cfg
File: listings.cfg 2025/11/14 1.11b listings configuration
))
Package: listings 2025/11/14 1.11b (Carsten Heinz)

==> First Aid for listings.sty no longer applied!
    Expected:
        2024/09/23 1.10c (Carsten Heinz)
    but found:
        2025/11/14 1.11b (Carsten Heinz)
    so I'm assuming it got fixed.
(/usr/local/texlive/2026basic/texmf-dist/tex/latex/xcolor/xcolor.sty
Package: xcolor 2024/09/29 v3.02 LaTeX color extensions (UK)

(/usr/local/texlive/2026basic/texmf-dist/tex/latex/graphics-cfg/color.cfg
File: color.cfg 2016/01/02 v1.6 sample color configuration
)
Package xcolor Info: Driver file: pdftex.def on input line 274.

(/usr/local/texlive/2026basic/texmf-dist/tex/latex/graphics-def/pdftex.def
File: pdftex.def 2025/09/29 v1.2d Graphics/color driver for pdftex
)
(/usr/local/texlive/2026basic/texmf-dist/tex/latex/graphics/mathcolor.ltx)
Package xcolor Info: Model `cmy' substituted by `cmy0' on input line 1349.
Package xcolor Info: Model `hsb' substituted by `rgb' on input line 1353.
Package xcolor Info: Model `RGB' extended on input line 1365.
Package xcolor Info: Model `HTML' substituted by `rgb' on input line 1367.
Package xcolor Info: Model `Hsb' substituted by `hsb' on input line 1368.
Package xcolor Info: Model `tHsb' substituted by `hsb' on input line 1369.
Package xcolor Info: Model `HSB' substituted by `hsb' on input line 1370.
Package xcolor Info: Model `Gray' substituted by `gray' on input line 1371.
Package xcolor Info: Model `wave' substituted by `hsb' on input line 1372.
)
(/usr/local/texlive/2026basic/texmf-dist/tex/latex/amsmath/amsmath.sty
Package: amsmath 2025/07/09 v2.17z AMS math features
\@mathmargin=\skip51

For additional information on amsmath, use the `?' option.
(/usr/local/texlive/2026basic/texmf-dist/tex/latex/amsmath/amstext.sty
Package: amstext 2024/11/17 v2.01 AMS text

(/usr/local/texlive/2026basic/texmf-dist/tex/latex/amsmath/amsgen.sty
File: amsgen.sty 1999/11/30 v2.0 generic functions
\@emptytoks=\toks23
\ex@=\dimen162
))
(/usr/local/texlive/2026basic/texmf-dist/tex/latex/amsmath/amsbsy.sty
Package: amsbsy 1999/11/29 v1.2d Bold Symbols
\pmbraise@=\dimen163
)
(/usr/local/texlive/2026basic/texmf-dist/tex/latex/amsmath/amsopn.sty
Package: amsopn 2022/04/08 v2.04 operator names
)
\inf@bad=\count298
LaTeX Info: Redefining \frac on input line 233.
\uproot@=\count299
\leftroot@=\count300
LaTeX Info: Redefining \overline on input line 398.
LaTeX Info: Redefining \colon on input line 409.
\classnum@=\count301
\DOTSCASE@=\count302
LaTeX Info: Redefining \ldots on input line 495.
LaTeX Info: Redefining \dots on input line 498.
LaTeX Info: Redefining \cdots on input line 619.
\Mathstrutbox@=\box55
\strutbox@=\box56
LaTeX Info: Redefining \big on input line 721.
LaTeX Info: Redefining \Big on input line 722.
LaTeX Info: Redefining \bigg on input line 723.
LaTeX Info: Redefining \Bigg on input line 724.
\big@size=\dimen164
LaTeX Font Info:    Redeclaring font encoding OML on input line 742.
LaTeX Font Info:    Redeclaring font encoding OMS on input line 743.
\macc@depth=\count303
LaTeX Info: Redefining \bmod on input line 904.
LaTeX Info: Redefining \pmod on input line 909.
LaTeX Info: Redefining \smash on input line 939.
LaTeX Info: Redefining \relbar on input line 969.
LaTeX Info: Redefining \Relbar on input line 970.
\c@MaxMatrixCols=\count304
\dotsspace@=\muskip17
\c@parentequation=\count305
\dspbrk@lvl=\count306
\tag@help=\toks24
\row@=\count307
\column@=\count308
\maxfields@=\count309
\andhelp@=\toks25
\eqnshift@=\dimen165
\alignsep@=\dimen166
\tagshift@=\dimen167
\tagwidth@=\dimen168
\totwidth@=\dimen169
\lineht@=\dimen170
\@envbody=\toks26
\multlinegap=\skip52
\multlinetaggap=\skip53
\mathdisplay@stack=\toks27
LaTeX Info: Redefining \[ on input line 2950.
LaTeX Info: Redefining \] on input line 2951.
)
(/usr/local/texlive/2026basic/texmf-dist/tex/latex/amsfonts/amssymb.sty
Package: amssymb 2013/01/14 v3.01 AMS font symbols

(/usr/local/texlive/2026basic/texmf-dist/tex/latex/amsfonts/amsfonts.sty
Package: amsfonts 2013/01/14 v3.01 Basic AMSFonts support
\symAMSa=\mathgroup4
\symAMSb=\mathgroup5
LaTeX Font Info:    Redeclaring math symbol \hbar on input line 98.
LaTeX Font Info:    Overwriting math alphabet `\mathfrak' in version `bold'
(Font)                  U/euf/m/n --> U/euf/b/n on input line 106.
))
(/usr/local/texlive/2026basic/texmf-dist/tex/latex/booktabs/booktabs.sty
Package: booktabs 2020/01/12 v1.61803398 Publication quality tables
\heavyrulewidth=\dimen171
\lightrulewidth=\dimen172
\cmidrulewidth=\dimen173
\belowrulesep=\dimen174
\belowbottomsep=\dimen175
\aboverulesep=\dimen176
\abovetopsep=\dimen177
\cmidrulesep=\dimen178
\cmidrulekern=\dimen179
\defaultaddspace=\dimen180
\@cmidla=\count310
\@cmidlb=\count311
\@aboverulesep=\dimen181
\@belowrulesep=\dimen182
\@thisruleclass=\count312
\@lastruleclass=\count313
\@thisrulewidth=\dimen183
)
(/usr/local/texlive/2026basic/texmf-dist/tex/latex/tools/array.sty
Package: array 2025/09/25 v2.6n Tabular extension package (FMi)
\col@sep=\dimen184
\ar@mcellbox=\box57
\extrarowheight=\dimen185
\NC@list=\toks28
\extratabsurround=\skip54
\backup@length=\skip55
\ar@cellbox=\box58
)
(/usr/local/texlive/2026basic/texmf-dist/tex/latex/enumitem/enumitem.sty
Package: enumitem 2025/02/06 v3.11 Customized lists
\labelindent=\skip56
\enit@outerparindent=\dimen186
\enit@toks=\toks29
\enit@inbox=\box59
\enit@count@id=\count314
\enitdp@description=\count315
)
(/usr/local/texlive/2026basic/texmf-dist/tex/latex/fancyhdr/fancyhdr.sty
Package: fancyhdr 2025/02/07 v5.2 Extensive control of page headers and footers

\f@nch@headwidth=\skip57
\f@nch@offset@elh=\skip58
\f@nch@offset@erh=\skip59
\f@nch@offset@olh=\skip60
\f@nch@offset@orh=\skip61
\f@nch@offset@elf=\skip62
\f@nch@offset@erf=\skip63
\f@nch@offset@olf=\skip64
\f@nch@offset@orf=\skip65
\f@nch@height=\skip66
\f@nch@footalignment=\skip67
\f@nch@widthL=\skip68
\f@nch@widthC=\skip69
\f@nch@widthR=\skip70
\@temptokenb=\toks30
)
(/usr/local/texlive/2026basic/texmf-dist/tex/latex/titlesec/titlesec.sty
Package: titlesec 2025/01/04 v2.17 Sectioning titles
\ttl@box=\box60
\beforetitleunit=\skip71
\aftertitleunit=\skip72
\ttl@plus=\dimen187
\ttl@minus=\dimen188
\ttl@toksa=\toks31
\titlewidth=\dimen189
\titlewidthlast=\dimen190
\titlewidthfirst=\dimen191
)
(/usr/local/texlive/2026basic/texmf-dist/tex/latex/float/float.sty
Package: float 2001/11/08 v1.3d Float enhancements (AL)
\c@float@type=\count316
\float@exts=\toks32
\float@box=\box61
\@float@everytoks=\toks33
\@floatcapt=\box62
)
(/usr/local/texlive/2026basic/texmf-dist/tex/latex/graphics/graphicx.sty
Package: graphicx 2024/12/31 v1.2e Enhanced LaTeX Graphics (DPC,SPQR)

(/usr/local/texlive/2026basic/texmf-dist/tex/latex/graphics/graphics.sty
Package: graphics 2024/08/06 v1.4g Standard LaTeX Graphics (DPC,SPQR)

(/usr/local/texlive/2026basic/texmf-dist/tex/latex/graphics/trig.sty
Package: trig 2023/12/02 v1.11 sin cos tan (DPC)
)
(/usr/local/texlive/2026basic/texmf-dist/tex/latex/graphics-cfg/graphics.cfg
File: graphics.cfg 2016/06/04 v1.11 sample graphics configuration
)
Package graphics Info: Driver file: pdftex.def on input line 106.
)
\Gin@req@height=\dimen192
\Gin@req@width=\dimen193
) (/usr/local/texlive/2026basic/texmf-dist/tex/latex/hyperref/hyperref.sty
Package: hyperref 2026-01-29 v7.01p Hypertext links for LaTeX

(/usr/local/texlive/2026basic/texmf-dist/tex/generic/kvdefinekeys/kvdefinekeys.
sty
Package: kvdefinekeys 2019-12-19 v1.6 Define keys (HO)
)
(/usr/local/texlive/2026basic/texmf-dist/tex/generic/pdfescape/pdfescape.sty
Package: pdfescape 2019/12/09 v1.15 Implements pdfTeX's escape features (HO)

(/usr/local/texlive/2026basic/texmf-dist/tex/generic/pdftexcmds/pdftexcmds.sty
Package: pdftexcmds 2020-06-27 v0.33 Utility functions of pdfTeX for LuaTeX (HO
)

(/usr/local/texlive/2026basic/texmf-dist/tex/generic/infwarerr/infwarerr.sty
Package: infwarerr 2019/12/03 v1.5 Providing info/warning/error messages (HO)
)
Package pdftexcmds Info: \pdf@primitive is available.
Package pdftexcmds Info: \pdf@ifprimitive is available.
Package pdftexcmds Info: \pdfdraftmode found.
)) (/usr/local/texlive/2026basic/texmf-dist/tex/latex/hycolor/hycolor.sty
Package: hycolor 2020-01-27 v1.10 Color options for hyperref/bookmark (HO)
)
(/usr/local/texlive/2026basic/texmf-dist/tex/latex/hyperref/nameref.sty
Package: nameref 2026-01-29 v2.58 Cross-referencing by name of section

(/usr/local/texlive/2026basic/texmf-dist/tex/latex/refcount/refcount.sty
Package: refcount 2019/12/15 v3.6 Data extraction from label references (HO)
)
(/usr/local/texlive/2026basic/texmf-dist/tex/generic/gettitlestring/gettitlestr
ing.sty
Package: gettitlestring 2019/12/15 v1.6 Cleanup title references (HO)
)
\c@section@level=\count317
)
(/usr/local/texlive/2026basic/texmf-dist/tex/generic/stringenc/stringenc.sty
Package: stringenc 2019/11/29 v1.12 Convert strings between diff. encodings (HO
)
)
\@linkdim=\dimen194
\Hy@linkcounter=\count318
\Hy@pagecounter=\count319

(/usr/local/texlive/2026basic/texmf-dist/tex/latex/hyperref/pd1enc.def
File: pd1enc.def 2026-01-29 v7.01p Hyperref: PDFDocEncoding definition (HO)
Now handling font encoding PD1 ...
... no UTF-8 mapping file for font encoding PD1
)
(/usr/local/texlive/2026basic/texmf-dist/tex/generic/intcalc/intcalc.sty
Package: intcalc 2019/12/15 v1.3 Expandable calculations with integers (HO)
)
\Hy@SavedSpaceFactor=\count320

(/usr/local/texlive/2026basic/texmf-dist/tex/latex/hyperref/puenc.def
File: puenc.def 2026-01-29 v7.01p Hyperref: PDF Unicode definition (HO)
Now handling font encoding PU ...
... no UTF-8 mapping file for font encoding PU
)
Package hyperref Info: Hyper figures OFF on input line 4201.
Package hyperref Info: Link nesting OFF on input line 4206.
Package hyperref Info: Hyper index ON on input line 4209.
Package hyperref Info: Plain pages OFF on input line 4216.
Package hyperref Info: Backreferencing OFF on input line 4221.
Package hyperref Info: Implicit mode ON; LaTeX internals redefined.
Package hyperref Info: Bookmarks ON on input line 4468.
\c@Hy@tempcnt=\count321

(/usr/local/texlive/2026basic/texmf-dist/tex/latex/url/url.sty
\Urlmuskip=\muskip18
Package: url 2013/09/16  ver 3.4  Verb mode for urls, etc.
)
LaTeX Info: Redefining \url on input line 4807.
\XeTeXLinkMargin=\dimen195

(/usr/local/texlive/2026basic/texmf-dist/tex/generic/bitset/bitset.sty
Package: bitset 2019/12/09 v1.3 Handle bit-vector datatype (HO)

(/usr/local/texlive/2026basic/texmf-dist/tex/generic/bigintcalc/bigintcalc.sty
Package: bigintcalc 2019/12/15 v1.5 Expandable calculations on big integers (HO
)
))
\Fld@menulength=\count322
\Field@Width=\dimen196
\Fld@charsize=\dimen197
Package hyperref Info: Hyper figures OFF on input line 6084.
Package hyperref Info: Link nesting OFF on input line 6089.
Package hyperref Info: Hyper index ON on input line 6092.
Package hyperref Info: backreferencing OFF on input line 6099.
Package hyperref Info: Link coloring OFF on input line 6104.
Package hyperref Info: Link coloring with OCG OFF on input line 6109.
Package hyperref Info: PDF/A mode OFF on input line 6114.
\Hy@abspage=\count323
\c@Item=\count324
\c@Hfootnote=\count325
)
Package hyperref Info: Driver (autodetected): hpdftex.
 (/usr/local/texlive/2026basic/texmf-dist/tex/latex/hyperref/hpdftex.def
File: hpdftex.def 2026-01-29 v7.01p Hyperref driver for pdfTeX
\Fld@listcount=\count326
\c@bookmark@seq@number=\count327

(/usr/local/texlive/2026basic/texmf-dist/tex/latex/rerunfilecheck/rerunfilechec
k.sty
Package: rerunfilecheck 2025-06-21 v1.11 Rerun checks for auxiliary files (HO)

(/usr/local/texlive/2026basic/texmf-dist/tex/generic/uniquecounter/uniquecounte
r.sty
Package: uniquecounter 2019/12/15 v1.4 Provide unlimited unique counter (HO)
)
Package uniquecounter Info: New unique counter `rerunfilecheck' on input line 2
84.
)
\Hy@SectionHShift=\skip73
) (/usr/local/texlive/2026basic/texmf-dist/tex/latex/psnfss/mathpazo.sty
Package: mathpazo 2020/03/25 PSNFSS-v9.3 Palatino w/ Pazo Math (D.Puga, WaS) 
\symupright=\mathgroup6
) (/usr/local/texlive/2026basic/texmf-dist/tex/latex/psnfss/helvet.sty
Package: helvet 2020/03/25 PSNFSS-v9.3 (WaS) 
)
(/usr/local/texlive/2026basic/texmf-dist/tex/latex/psnfss/courier.sty
Package: courier 2020/03/25 PSNFSS-v9.3 (WaS) 
)
(/usr/local/texlive/2026basic/texmf-dist/tex/latex/pgf/frontendlayer/tikz.sty
(/usr/local/texlive/2026basic/texmf-dist/tex/latex/pgf/basiclayer/pgf.sty
(/usr/local/texlive/2026basic/texmf-dist/tex/latex/pgf/utilities/pgfrcs.sty
(/usr/local/texlive/2026basic/texmf-dist/tex/generic/pgf/utilities/pgfutil-comm
on.tex
\pgfutil@everybye=\toks34
\pgfutil@tempdima=\dimen198
\pgfutil@tempdimb=\dimen199
)
(/usr/local/texlive/2026basic/texmf-dist/tex/generic/pgf/utilities/pgfutil-late
x.def
\pgfutil@abb=\box63
)
(/usr/local/texlive/2026basic/texmf-dist/tex/generic/pgf/utilities/pgfrcs.code.
tex (/usr/local/texlive/2026basic/texmf-dist/tex/generic/pgf/pgf.revision.tex)
Package: pgfrcs 2025-08-29 v3.1.11a (3.1.11a)
))
Package: pgf 2025-08-29 v3.1.11a (3.1.11a)
 (/usr/local/texlive/2026basic/texmf-dist/tex/latex/pgf/basiclayer/pgfcore.sty 
(/usr/local/texlive/2026basic/texmf-dist/tex/latex/pgf/systemlayer/pgfsys.sty
(/usr/local/texlive/2026basic/texmf-dist/tex/generic/pgf/systemlayer/pgfsys.cod
e.tex
Package: pgfsys 2025-08-29 v3.1.11a (3.1.11a)

(/usr/local/texlive/2026basic/texmf-dist/tex/generic/pgf/utilities/pgfkeys.code
.tex
\pgfkeys@pathtoks=\toks35
\pgfkeys@temptoks=\toks36

(/usr/local/texlive/2026basic/texmf-dist/tex/generic/pgf/utilities/pgfkeyslibra
ryfiltered.code.tex
\pgfkeys@tmptoks=\toks37
))
\pgf@x=\dimen256
\pgf@y=\dimen257
\pgf@xa=\dimen258
\pgf@ya=\dimen259
\pgf@xb=\dimen260
\pgf@yb=\dimen261
\pgf@xc=\dimen262
\pgf@yc=\dimen263
\pgf@xd=\dimen264
\pgf@yd=\dimen265
\w@pgf@writea=\write3
\r@pgf@reada=\read3
\c@pgf@counta=\count328
\c@pgf@countb=\count329
\c@pgf@countc=\count330
\c@pgf@countd=\count331
\t@pgf@toka=\toks38
\t@pgf@tokb=\toks39
\t@pgf@tokc=\toks40
\pgf@sys@id@count=\count332

(/usr/local/texlive/2026basic/texmf-dist/tex/generic/pgf/systemlayer/pgf.cfg
File: pgf.cfg 2025-08-29 v3.1.11a (3.1.11a)
)
Driver file for pgf: pgfsys-pdftex.def

(/usr/local/texlive/2026basic/texmf-dist/tex/generic/pgf/systemlayer/pgfsys-pdf
tex.def
File: pgfsys-pdftex.def 2025-08-29 v3.1.11a (3.1.11a)

(/usr/local/texlive/2026basic/texmf-dist/tex/generic/pgf/systemlayer/pgfsys-com
mon-pdf.def
File: pgfsys-common-pdf.def 2025-08-29 v3.1.11a (3.1.11a)
)))
(/usr/local/texlive/2026basic/texmf-dist/tex/generic/pgf/systemlayer/pgfsyssoft
path.code.tex
File: pgfsyssoftpath.code.tex 2025-08-29 v3.1.11a (3.1.11a)
\pgfsyssoftpath@smallbuffer@items=\count333
\pgfsyssoftpath@bigbuffer@items=\count334
)
(/usr/local/texlive/2026basic/texmf-dist/tex/generic/pgf/systemlayer/pgfsysprot
ocol.code.tex
File: pgfsysprotocol.code.tex 2025-08-29 v3.1.11a (3.1.11a)
))
(/usr/local/texlive/2026basic/texmf-dist/tex/generic/pgf/basiclayer/pgfcore.cod
e.tex
Package: pgfcore 2025-08-29 v3.1.11a (3.1.11a)

(/usr/local/texlive/2026basic/texmf-dist/tex/generic/pgf/math/pgfmath.code.tex
(/usr/local/texlive/2026basic/texmf-dist/tex/generic/pgf/math/pgfmathutil.code.
tex)
(/usr/local/texlive/2026basic/texmf-dist/tex/generic/pgf/math/pgfmathparser.cod
e.tex
\pgfmath@dimen=\dimen266
\pgfmath@count=\count335
\pgfmath@box=\box64
\pgfmath@toks=\toks41
\pgfmath@stack@operand=\toks42
\pgfmath@stack@operation=\toks43
)
(/usr/local/texlive/2026basic/texmf-dist/tex/generic/pgf/math/pgfmathfunctions.
code.tex)
(/usr/local/texlive/2026basic/texmf-dist/tex/generic/pgf/math/pgfmathfunctions.
basic.code.tex)
(/usr/local/texlive/2026basic/texmf-dist/tex/generic/pgf/math/pgfmathfunctions.
trigonometric.code.tex)
(/usr/local/texlive/2026basic/texmf-dist/tex/generic/pgf/math/pgfmathfunctions.
random.code.tex)
(/usr/local/texlive/2026basic/texmf-dist/tex/generic/pgf/math/pgfmathfunctions.
comparison.code.tex)
(/usr/local/texlive/2026basic/texmf-dist/tex/generic/pgf/math/pgfmathfunctions.
base.code.tex)
(/usr/local/texlive/2026basic/texmf-dist/tex/generic/pgf/math/pgfmathfunctions.
round.code.tex)
(/usr/local/texlive/2026basic/texmf-dist/tex/generic/pgf/math/pgfmathfunctions.
misc.code.tex)
(/usr/local/texlive/2026basic/texmf-dist/tex/generic/pgf/math/pgfmathfunctions.
integerarithmetics.code.tex)
(/usr/local/texlive/2026basic/texmf-dist/tex/generic/pgf/math/pgfmathcalc.code.
tex)
(/usr/local/texlive/2026basic/texmf-dist/tex/generic/pgf/math/pgfmathfloat.code
.tex
\c@pgfmathroundto@lastzeros=\count336
))
(/usr/local/texlive/2026basic/texmf-dist/tex/generic/pgf/math/pgfint.code.tex)
(/usr/local/texlive/2026basic/texmf-dist/tex/generic/pgf/basiclayer/pgfcorepoin
ts.code.tex
File: pgfcorepoints.code.tex 2025-08-29 v3.1.11a (3.1.11a)
\pgf@picminx=\dimen267
\pgf@picmaxx=\dimen268
\pgf@picminy=\dimen269
\pgf@picmaxy=\dimen270
\pgf@pathminx=\dimen271
\pgf@pathmaxx=\dimen272
\pgf@pathminy=\dimen273
\pgf@pathmaxy=\dimen274
\pgf@xx=\dimen275
\pgf@xy=\dimen276
\pgf@yx=\dimen277
\pgf@yy=\dimen278
\pgf@zx=\dimen279
\pgf@zy=\dimen280
)
(/usr/local/texlive/2026basic/texmf-dist/tex/generic/pgf/basiclayer/pgfcorepath
construct.code.tex
File: pgfcorepathconstruct.code.tex 2025-08-29 v3.1.11a (3.1.11a)
\pgf@path@lastx=\dimen281
\pgf@path@lasty=\dimen282
)
(/usr/local/texlive/2026basic/texmf-dist/tex/generic/pgf/basiclayer/pgfcorepath
usage.code.tex
File: pgfcorepathusage.code.tex 2025-08-29 v3.1.11a (3.1.11a)
\pgf@shorten@end@additional=\dimen283
\pgf@shorten@start@additional=\dimen284
)
(/usr/local/texlive/2026basic/texmf-dist/tex/generic/pgf/basiclayer/pgfcorescop
es.code.tex
File: pgfcorescopes.code.tex 2025-08-29 v3.1.11a (3.1.11a)
\pgfpic=\box65
\pgf@hbox=\box66
\pgf@layerbox@main=\box67
\pgf@picture@serial@count=\count337
)
(/usr/local/texlive/2026basic/texmf-dist/tex/generic/pgf/basiclayer/pgfcoregrap
hicstate.code.tex
File: pgfcoregraphicstate.code.tex 2025-08-29 v3.1.11a (3.1.11a)
\pgflinewidth=\dimen285
)
(/usr/local/texlive/2026basic/texmf-dist/tex/generic/pgf/basiclayer/pgfcoretran
sformations.code.tex
File: pgfcoretransformations.code.tex 2025-08-29 v3.1.11a (3.1.11a)
\pgf@pt@x=\dimen286
\pgf@pt@y=\dimen287
\pgf@pt@temp=\dimen288
)
(/usr/local/texlive/2026basic/texmf-dist/tex/generic/pgf/basiclayer/pgfcorequic
k.code.tex
File: pgfcorequick.code.tex 2025-08-29 v3.1.11a (3.1.11a)
)
(/usr/local/texlive/2026basic/texmf-dist/tex/generic/pgf/basiclayer/pgfcoreobje
cts.code.tex
File: pgfcoreobjects.code.tex 2025-08-29 v3.1.11a (3.1.11a)
)
(/usr/local/texlive/2026basic/texmf-dist/tex/generic/pgf/basiclayer/pgfcorepath
processing.code.tex
File: pgfcorepathprocessing.code.tex 2025-08-29 v3.1.11a (3.1.11a)
)
(/usr/local/texlive/2026basic/texmf-dist/tex/generic/pgf/basiclayer/pgfcorearro
ws.code.tex
File: pgfcorearrows.code.tex 2025-08-29 v3.1.11a (3.1.11a)
\pgfarrowsep=\dimen289
)
(/usr/local/texlive/2026basic/texmf-dist/tex/generic/pgf/basiclayer/pgfcoreshad
e.code.tex
File: pgfcoreshade.code.tex 2025-08-29 v3.1.11a (3.1.11a)
\pgf@max=\dimen290
\pgf@sys@shading@range@num=\count338
\pgf@shadingcount=\count339
)
(/usr/local/texlive/2026basic/texmf-dist/tex/generic/pgf/basiclayer/pgfcoreimag
e.code.tex
File: pgfcoreimage.code.tex 2025-08-29 v3.1.11a (3.1.11a)
)
(/usr/local/texlive/2026basic/texmf-dist/tex/generic/pgf/basiclayer/pgfcoreexte
rnal.code.tex
File: pgfcoreexternal.code.tex 2025-08-29 v3.1.11a (3.1.11a)
\pgfexternal@startupbox=\box68
)
(/usr/local/texlive/2026basic/texmf-dist/tex/generic/pgf/basiclayer/pgfcorelaye
rs.code.tex
File: pgfcorelayers.code.tex 2025-08-29 v3.1.11a (3.1.11a)
)
(/usr/local/texlive/2026basic/texmf-dist/tex/generic/pgf/basiclayer/pgfcoretran
sparency.code.tex
File: pgfcoretransparency.code.tex 2025-08-29 v3.1.11a (3.1.11a)
)
(/usr/local/texlive/2026basic/texmf-dist/tex/generic/pgf/basiclayer/pgfcorepatt
erns.code.tex
File: pgfcorepatterns.code.tex 2025-08-29 v3.1.11a (3.1.11a)
)
(/usr/local/texlive/2026basic/texmf-dist/tex/generic/pgf/basiclayer/pgfcorerdf.
code.tex
File: pgfcorerdf.code.tex 2025-08-29 v3.1.11a (3.1.11a)
)))
(/usr/local/texlive/2026basic/texmf-dist/tex/generic/pgf/modules/pgfmoduleshape
s.code.tex
File: pgfmoduleshapes.code.tex 2025-08-29 v3.1.11a (3.1.11a)
\pgfnodeparttextbox=\box69
)
(/usr/local/texlive/2026basic/texmf-dist/tex/generic/pgf/modules/pgfmoduleplot.
code.tex
File: pgfmoduleplot.code.tex 2025-08-29 v3.1.11a (3.1.11a)
)
(/usr/local/texlive/2026basic/texmf-dist/tex/latex/pgf/compatibility/pgfcomp-ve
rsion-0-65.sty
Package: pgfcomp-version-0-65 2025-08-29 v3.1.11a (3.1.11a)
\pgf@nodesepstart=\dimen291
\pgf@nodesepend=\dimen292
)
(/usr/local/texlive/2026basic/texmf-dist/tex/latex/pgf/compatibility/pgfcomp-ve
rsion-1-18.sty
Package: pgfcomp-version-1-18 2025-08-29 v3.1.11a (3.1.11a)
))
(/usr/local/texlive/2026basic/texmf-dist/tex/latex/pgf/utilities/pgffor.sty
(/usr/local/texlive/2026basic/texmf-dist/tex/latex/pgf/utilities/pgfkeys.sty
(/usr/local/texlive/2026basic/texmf-dist/tex/generic/pgf/utilities/pgfkeys.code
.tex)) (/usr/local/texlive/2026basic/texmf-dist/tex/latex/pgf/math/pgfmath.sty
(/usr/local/texlive/2026basic/texmf-dist/tex/generic/pgf/math/pgfmath.code.tex)
)
(/usr/local/texlive/2026basic/texmf-dist/tex/generic/pgf/utilities/pgffor.code.
tex
Package: pgffor 2025-08-29 v3.1.11a (3.1.11a)
\pgffor@iter=\dimen293
\pgffor@skip=\dimen294
\pgffor@stack=\toks44
\pgffor@toks=\toks45
))
(/usr/local/texlive/2026basic/texmf-dist/tex/generic/pgf/frontendlayer/tikz/tik
z.code.tex
Package: tikz 2025-08-29 v3.1.11a (3.1.11a)

(/usr/local/texlive/2026basic/texmf-dist/tex/generic/pgf/libraries/pgflibrarypl
othandlers.code.tex
File: pgflibraryplothandlers.code.tex 2025-08-29 v3.1.11a (3.1.11a)
\pgf@plot@mark@count=\count340
\pgfplotmarksize=\dimen295
)
\tikz@lastx=\dimen296
\tikz@lasty=\dimen297
\tikz@lastxsaved=\dimen298
\tikz@lastysaved=\dimen299
\tikz@lastmovetox=\dimen300
\tikz@lastmovetoy=\dimen301
\tikzleveldistance=\dimen302
\tikzsiblingdistance=\dimen303
\tikz@figbox=\box70
\tikz@figbox@bg=\box71
\tikz@tempbox=\box72
\tikz@tempbox@bg=\box73
\tikztreelevel=\count341
\tikznumberofchildren=\count342
\tikznumberofcurrentchild=\count343
\tikz@fig@count=\count344

(/usr/local/texlive/2026basic/texmf-dist/tex/generic/pgf/modules/pgfmodulematri
x.code.tex
File: pgfmodulematrix.code.tex 2025-08-29 v3.1.11a (3.1.11a)
\pgfmatrixcurrentrow=\count345
\pgfmatrixcurrentcolumn=\count346
\pgf@matrix@numberofcolumns=\count347
)
\tikz@expandcount=\count348

(/usr/local/texlive/2026basic/texmf-dist/tex/generic/pgf/frontendlayer/tikz/lib
raries/tikzlibrarytopaths.code.tex
File: tikzlibrarytopaths.code.tex 2025-08-29 v3.1.11a (3.1.11a)
)))
(/usr/local/texlive/2026basic/texmf-dist/tex/generic/pgf/frontendlayer/tikz/lib
raries/tikzlibrarypositioning.code.tex
File: tikzlibrarypositioning.code.tex 2025-08-29 v3.1.11a (3.1.11a)
)
(/usr/local/texlive/2026basic/texmf-dist/tex/generic/pgf/libraries/pgflibraryar
rows.meta.code.tex
File: pgflibraryarrows.meta.code.tex 2025-08-29 v3.1.11a (3.1.11a)
\pgfarrowinset=\dimen304
\pgfarrowlength=\dimen305
\pgfarrowwidth=\dimen306
\pgfarrowlinewidth=\dimen307
)
(/usr/local/texlive/2026basic/texmf-dist/tex/generic/pgf/frontendlayer/tikz/lib
raries/tikzlibrarycalc.code.tex
File: tikzlibrarycalc.code.tex 2025-08-29 v3.1.11a (3.1.11a)
)
(/usr/local/texlive/2026basic/texmf-dist/tex/generic/pgf/frontendlayer/tikz/lib
raries/tikzlibrarydecorations.pathreplacing.code.tex
(/usr/local/texlive/2026basic/texmf-dist/tex/generic/pgf/frontendlayer/tikz/lib
raries/tikzlibrarydecorations.code.tex
(/usr/local/texlive/2026basic/texmf-dist/tex/generic/pgf/modules/pgfmoduledecor
ations.code.tex
\pgfdecoratedcompleteddistance=\dimen308
\pgfdecoratedremainingdistance=\dimen309
\pgfdecoratedinputsegmentcompleteddistance=\dimen310
\pgfdecoratedinputsegmentremainingdistance=\dimen311
\pgf@decorate@distancetomove=\dimen312
\pgf@decorate@repeatstate=\count349
\pgfdecorationsegmentamplitude=\dimen313
\pgfdecorationsegmentlength=\dimen314
)
\tikz@lib@dec@box=\box74
)
(/usr/local/texlive/2026basic/texmf-dist/tex/generic/pgf/libraries/decorations/
pgflibrarydecorations.pathreplacing.code.tex))
(/usr/local/texlive/2026basic/texmf-dist/tex/latex/listings/lstlang1.sty
File: lstlang1.sty 2025/11/14 1.11b listings language file
)
(/usr/local/texlive/2026basic/texmf-dist/tex/latex/listings/lstlang2.sty
File: lstlang2.sty 2025/11/14 1.11b listings language file
)
(/usr/local/texlive/2026basic/texmf-dist/tex/latex/listings/lstlang3.sty
File: lstlang3.sty 2025/11/14 1.11b listings language file
)
Package hyperref Info: Option `colorlinks' set `true' on input line 239.
LaTeX Font Info:    Trying to load font information for T1+ppl on input line 24
4.

(/usr/local/texlive/2026basic/texmf-dist/tex/latex/psnfss/t1ppl.fd
File: t1ppl.fd 2001/06/04 font definitions for T1/ppl.
)
(/usr/local/texlive/2026basic/texmf-dist/tex/latex/l3backend/l3backend-pdftex.d
ef
File: l3backend-pdftex.def 2025-10-09 L3 backend support: PDF output (pdfTeX)
\l__color_backend_stack_int=\count350
) (./informe_pipeline.aux
LaTeX Info: Redefining \. on input line 11.
LaTeX Info: Redefining \% on input line 11.
Package babel Info: 'spanish' activates 'spanish' shorthands.
(babel)             Reported on input line 11.
)
\openout1 = `informe_pipeline.aux'.

LaTeX Font Info:    Checking defaults for OML/cmm/m/it on input line 244.
LaTeX Font Info:    ... okay on input line 244.
LaTeX Font Info:    Checking defaults for OMS/cmsy/m/n on input line 244.
LaTeX Font Info:    ... okay on input line 244.
LaTeX Font Info:    Checking defaults for OT1/cmr/m/n on input line 244.
LaTeX Font Info:    ... okay on input line 244.
LaTeX Font Info:    Checking defaults for T1/cmr/m/n on input line 244.
LaTeX Font Info:    ... okay on input line 244.
LaTeX Font Info:    Checking defaults for TS1/cmr/m/n on input line 244.
LaTeX Font Info:    ... okay on input line 244.
LaTeX Font Info:    Checking defaults for OMX/cmex/m/n on input line 244.
LaTeX Font Info:    ... okay on input line 244.
LaTeX Font Info:    Checking defaults for U/cmr/m/n on input line 244.
LaTeX Font Info:    ... okay on input line 244.
LaTeX Font Info:    Checking defaults for PD1/pdf/m/n on input line 244.
LaTeX Font Info:    ... okay on input line 244.
LaTeX Font Info:    Checking defaults for PU/pdf/m/n on input line 244.
LaTeX Font Info:    ... okay on input line 244.
LaTeX Info: Redefining \. on input line 244.
LaTeX Info: Redefining \% on input line 244.

*geometry* driver: auto-detecting
*geometry* detected driver: pdftex
*geometry* verbose mode - [ preamble ] result:
* driver: pdftex
* paper: a4paper
* layout: <same size as paper>
* layoutoffset:(h,v)=(0.0pt,0.0pt)
* modes: 
* h-part:(L,W,R)=(71.13188pt, 455.24411pt, 71.13188pt)
* v-part:(T,H,B)=(71.13188pt, 702.78308pt, 71.13188pt)
* \paperwidth=597.50787pt
* \paperheight=845.04684pt
* \textwidth=455.24411pt
* \textheight=702.78308pt
* \oddsidemargin=-1.1381pt
* \evensidemargin=-1.1381pt
* \topmargin=-38.1381pt
* \headheight=14.5pt
* \headsep=25.0pt
* \topskip=12.0pt
* \footskip=30.0pt
* \marginparwidth=35.0pt
* \marginparsep=10.0pt
* \columnsep=10.0pt
* \skip\footins=10.8pt plus 4.0pt minus 2.0pt
* \hoffset=0.0pt
* \voffset=0.0pt
* \mag=1000
* \@twocolumnfalse
* \@twosidefalse
* \@mparswitchfalse
* \@reversemarginfalse
* (1in=72.27pt=25.4mm, 1cm=28.453pt)

Couldn't patch \ttl@straight@ii
Couldn't patch \ttl@straight@ii
\c@lstlisting=\count351
(/usr/local/texlive/2026basic/texmf-dist/tex/context/base/mkii/supp-pdf.mkii
[Loading MPS to PDF converter (version 2006.09.02).]
\scratchcounter=\count352
\scratchdimen=\dimen315
\scratchbox=\box75
\nofMPsegments=\count353
\nofMParguments=\count354
\everyMPshowfont=\toks46
\MPscratchCnt=\count355
\MPscratchDim=\dimen316
\MPnumerator=\count356
\makeMPintoPDFobject=\count357
\everyMPtoPDFconversion=\toks47
)
(/usr/local/texlive/2026basic/texmf-dist/tex/latex/epstopdf-pkg/epstopdf-base.s
ty
Package: epstopdf-base 2020-01-24 v2.11 Base part for package epstopdf
Package epstopdf-base Info: Redefining graphics rule for `.eps' on input line 4
85.

(/usr/local/texlive/2026basic/texmf-dist/tex/latex/latexconfig/epstopdf-sys.cfg
File: epstopdf-sys.cfg 2010/07/13 v1.3 Configuration of (r)epstopdf for TeX Liv
e
))
Package hyperref Info: Link coloring ON on input line 244.
 (./informe_pipeline.out) (./informe_pipeline.out)
\@outlinefile=\write4
\openout4 = `informe_pipeline.out'.

<../Images/UTEC.png, id=348, 963.6pt x 963.6pt>
File: ../Images/UTEC.png Graphic file (type png)
<use ../Images/UTEC.png>
Package pdftex.def Info: ../Images/UTEC.png  used on input line 252.
(pdftex.def)             Requested size: 136.57462pt x 136.56456pt.
LaTeX Font Info:    Trying to load font information for T1+phv on input line 25
4.

(/usr/local/texlive/2026basic/texmf-dist/tex/latex/psnfss/t1phv.fd
File: t1phv.fd 2020/03/25 scalable font definitions for T1/phv.
)
LaTeX Font Info:    Font shape `T1/phv/b/n' will be
(Font)              scaled to size 22.88956pt on input line 254.
LaTeX Font Info:    Font shape `T1/phv/m/n' will be
(Font)              scaled to size 15.89755pt on input line 257.
LaTeX Font Info:    Trying to load font information for OT1+ppl on input line 2
60.

(/usr/local/texlive/2026basic/texmf-dist/tex/latex/psnfss/ot1ppl.fd
File: ot1ppl.fd 2001/06/04 font definitions for OT1/ppl.
)
LaTeX Font Info:    Trying to load font information for OML+zplm on input line 
260.

(/usr/local/texlive/2026basic/texmf-dist/tex/latex/psnfss/omlzplm.fd
File: omlzplm.fd 2002/09/08 Fontinst v1.914 font definitions for OML/zplm.
)
LaTeX Font Info:    Trying to load font information for OMS+zplm on input line 
260.

(/usr/local/texlive/2026basic/texmf-dist/tex/latex/psnfss/omszplm.fd
File: omszplm.fd 2002/09/08 Fontinst v1.914 font definitions for OMS/zplm.
)
LaTeX Font Info:    Trying to load font information for OMX+zplm on input line 
260.

(/usr/local/texlive/2026basic/texmf-dist/tex/latex/psnfss/omxzplm.fd
File: omxzplm.fd 2002/09/08 Fontinst v1.914 font definitions for OMX/zplm.
)
LaTeX Font Info:    Font shape `U/msa/m/n' will be
(Font)              scaled to size 12.50409pt on input line 260.
LaTeX Font Info:    Font shape `U/msa/m/n' will be
(Font)              scaled to size 9.37807pt on input line 260.
LaTeX Font Info:    Font shape `U/msa/m/n' will be
(Font)              scaled to size 7.29405pt on input line 260.
LaTeX Font Info:    Font shape `U/msb/m/n' will be
(Font)              scaled to size 12.50409pt on input line 260.
LaTeX Font Info:    Font shape `U/msb/m/n' will be
(Font)              scaled to size 9.37807pt on input line 260.
LaTeX Font Info:    Font shape `U/msb/m/n' will be
(Font)              scaled to size 7.29405pt on input line 260.
LaTeX Font Info:    Trying to load font information for OT1+zplm on input line 
260.

(/usr/local/texlive/2026basic/texmf-dist/tex/latex/psnfss/ot1zplm.fd
File: ot1zplm.fd 2002/09/08 Fontinst v1.914 font definitions for OT1/zplm.
)
LaTeX Font Info:    Trying to load font information for T1+pcr on input line 26
4.

(/usr/local/texlive/2026basic/texmf-dist/tex/latex/psnfss/t1pcr.fd
File: t1pcr.fd 2001/06/04 font definitions for T1/pcr.
) [1

{/Users/antonio/Library/texlive/2026basic/texmf-var/fonts/map/pdftex/updmap/pdf
tex.map}{/usr/local/texlive/2026basic/texmf-dist/fonts/enc/dvips/base/8r.enc} <
../Images/UTEC.png>]
LaTeX Font Info:    Font shape `T1/phv/m/n' will be
(Font)              scaled to size 10.07397pt on input line 284.
 [2]
LaTeX Font Info:    Font shape `T1/phv/b/n' will be
(Font)              scaled to size 15.89755pt on input line 286.
 (./informe_pipeline.toc
LaTeX Info: Redefining \. on input line 1.
LaTeX Info: Redefining \% on input line 1.

pdfTeX warning (ext4): destination with the same identifier (name{page.1}) has 
been already used, duplicate ignored
<to be read again> 
                   \relax 
l.42 ...all (Load-Use Hazard)}{32}{subsection.7.3}
                                                  % [1]
pdfTeX warning (ext4): destination with the same identifier (name{page.2}) has 
been already used, duplicate ignored
<to be read again> 
                   \relax 
l.86 ...mberline {12}Conclusiones}{75}{section.12}
                                                  % [2])
\tf@toc=\write5
\openout5 = `informe_pipeline.toc'.

 [3]
LaTeX Font Info:    Font shape `T1/phv/m/n' will be
(Font)              scaled to size 13.24796pt on input line 294.
LaTeX Font Info:    Font shape `T1/phv/b/n' will be
(Font)              scaled to size 13.24796pt on input line 294.
LaTeX Font Info:    Font shape `T1/phv/m/n' will be
(Font)              scaled to size 5.51999pt on input line 328.
LaTeX Font Info:    Font shape `T1/phv/m/n' will be
(Font)              scaled to size 7.35999pt on input line 332.
LaTeX Font Info:    Font shape `T1/phv/b/n' will be
(Font)              scaled to size 7.35999pt on input line 332.

Overfull \hbox (13.73608pt too wide) in paragraph at lines 378--379
 [][] 
 []

[4] [5]
Overfull \hbox (26.92361pt too wide) in paragraph at lines 408--409
[]\T1/ppl/b/n/12 Seńales pa-ra Wri-te-back (WB)\T1/ppl/m/n/12 : In-di-can la es
-cri-tu-ra en el ban-co de re-gis-tros (\T1/pcr/m/n/12 RegWrite\T1/ppl/m/n/12 ,

 []

LaTeX Font Info:    Font shape `U/msa/m/n' will be
(Font)              scaled to size 10.42007pt on input line 423.
LaTeX Font Info:    Font shape `U/msa/m/n' will be
(Font)              scaled to size 7.91925pt on input line 423.
LaTeX Font Info:    Font shape `U/msa/m/n' will be
(Font)              scaled to size 6.25204pt on input line 423.
LaTeX Font Info:    Font shape `U/msb/m/n' will be
(Font)              scaled to size 10.42007pt on input line 423.
LaTeX Font Info:    Font shape `U/msb/m/n' will be
(Font)              scaled to size 7.91925pt on input line 423.
LaTeX Font Info:    Font shape `U/msb/m/n' will be
(Font)              scaled to size 6.25204pt on input line 423.
[6] [7]
<../Images/diagrama_base.png, id=491, 1479.5275pt x 626.34pt>
File: ../Images/diagrama_base.png Graphic file (type png)
<use ../Images/diagrama_base.png>
Package pdftex.def Info: ../Images/diagrama_base.png  used on input line 492.
(pdftex.def)             Requested size: 455.24411pt x 192.72025pt.
 [8]
LaTeX Font Info:    Font shape `T1/phv/m/n' will be
(Font)              scaled to size 11.03998pt on input line 501.
LaTeX Font Info:    Font shape `T1/phv/b/n' will be
(Font)              scaled to size 11.03998pt on input line 501.
LaTeX Font Info:    Font shape `T1/phv/b/n' will be
(Font)              scaled to size 10.07397pt on input line 516.
LaTeX Font Info:    Font shape `T1/phv/b/n' will be
(Font)              scaled to size 5.51999pt on input line 520.
 [9 <../Images/diagrama_base.png>]
Package hyperref Info: bookmark level for unknown lstlisting defaults to 0 on i
nput line 549.
LaTeX Font Info:    Font shape `T1/pcr/m/it' in size <10> not available
(Font)              Font shape `T1/pcr/m/sl' tried instead on input line 568.
 [10] [11]
<../Images/fetch_stage.png, id=599, 440.64626pt x 241.90375pt>
File: ../Images/fetch_stage.png Graphic file (type png)
<use ../Images/fetch_stage.png>
Package pdftex.def Info: ../Images/fetch_stage.png  used on input line 680.
(pdftex.def)             Requested size: 386.96027pt x 212.4404pt.
 [12] [13 <../Images/fetch_stage.png>]
<../Images/decode_stage.png, id=678, 440.64626pt x 469.755pt>
File: ../Images/decode_stage.png Graphic file (type png)
<use ../Images/decode_stage.png>
Package pdftex.def Info: ../Images/decode_stage.png  used on input line 760.
(pdftex.def)             Requested size: 386.96027pt x 412.53987pt.
 [14]
LaTeX Font Info:    Font shape `U/msa/m/n' will be
(Font)              scaled to size 11.40997pt on input line 772.
LaTeX Font Info:    Font shape `U/msa/m/n' will be
(Font)              scaled to size 8.33606pt on input line 772.
LaTeX Font Info:    Font shape `U/msb/m/n' will be
(Font)              scaled to size 11.40997pt on input line 772.
LaTeX Font Info:    Font shape `U/msb/m/n' will be
(Font)              scaled to size 8.33606pt on input line 772.
 [15 <../Images/decode_stage.png>]
Overfull \hbox (20.76053pt too wide) in paragraph at lines 825--826
[][][][] 
 []


Overfull \hbox (20.76053pt too wide) in paragraph at lines 827--829
[][][][] 
 []

[16]
Overfull \hbox (20.76053pt too wide) in paragraph at lines 847--848
[][][][] 
 []


Overfull \hbox (20.76053pt too wide) in paragraph at lines 849--851
[][][][] 
 []


Overfull \hbox (20.76053pt too wide) in paragraph at lines 855--856
[][][][] 
 []


Overfull \hbox (20.76053pt too wide) in paragraph at lines 857--859
[][][][] 
 []

[17]
<../Images/execute_stage.png, id=819, 525.965pt x 469.755pt>
File: ../Images/execute_stage.png Graphic file (type png)
<use ../Images/execute_stage.png>
Package pdftex.def Info: ../Images/execute_stage.png  used on input line 911.
(pdftex.def)             Requested size: 386.96027pt x 345.62059pt.
 [18] [19 <../Images/execute_stage.png>]
Overfull \hbox (20.76053pt too wide) in paragraph at lines 969--970
[][][][] 
 []


Overfull \hbox (20.76053pt too wide) in paragraph at lines 971--972
[][][][] 
 []


Overfull \hbox (20.76053pt too wide) in paragraph at lines 985--986
[][][][] 
 []

[20]
Overfull \hbox (20.76053pt too wide) in paragraph at lines 987--989
[][][][] 
 []

[21]
<../Images/memory_writeback_stage.png, id=982, 469.755pt x 469.755pt>
File: ../Images/memory_writeback_stage.png Graphic file (type png)
<use ../Images/memory_writeback_stage.png>
Package pdftex.def Info: ../Images/memory_writeback_stage.png  used on input li
ne 1083.
(pdftex.def)             Requested size: 386.96027pt x 386.95773pt.
 [22] [23 <../Images/memory_writeback_stage.png>]
Overfull \hbox (20.76053pt too wide) in paragraph at lines 1117--1118
[][][][] 
 []


Overfull \hbox (20.76053pt too wide) in paragraph at lines 1119--1120
[][][][] 
 []


Overfull \hbox (20.76053pt too wide) in paragraph at lines 1130--1131
[][][][] 
 []


Overfull \hbox (20.76053pt too wide) in paragraph at lines 1132--1134
[][][][] 
 []

[24]
Overfull \hbox (20.76053pt too wide) in paragraph at lines 1172--1173
[][][][] 
 []


Overfull \hbox (20.76053pt too wide) in paragraph at lines 1174--1175
[][][][] 
 []


Overfull \hbox (20.76053pt too wide) in paragraph at lines 1185--1186
[][][][] 
 []


Overfull \hbox (20.76053pt too wide) in paragraph at lines 1187--1189
[][][][] 
 []

[25]
<../Images/waves_isa.png, id=1138, 1715.40875pt x 228.855pt>
File: ../Images/waves_isa.png Graphic file (type png)
<use ../Images/waves_isa.png>
Package pdftex.def Info: ../Images/waves_isa.png  used on input line 1238.
(pdftex.def)             Requested size: 400.61703pt x 53.4457pt.
 [26 <../Images/waves_isa.png>] [27]
<../Images/waves_forwarding_NO_HAZARD.png, id=1170, 1716.4125pt x 275.0275pt>
File: ../Images/waves_forwarding_NO_HAZARD.png Graphic file (type png)
<use ../Images/waves_forwarding_NO_HAZARD.png>
Package pdftex.def Info: ../Images/waves_forwarding_NO_HAZARD.png  used on inpu
t line 1282.
(pdftex.def)             Requested size: 364.19667pt x 58.3534pt.
 [28 <../Images/waves_forwarding_NO_HAZARD.png>]
<../Images/waves_stalling_NO_HAZARD.png, id=1187, 1716.4125pt x 270.00874pt>
File: ../Images/waves_stalling_NO_HAZARD.png Graphic file (type png)
<use ../Images/waves_stalling_NO_HAZARD.png>
Package pdftex.def Info: ../Images/waves_stalling_NO_HAZARD.png  used on input 
line 1311.
(pdftex.def)             Requested size: 373.3035pt x 58.7223pt.

Overfull \hbox (1.65341pt too wide) in paragraph at lines 1320--1321
[]\T1/ppl/m/n/12 Sin la Ha-zard Unit, no se ge-ne-ran las se-ńa-les de de-ten-c
ión (\T1/pcr/m/n/12 StallF = 0\T1/ppl/m/n/12 , \T1/pcr/m/n/12 StallD
 []

[29 <../Images/waves_stalling_NO_HAZARD.png>]
<../Images/waves_flushing_NO_HAZARD.png, id=1207, 1716.4125pt x 255.95625pt>
File: ../Images/waves_flushing_NO_HAZARD.png Graphic file (type png)
<use ../Images/waves_flushing_NO_HAZARD.png>
Package pdftex.def Info: ../Images/waves_flushing_NO_HAZARD.png  used on input 
line 1342.
(pdftex.def)             Requested size: 382.40338pt x 57.02135pt.

Overfull \hbox (1.53017pt too wide) in paragraph at lines 1348--1349
\T1/ppl/m/n/12 de-tec-ta la igual-dad de los re-gis-tros y ac-ti-va la se-ńal d
e re-di-rec-ción del PC (\T1/pcr/m/n/12 PCSrcE
 []

[30 <../Images/waves_flushing_NO_HAZARD.png>] [31]
<../Images/diagrama_final.png, id=1240, 1479.5275pt x 711.65875pt>
File: ../Images/diagrama_final.png Graphic file (type png)
<use ../Images/diagrama_final.png>
Package pdftex.def Info: ../Images/diagrama_final.png  used on input line 1465.

(pdftex.def)             Requested size: 455.24411pt x 218.97221pt.
 [32] [33 <../Images/diagrama_final.png>]
<../Images/waves_forwarding.png, id=1264, 1714.405pt x 274.02374pt>
File: ../Images/waves_forwarding.png Graphic file (type png)
<use ../Images/waves_forwarding.png>
Package pdftex.def Info: ../Images/waves_forwarding.png  used on input line 149
7.
(pdftex.def)             Requested size: 409.71692pt x 65.4869pt.
<../Images/waves_stalling.png, id=1265, 1716.4125pt x 272.01625pt>
File: ../Images/waves_stalling.png Graphic file (type png)
<use ../Images/waves_stalling.png>
Package pdftex.def Info: ../Images/waves_stalling.png  used on input line 1517.

(pdftex.def)             Requested size: 418.82375pt x 66.3727pt.
 [34 <../Images/waves_forwarding.png>]
<../Images/waves_flushing.png, id=1283, 1716.4125pt x 248.93pt>
File: ../Images/waves_flushing.png Graphic file (type png)
<use ../Images/waves_flushing.png>
Package pdftex.def Info: ../Images/waves_flushing.png  used on input line 1538.

(pdftex.def)             Requested size: 391.51021pt x 56.7779pt.
 [35 <../Images/waves_stalling.png> <../Images/waves_flushing.png>] [36]
<../Images/waves_remaining_ops.png, id=1346, 1715.40875pt x 229.85875pt>
File: ../Images/waves_remaining_ops.png Graphic file (type png)
<use ../Images/waves_remaining_ops.png>
Package pdftex.def Info: ../Images/waves_remaining_ops.png  used on input line 
1594.
(pdftex.def)             Requested size: 432.48051pt x 57.94855pt.
LaTeX Font Info:    Trying to load font information for TS1+ppl on input line 1
602.

(/usr/local/texlive/2026basic/texmf-dist/tex/latex/psnfss/ts1ppl.fd
File: ts1ppl.fd 2001/06/04 font definitions for TS1/ppl.
) [37 <../Images/waves_remaining_ops.png>]
<../Images/Entrega2/diagrama_fetch_rvc.png, id=1354, 541.02126pt x 284.06125pt>

File: ../Images/Entrega2/diagrama_fetch_rvc.png Graphic file (type png)
<use ../Images/Entrega2/diagrama_fetch_rvc.png>
Package pdftex.def Info: ../Images/Entrega2/diagrama_fetch_rvc.png  used on inp
ut line 1627.
(pdftex.def)             Requested size: 432.48051pt x 227.08025pt.
 [38 <../Images/Entrega2/diagrama_fetch_rvc.png>] [39]
Overfull \hbox (20.76053pt too wide) in paragraph at lines 1674--1675
[][][][] 
 []


Overfull \hbox (20.76053pt too wide) in paragraph at lines 1676--1677
[][][][] 
 []


Overfull \hbox (20.76053pt too wide) in paragraph at lines 1694--1695
[][][][] 
 []


Overfull \hbox (20.76053pt too wide) in paragraph at lines 1696--1697
[][][][] 
 []

[40]
Overfull \hbox (20.76053pt too wide) in paragraph at lines 1715--1716
[][][][] 
 []


Overfull \hbox (20.76053pt too wide) in paragraph at lines 1717--1718
[][][][] 
 []


Overfull \hbox (14.76047pt too wide) in paragraph at lines 1723--1724
[][][][] 
 []


Overfull \hbox (14.76047pt too wide) in paragraph at lines 1725--1726
[][][][] 
 []


Overfull \hbox (14.76047pt too wide) in paragraph at lines 1733--1734
[][][][] 
 []


Overfull \hbox (14.76047pt too wide) in paragraph at lines 1735--1736
[][][][] 
 []

[41]
Overfull \hbox (14.76047pt too wide) in paragraph at lines 1762--1763
[][][][] 
 []


Overfull \hbox (14.76047pt too wide) in paragraph at lines 1764--1765
[][][][] 
 []

[42]
Overfull \hbox (15.92151pt too wide) in paragraph at lines 1793--1794
\T1/ppl/m/n/12 bits se for-ma com-bi-nan-do el bit de signo \T1/pcr/m/n/12 cins
tr[12] \T1/ppl/m/n/12 y los bits \T1/pcr/m/n/12 cinstr[6:2]\T1/ppl/m/n/12 ,
 []


Overfull \hbox (14.3386pt too wide) in paragraph at lines 1805--1806
\T1/ppl/m/n/12 com-ple-to de 5 bits pa-ra \T1/pcr/m/n/12 rd/rs1 \T1/ppl/m/n/12 
(\T1/pcr/m/n/12 cinstr[11:7]\T1/ppl/m/n/12 ) y pa-ra \T1/pcr/m/n/12 rs2 \T1/ppl
/m/n/12 (\T1/pcr/m/n/12 cinstr[6:2]\T1/ppl/m/n/12 ).
 []

[43] [44]
Overfull \hbox (1.20044pt too wide) in paragraph at lines 1851--1852
\T1/ppl/m/n/12 dos en re-gis-tros res-trin-gi-dos \T1/pcr/m/n/12 x8-x15\T1/ppl/
m/n/12 . La ins-truc-cion equi-va-len-te tie-ne funct7
 []


Overfull \hbox (2.91827pt too wide) in paragraph at lines 1862--1863
\T1/pcr/m/n/12 shamt \T1/ppl/m/n/12 es de 5 bits y se to-ma de \T1/pcr/m/n/12 c
instr[6:2]\T1/ppl/m/n/12 . En RV32C el bit \T1/pcr/m/n/12 cinstr[12]
 []

[45]
Overfull \hbox (34.44244pt too wide) in paragraph at lines 1885--1886
\T1/ppl/m/n/12 afec-ta-do es el res-trin-gi-do \T1/pcr/m/n/12 rd' \T1/ppl/m/n/1
2 (\T1/pcr/m/n/12 rdp_rs1p\T1/ppl/m/n/12 ). El \T1/pcr/m/n/12 shamt \T1/ppl/m/n
/12 es de 5 bits de \T1/pcr/m/n/12 cinstr[6:2]\T1/ppl/m/n/12 .
 []

[46]
<../Images/Entrega2/waves_rvc_basic/waves_rvc_basic.png, id=1569, 1365.1pt x 33
6.25626pt>
File: ../Images/Entrega2/waves_rvc_basic/waves_rvc_basic.png Graphic file (type
 png)
<use ../Images/Entrega2/waves_rvc_basic/waves_rvc_basic.png>
Package pdftex.def Info: ../Images/Entrega2/waves_rvc_basic/waves_rvc_basic.png
  used on input line 1976.
(pdftex.def)             Requested size: 432.48051pt x 106.52672pt.
 [47]
<../Images/Entrega2/waves_rvc_basic/waves_rvc_basic_e1.png, id=1603, 1064.97874
pt x 382.42876pt>
File: ../Images/Entrega2/waves_rvc_basic/waves_rvc_basic_e1.png Graphic file (t
ype png)
<use ../Images/Entrega2/waves_rvc_basic/waves_rvc_basic_e1.png>
Package pdftex.def Info: ../Images/Entrega2/waves_rvc_basic/waves_rvc_basic_e1.
png  used on input line 1983.
(pdftex.def)             Requested size: 432.48051pt x 155.2971pt.
<../Images/Entrega2/waves_rvc_basic/waves_rvc_basic_e2.png, id=1605, 1051.93pt 
x 372.39125pt>
File: ../Images/Entrega2/waves_rvc_basic/waves_rvc_basic_e2.png Graphic file (t
ype png)
<use ../Images/Entrega2/waves_rvc_basic/waves_rvc_basic_e2.png>
Package pdftex.def Info: ../Images/Entrega2/waves_rvc_basic/waves_rvc_basic_e2.
png  used on input line 1999.
(pdftex.def)             Requested size: 432.48051pt x 153.10188pt.
 [48 <../Images/Entrega2/waves_rvc_basic/waves_rvc_basic.png> <../Images/Entreg
a2/waves_rvc_basic/waves_rvc_basic_e1.png>]
Overfull \hbox (1.91656pt too wide) in paragraph at lines 2007--2008
[]\T1/ppl/m/n/12 Dado que \T1/pcr/m/n/12 PCF[1] = 0\T1/ppl/m/n/12 , la ins-truc
-ción ac-tual ali-nea-da a me-dia pa-la-bra es \T1/pcr/m/n/12 0x0415
 []

<../Images/Entrega2/waves_rvc_basic/waves_rvc_basic_e3.png, id=1615, 1067.99pt 
x 294.09875pt>
File: ../Images/Entrega2/waves_rvc_basic/waves_rvc_basic_e3.png Graphic file (t
ype png)
<use ../Images/Entrega2/waves_rvc_basic/waves_rvc_basic_e3.png>
Package pdftex.def Info: ../Images/Entrega2/waves_rvc_basic/waves_rvc_basic_e3.
png  used on input line 2014.
(pdftex.def)             Requested size: 432.48051pt x 119.09587pt.
[49 <../Images/Entrega2/waves_rvc_basic/waves_rvc_basic_e2.png> <../Images/Entr
ega2/waves_rvc_basic/waves_rvc_basic_e3.png>]
<../Images/Entrega2/waves_rvc_memory/waves_rvc_memory.png, id=1625, 1716.4125pt
 x 356.33125pt>
File: ../Images/Entrega2/waves_rvc_memory/waves_rvc_memory.png Graphic file (ty
pe png)
<use ../Images/Entrega2/waves_rvc_memory/waves_rvc_memory.png>
Package pdftex.def Info: ../Images/Entrega2/waves_rvc_memory/waves_rvc_memory.p
ng  used on input line 2048.
(pdftex.def)             Requested size: 432.48051pt x 89.78398pt.
<../Images/Entrega2/waves_rvc_memory/waves_rvc_memory_e1.png, id=1626, 1365.1pt
 x 351.3125pt>
File: ../Images/Entrega2/waves_rvc_memory/waves_rvc_memory_e1.png Graphic file 
(type png)
<use ../Images/Entrega2/waves_rvc_memory/waves_rvc_memory_e1.png>
Package pdftex.def Info: ../Images/Entrega2/waves_rvc_memory/waves_rvc_memory_e
1.png  used on input line 2055.
(pdftex.def)             Requested size: 432.48051pt x 111.29657pt.
 [50 <../Images/Entrega2/waves_rvc_memory/waves_rvc_memory.png> <../Images/Entr
ega2/waves_rvc_memory/waves_rvc_memory_e1.png>]
<../Images/Entrega2/waves_rvc_memory/waves_rvc_memory_e2.png, id=1642, 1337.998
75pt x 384.43625pt>
File: ../Images/Entrega2/waves_rvc_memory/waves_rvc_memory_e2.png Graphic file 
(type png)
<use ../Images/Entrega2/waves_rvc_memory/waves_rvc_memory_e2.png>
Package pdftex.def Info: ../Images/Entrega2/waves_rvc_memory/waves_rvc_memory_e
2.png  used on input line 2068.
(pdftex.def)             Requested size: 432.48051pt x 124.25984pt.

Overfull \hbox (1.28062pt too wide) in paragraph at lines 2073--2078
\T1/ppl/m/n/12 Cuando la ins-truc-ción de es-cri-tu-ra lle-ga a la eta-pa Me-mo
ry (\T1/pcr/m/n/12 InstrM = 0x00942223\T1/ppl/m/n/12 ),
 []

<../Images/Entrega2/waves_rvc_memory/waves_rvc_memory_e3.png, id=1644, 1283.796
25pt x 375.4025pt>
File: ../Images/Entrega2/waves_rvc_memory/waves_rvc_memory_e3.png Graphic file 
(type png)
<use ../Images/Entrega2/waves_rvc_memory/waves_rvc_memory_e3.png>
Package pdftex.def Info: ../Images/Entrega2/waves_rvc_memory/waves_rvc_memory_e
3.png  used on input line 2081.
(pdftex.def)             Requested size: 432.48051pt x 126.46088pt.
[51 <../Images/Entrega2/waves_rvc_memory/waves_rvc_memory_e2.png> <../Images/En
trega2/waves_rvc_memory/waves_rvc_memory_e3.png>]
<../Images/Entrega2/waves_rvc_memory/waves_rvc_memory_e4.png, id=1655, 1298.852
5pt x 248.93pt>
File: ../Images/Entrega2/waves_rvc_memory/waves_rvc_memory_e4.png Graphic file 
(type png)
<use ../Images/Entrega2/waves_rvc_memory/waves_rvc_memory_e4.png>
Package pdftex.def Info: ../Images/Entrega2/waves_rvc_memory/waves_rvc_memory_e
4.png  used on input line 2094.
(pdftex.def)             Requested size: 432.48051pt x 82.88403pt.

Overfull \hbox (21.10411pt too wide) in paragraph at lines 2099--2105
\T1/ppl/m/n/12 Cuando la ins-truc-ción de car-ga lle-ga a la eta-pa Wri-te-back
 (WB) (\T1/pcr/m/n/12 InstrW = 0x00442503\T1/ppl/m/n/12 ),
 []

<../Images/Entrega2/waves_rvc_branches/waves_rvc_branches.png, id=1657, 1361.08
5pt x 413.545pt>
File: ../Images/Entrega2/waves_rvc_branches/waves_rvc_branches.png Graphic file
 (type png)
<use ../Images/Entrega2/waves_rvc_branches/waves_rvc_branches.png>
Package pdftex.def Info: ../Images/Entrega2/waves_rvc_branches/waves_rvc_branch
es.png  used on input line 2125.
(pdftex.def)             Requested size: 432.48051pt x 131.40318pt.
[52 <../Images/Entrega2/waves_rvc_memory/waves_rvc_memory_e4.png>]
<../Images/Entrega2/waves_rvc_branches/waves_rvc_branches_e1.png.png, id=1671, 
1024.82875pt x 402.50375pt>
File: ../Images/Entrega2/waves_rvc_branches/waves_rvc_branches_e1.png.png Graph
ic file (type png)
<use ../Images/Entrega2/waves_rvc_branches/waves_rvc_branches_e1.png.png>
Package pdftex.def Info: ../Images/Entrega2/waves_rvc_branches/waves_rvc_branch
es_e1.png.png  used on input line 2132.
(pdftex.def)             Requested size: 432.48051pt x 169.85498pt.
<../Images/Entrega2/waves_rvc_branches/waves_rvc_branches_e2.png.png, id=1673, 
1270.7475pt x 393.47pt>
File: ../Images/Entrega2/waves_rvc_branches/waves_rvc_branches_e2.png.png Graph
ic file (type png)
<use ../Images/Entrega2/waves_rvc_branches/waves_rvc_branches_e2.png.png>
Package pdftex.def Info: ../Images/Entrega2/waves_rvc_branches/waves_rvc_branch
es_e2.png.png  used on input line 2146.
(pdftex.def)             Requested size: 432.48051pt x 133.91011pt.
 [53 <../Images/Entrega2/waves_rvc_branches/waves_rvc_branches.png> <../Images/
Entrega2/waves_rvc_branches/waves_rvc_branches_e1.png.png> <../Images/Entrega2/
waves_rvc_branches/waves_rvc_branches_e2.png.png>]
<../Images/Entrega2/waves_rvc_branches/waves_rvc_branches_e3.png, id=1686, 2376
.88pt x 834.11626pt>
File: ../Images/Entrega2/waves_rvc_branches/waves_rvc_branches_e3.png Graphic f
ile (type png)
<use ../Images/Entrega2/waves_rvc_branches/waves_rvc_branches_e3.png>
Package pdftex.def Info: ../Images/Entrega2/waves_rvc_branches/waves_rvc_branch
es_e3.png  used on input line 2160.
(pdftex.def)             Requested size: 432.48051pt x 151.76358pt.

Overfull \hbox (9.36928pt too wide) in paragraph at lines 2165--2171
\T1/ppl/m/n/12 *Qué de-cir en tu in-for-me:* Cuan-do el sal-to es to-ma-do (\T1
/pcr/m/n/12 PCSrcE = 1\T1/ppl/m/n/12 ), las se-ńa-les \T1/pcr/m/n/12 FlushD
 []

<../Images/Entrega2/waves_rvc_branches/waves_rvc_branches_e4.png, id=1688, 1377
.145pt x 145.54375pt>
File: ../Images/Entrega2/waves_rvc_branches/waves_rvc_branches_e4.png Graphic f
ile (type png)
<use ../Images/Entrega2/waves_rvc_branches/waves_rvc_branches_e4.png>
Package pdftex.def Info: ../Images/Entrega2/waves_rvc_branches/waves_rvc_branch
es_e4.png  used on input line 2174.
(pdftex.def)             Requested size: 432.48051pt x 45.7066pt.
[54 <../Images/Entrega2/waves_rvc_branches/waves_rvc_branches_e3.png> <../Image
s/Entrega2/waves_rvc_branches/waves_rvc_branches_e4.png>]
<../Images/Entrega2/waves_rvc_remaining/waves_rvc_remaining.png, id=1698, 1710.
39pt x 590.205pt>
File: ../Images/Entrega2/waves_rvc_remaining/waves_rvc_remaining.png Graphic fi
le (type png)
<use ../Images/Entrega2/waves_rvc_remaining/waves_rvc_remaining.png>
Package pdftex.def Info: ../Images/Entrega2/waves_rvc_remaining/waves_rvc_remai
ning.png  used on input line 2228.
(pdftex.def)             Requested size: 432.48051pt x 149.23497pt.
 [55 <../Images/Entrega2/waves_rvc_remaining/waves_rvc_remaining.png>]
Overfull \hbox (28.20854pt too wide) in paragraph at lines 2249--2250
\T1/pcr/m/n/12 0x24\T1/ppl/m/n/12 ) en la eta-pa Execu-te (ci-clo 21), la ALU c
al-cu-la el des-tino re-la-ti-vo \T1/pcr/m/n/12 PCTargetE
 []


Overfull \hbox (48.59995pt too wide) in paragraph at lines 2251--2252
[]\T1/ppl/b/n/12 Salto In-di-rec-to con En-la-ce (\T1/pcr/b/n/12 c.jalr\T1/ppl/
b/n/12 ): \T1/ppl/m/n/12 Se car-ga la di-rec-ción ab-so-lu-ta de \T1/pcr/m/n/12
 target_jalr
 []

[56] [57] [58]
Overfull \hbox (22.28165pt too wide) in paragraph at lines 2312--2313
\T1/ppl/m/n/12 el mó-du-lo \T1/pcr/m/n/12 fetch.v\T1/ppl/m/n/12 , ig-no-ran-do 
el va-lor de la ban-de-ra de des-com-pre-sión \T1/pcr/m/n/12 is_compressed\T1/p
pl/m/n/12 . 
 []

[59]
<../Images/Entrega2/comparative/good_e1.png, id=1764, 1043.9pt x 374.39874pt>
File: ../Images/Entrega2/comparative/good_e1.png Graphic file (type png)
<use ../Images/Entrega2/comparative/good_e1.png>
Package pdftex.def Info: ../Images/Entrega2/comparative/good_e1.png  used on in
put line 2367.
(pdftex.def)             Requested size: 218.51521pt x 78.36897pt.
<../Images/Entrega2/comparative/bad_e1.png, id=1765, 948.54375pt x 372.39125pt>

File: ../Images/Entrega2/comparative/bad_e1.png Graphic file (type png)
<use ../Images/Entrega2/comparative/bad_e1.png>
Package pdftex.def Info: ../Images/Entrega2/comparative/bad_e1.png  used on inp
ut line 2374.
(pdftex.def)             Requested size: 218.51521pt x 85.78455pt.
<../Images/Entrega2/comparative/good_e3.png, id=1770, 860.21375pt x 255.95625pt
>
File: ../Images/Entrega2/comparative/good_e3.png Graphic file (type png)
<use ../Images/Entrega2/comparative/good_e3.png>
Package pdftex.def Info: ../Images/Entrega2/comparative/good_e3.png  used on in
put line 2388.
(pdftex.def)             Requested size: 218.51521pt x 65.01607pt.
<../Images/Entrega2/comparative/bad_e3.png, id=1771, 934.49126pt x 201.75375pt>

File: ../Images/Entrega2/comparative/bad_e3.png Graphic file (type png)
<use ../Images/Entrega2/comparative/bad_e3.png>
Package pdftex.def Info: ../Images/Entrega2/comparative/bad_e3.png  used on inp
ut line 2395.
(pdftex.def)             Requested size: 218.51521pt x 47.17508pt.
 [60 <../Images/Entrega2/comparative/good_e1.png> <../Images/Entrega2/comparati
ve/bad_e1.png> <../Images/Entrega2/comparative/good_e3.png> <../Images/Entrega2
/comparative/bad_e3.png>]
<../Images/Entrega2/comparative/good_e2.png, id=1789, 1032.85875pt x 365.365pt>

File: ../Images/Entrega2/comparative/good_e2.png Graphic file (type png)
<use ../Images/Entrega2/comparative/good_e2.png>
Package pdftex.def Info: ../Images/Entrega2/comparative/good_e2.png  used on in
put line 2409.
(pdftex.def)             Requested size: 218.51521pt x 77.29756pt.
<../Images/Entrega2/comparative/bad_e2.png, id=1790, 1048.91875pt x 368.37625pt
>
File: ../Images/Entrega2/comparative/bad_e2.png Graphic file (type png)
<use ../Images/Entrega2/comparative/bad_e2.png>
Package pdftex.def Info: ../Images/Entrega2/comparative/bad_e2.png  used on inp
ut line 2416.
(pdftex.def)             Requested size: 218.51521pt x 76.73737pt.
 [61 <../Images/Entrega2/comparative/good_e2.png> <../Images/Entrega2/comparati
ve/bad_e2.png>] [62] [63] [64] [65]
Overfull \hbox (32.76065pt too wide) in paragraph at lines 2671--2672
[][] 
 []


Overfull \hbox (32.76065pt too wide) in paragraph at lines 2674--2675
[][] 
 []

[66]
Overfull \hbox (32.76065pt too wide) in paragraph at lines 2722--2723
[][] 
 []


Overfull \hbox (32.76065pt too wide) in paragraph at lines 2725--2726
[][] 
 []

[67]
Overfull \hbox (18.67924pt too wide) in paragraph at lines 2771--2772
\T1/ppl/m/n/12 29 ins-truc-cio-nes de 32 bits (116 by-tes), mien-tras que la ve
r-sión RVC (\T1/pcr/m/n/12 matmul_rvc.s\T1/ppl/m/n/12 )
 []

[68]
<../Images/Entrega3/waves_rvc_e3_mem/waves_rvc_e3_mem_c1.png, id=2021, 745.7862
5pt x 342.27875pt>
File: ../Images/Entrega3/waves_rvc_e3_mem/waves_rvc_e3_mem_c1.png Graphic file 
(type png)
<use ../Images/Entrega3/waves_rvc_e3_mem/waves_rvc_e3_mem_c1.png>
Package pdftex.def Info: ../Images/Entrega3/waves_rvc_e3_mem/waves_rvc_e3_mem_c
1.png  used on input line 2783.
(pdftex.def)             Requested size: 432.48051pt x 198.48524pt.
<../Images/Entrega3/waves_rvc_e3_mem/waves_rvc_e3_mem_c2.png, id=2022, 674.52pt
 x 290.08376pt>
File: ../Images/Entrega3/waves_rvc_e3_mem/waves_rvc_e3_mem_c2.png Graphic file 
(type png)
<use ../Images/Entrega3/waves_rvc_e3_mem/waves_rvc_e3_mem_c2.png>
Package pdftex.def Info: ../Images/Entrega3/waves_rvc_e3_mem/waves_rvc_e3_mem_c
2.png  used on input line 2790.
(pdftex.def)             Requested size: 432.48051pt x 185.99379pt.
 [69 <../Images/Entrega3/waves_rvc_e3_mem/waves_rvc_e3_mem_c1.png> <../Images/E
ntrega3/waves_rvc_e3_mem/waves_rvc_e3_mem_c2.png>]
<../Images/Entrega3/waves_rvc_e3_mem/waves_rvc_e3_mem_c3.png, id=2033, 1039.885
pt x 293.095pt>
File: ../Images/Entrega3/waves_rvc_e3_mem/waves_rvc_e3_mem_c3.png Graphic file 
(type png)
<use ../Images/Entrega3/waves_rvc_e3_mem/waves_rvc_e3_mem_c3.png>
Package pdftex.def Info: ../Images/Entrega3/waves_rvc_e3_mem/waves_rvc_e3_mem_c
3.png  used on input line 2817.
(pdftex.def)             Requested size: 432.48051pt x 121.89601pt.
 [70 <../Images/Entrega3/waves_rvc_e3_mem/waves_rvc_e3_mem_c3.png>]
<../Images/Entrega3/waves_rvc_e3_control/waves_rvc_e3_control_c1.png, id=2041, 
839.135pt x 330.23375pt>
File: ../Images/Entrega3/waves_rvc_e3_control/waves_rvc_e3_control_c1.png Graph
ic file (type png)
<use ../Images/Entrega3/waves_rvc_e3_control/waves_rvc_e3_control_c1.png>
Package pdftex.def Info: ../Images/Entrega3/waves_rvc_e3_control/waves_rvc_e3_c
ontrol_c1.png  used on input line 2837.
(pdftex.def)             Requested size: 432.48051pt x 170.19572pt.
<../Images/Entrega3/waves_rvc_e3_control/waves_rvc_e3_control_c2.png, id=2043, 
540.0175pt x 234.8775pt>
File: ../Images/Entrega3/waves_rvc_e3_control/waves_rvc_e3_control_c2.png Graph
ic file (type png)
<use ../Images/Entrega3/waves_rvc_e3_control/waves_rvc_e3_control_c2.png>
Package pdftex.def Info: ../Images/Entrega3/waves_rvc_e3_control/waves_rvc_e3_c
ontrol_c2.png  used on input line 2856.
(pdftex.def)             Requested size: 432.48051pt x 188.11012pt.
 [71 <../Images/Entrega3/waves_rvc_e3_control/waves_rvc_e3_control_c1.png>]
<../Images/Entrega3/waves_rvc_e3_control/waves_rvc_e3_control_c3.png, id=2052, 
1242.6425pt x 327.2225pt>
File: ../Images/Entrega3/waves_rvc_e3_control/waves_rvc_e3_control_c3.png Graph
ic file (type png)
<use ../Images/Entrega3/waves_rvc_e3_control/waves_rvc_e3_control_c3.png>
Package pdftex.def Info: ../Images/Entrega3/waves_rvc_e3_control/waves_rvc_e3_c
ontrol_c3.png  used on input line 2872.
(pdftex.def)             Requested size: 432.48051pt x 113.88548pt.

Overfull \hbox (29.20425pt too wide) in paragraph at lines 2883--2884
[]\T1/ppl/m/n/12 Enmarca la es-cri-tu-ra fi-nal en la di-rec-ción \T1/pcr/m/n/1
2 200 \T1/ppl/m/n/12 de me-mo-ria, don-de la se-ńal \T1/pcr/m/n/12 ALUResultE
 []

[72 <../Images/Entrega3/waves_rvc_e3_control/waves_rvc_e3_control_c2.png> <../I
mages/Entrega3/waves_rvc_e3_control/waves_rvc_e3_control_c3.png>] [73] [74]
[75] (./informe_pipeline.aux
LaTeX Info: Redefining \. on input line 11.
LaTeX Info: Redefining \% on input line 11.
)
 ***********
LaTeX2e <2025-11-01>
L3 programming layer <2026-01-19>
 ***********
Package rerunfilecheck Info: File `informe_pipeline.out' has not changed.
(rerunfilecheck)             Checksum: 24F20929722B969EEF51C9A450791CD3;23685.
 ) 
Here is how much of TeX's memory you used:
 29057 strings out of 468658
 532142 string characters out of 5439871
 1830492 words of memory out of 5000000
 55968 multiletter control sequences out of 15000+600000
 710967 words of font info for 174 fonts, out of 8000000 for 9000
 430 hyphenation exceptions out of 8191
 84i,13n,94p,1145b,2309s stack positions out of 10000i,1000n,20000p,200000b,200000s
</usr/local/texlive/2026basic/texmf-dist/fonts/type1/public/amsfonts/cm/cmr10
.pfb></usr/local/texlive/2026basic/texmf-dist/fonts/type1/public/amsfonts/cm/cm
sy10.pfb></usr/local/texlive/2026basic/texmf-dist/fonts/type1/urw/courier/ucrb8
a.pfb></usr/local/texlive/2026basic/texmf-dist/fonts/type1/urw/courier/ucrr8a.p
fb></usr/local/texlive/2026basic/texmf-dist/fonts/type1/urw/courier/ucrro8a.pfb
></usr/local/texlive/2026basic/texmf-dist/fonts/type1/urw/helvetic/uhvb8a.pfb><
/usr/local/texlive/2026basic/texmf-dist/fonts/type1/urw/helvetic/uhvr8a.pfb></u
sr/local/texlive/2026basic/texmf-dist/fonts/type1/urw/palatino/uplb8a.pfb></usr
/local/texlive/2026basic/texmf-dist/fonts/type1/urw/palatino/uplr8a.pfb></usr/l
ocal/texlive/2026basic/texmf-dist/fonts/type1/urw/palatino/uplri8a.pfb>
Output written on informe_pipeline.pdf (77 pages, 7458469 bytes).
PDF statistics:
 2408 PDF objects out of 2487 (max. 8388607)
 2201 compressed objects within 23 object streams
 1343 named destinations out of 1440 (max. 500000)
 908 words of extra memory for PDF output out of 10000 (max. 10000000)

